01:22:58 [ultranest] [DEBUG] ReactiveNestedSampler: dims=3+0, resume=False, log_dir=logs_animal_0/run1, backend=hdf5, vectorized=True, nbootstraps=30, ndraw=128..65536
01:22:59 [ultranest] [INFO] Sampling 400 live points from prior ...
01:23:25 [ultranest] [DEBUG] run_iter dlogz=0.5, dKL=0.5, frac_remain=0.01, Lepsilon=0.0010, min_ess=400
01:23:25 [ultranest] [DEBUG] max_iters=-1, max_ncalls=-1, max_num_improvement_loops=3, min_num_live_points=400, cluster_num_live_points=40
01:23:25 [ultranest] [DEBUG] minimal_widths_sequence: [(-inf, 400.0), (inf, 400.0)]
01:23:34 [ultranest] [DEBUG] iteration=0, ncalls=528, regioncalls=128, ndraw=128, logz=-inf, remainder_fraction=100.0000%, Lmin=-1107704.20, Lmax=-10000.00
01:23:34 [ultranest] [DEBUG] iteration=40, ncalls=528, regioncalls=128, ndraw=128, logz=-293996.75, remainder_fraction=100.0000%, Lmin=-292792.00, Lmax=-10000.00
01:23:35 [ultranest] [DEBUG] iteration=80, ncalls=528, regioncalls=128, ndraw=128, logz=-250006.53, remainder_fraction=100.0000%, Lmin=-249276.35, Lmax=-10000.00
01:23:42 [ultranest] [DEBUG] iteration=116, ncalls=653, regioncalls=256, ndraw=128, logz=-217539.11, remainder_fraction=100.0000%, Lmin=-217007.25, Lmax=-10000.00
01:23:42 [ultranest] [DEBUG] iteration=120, ncalls=653, regioncalls=256, ndraw=128, logz=-215430.04, remainder_fraction=100.0000%, Lmin=-213561.87, Lmax=-10000.00
01:23:42 [ultranest] [DEBUG] iteration=160, ncalls=653, regioncalls=256, ndraw=128, logz=-192451.88, remainder_fraction=100.0000%, Lmin=-192273.67, Lmax=-10000.00
01:23:42 [ultranest] [DEBUG] clustering found some stray points [need_accept=False] (array([1, 2, 3]), array([396,   1,   3]))
01:23:48 [ultranest] [DEBUG] iteration=198, ncalls=771, regioncalls=384, ndraw=128, logz=-177920.36, remainder_fraction=100.0000%, Lmin=-177634.48, Lmax=-10000.00
01:23:48 [ultranest] [DEBUG] iteration=200, ncalls=771, regioncalls=384, ndraw=128, logz=-177542.98, remainder_fraction=100.0000%, Lmin=-177433.36, Lmax=-10000.00
01:23:48 [ultranest] [DEBUG] iteration=240, ncalls=771, regioncalls=384, ndraw=128, logz=-167427.20, remainder_fraction=100.0000%, Lmin=-167286.85, Lmax=-10000.00
01:23:48 [ultranest] [DEBUG] clustering found some stray points [need_accept=False] (array([1, 2, 3]), array([393,   1,   6]))
01:23:55 [ultranest] [DEBUG] iteration=275, ncalls=884, regioncalls=512, ndraw=128, logz=-160026.16, remainder_fraction=100.0000%, Lmin=-159977.89, Lmax=-10000.00
01:23:55 [ultranest] [DEBUG] iteration=280, ncalls=884, regioncalls=512, ndraw=128, logz=-159450.51, remainder_fraction=100.0000%, Lmin=-159284.53, Lmax=-10000.00
01:23:55 [ultranest] [DEBUG] iteration=320, ncalls=884, regioncalls=512, ndraw=128, logz=-152629.76, remainder_fraction=100.0000%, Lmin=-152613.52, Lmax=-10000.00
01:24:02 [ultranest] [DEBUG] iteration=331, ncalls=987, regioncalls=640, ndraw=128, logz=-151503.49, remainder_fraction=100.0000%, Lmin=-151480.78, Lmax=-10000.00
01:24:02 [ultranest] [DEBUG] clustering found some stray points [need_accept=False] (array([1, 2, 3]), array([393,   1,   6]))
01:24:02 [ultranest] [DEBUG] iteration=360, ncalls=987, regioncalls=640, ndraw=128, logz=-148219.57, remainder_fraction=100.0000%, Lmin=-148157.01, Lmax=-10000.00
01:24:10 [ultranest] [DEBUG] iteration=387, ncalls=1090, regioncalls=768, ndraw=128, logz=-144761.13, remainder_fraction=100.0000%, Lmin=-144753.06, Lmax=-10000.00
01:24:10 [ultranest] [DEBUG] iteration=400, ncalls=1090, regioncalls=768, ndraw=128, logz=-144049.79, remainder_fraction=100.0000%, Lmin=-143924.40, Lmax=-10000.00
01:24:13 [ultranest] [DEBUG] iteration=438, ncalls=1186, regioncalls=896, ndraw=128, logz=-140458.38, remainder_fraction=100.0000%, Lmin=-140368.07, Lmax=-10000.00
01:24:13 [ultranest] [DEBUG] iteration=440, ncalls=1186, regioncalls=896, ndraw=128, logz=-140269.88, remainder_fraction=100.0000%, Lmin=-140208.91, Lmax=-10000.00
01:24:13 [ultranest] [DEBUG] clustering found some stray points [need_accept=False] (array([1, 2, 3]), array([392,   1,   7]))
01:24:13 [ultranest] [DEBUG] iteration=480, ncalls=1186, regioncalls=896, ndraw=128, logz=-137784.30, remainder_fraction=100.0000%, Lmin=-137721.22, Lmax=-10000.00
01:24:19 [ultranest] [DEBUG] iteration=484, ncalls=1277, regioncalls=1024, ndraw=128, logz=-137417.82, remainder_fraction=100.0000%, Lmin=-137246.30, Lmax=-10000.00
01:24:23 [ultranest] [DEBUG] iteration=518, ncalls=1362, regioncalls=1152, ndraw=128, logz=-135196.21, remainder_fraction=100.0000%, Lmin=-135181.45, Lmax=-10000.00
01:24:23 [ultranest] [DEBUG] iteration=520, ncalls=1362, regioncalls=1152, ndraw=128, logz=-135171.91, remainder_fraction=100.0000%, Lmin=-135144.26, Lmax=-10000.00
01:24:23 [ultranest] [DEBUG] clustering found some stray points [need_accept=False] (array([1, 2, 3]), array([392,   1,   7]))
01:24:28 [ultranest] [DEBUG] iteration=553, ncalls=1444, regioncalls=1280, ndraw=128, logz=-133110.32, remainder_fraction=100.0000%, Lmin=-133014.05, Lmax=-10000.00
01:24:28 [ultranest] [DEBUG] iteration=560, ncalls=1444, regioncalls=1280, ndraw=128, logz=-132766.32, remainder_fraction=100.0000%, Lmin=-132731.04, Lmax=-10000.00
01:24:31 [ultranest] [DEBUG] iteration=574, ncalls=1531, regioncalls=1408, ndraw=128, logz=-132160.94, remainder_fraction=100.0000%, Lmin=-132140.32, Lmax=-10000.00
01:24:31 [ultranest] [DEBUG] iteration=600, ncalls=1531, regioncalls=1408, ndraw=128, logz=-131140.41, remainder_fraction=100.0000%, Lmin=-131102.53, Lmax=-10000.00
01:24:34 [ultranest] [DEBUG] iteration=607, ncalls=1624, regioncalls=1536, ndraw=128, logz=-130960.80, remainder_fraction=100.0000%, Lmin=-130911.78, Lmax=-10000.00
01:24:34 [ultranest] [DEBUG] clustering found some stray points [need_accept=False] (array([1, 2, 3]), array([392,   1,   7]))
01:24:38 [ultranest] [DEBUG] iteration=633, ncalls=1708, regioncalls=1664, ndraw=128, logz=-129813.80, remainder_fraction=100.0000%, Lmin=-129790.14, Lmax=-10000.00
01:24:38 [ultranest] [DEBUG] iteration=640, ncalls=1708, regioncalls=1664, ndraw=128, logz=-129545.60, remainder_fraction=100.0000%, Lmin=-129532.98, Lmax=-10000.00
01:24:43 [ultranest] [DEBUG] iteration=662, ncalls=1788, regioncalls=1792, ndraw=128, logz=-128771.70, remainder_fraction=100.0000%, Lmin=-128763.24, Lmax=-10000.00
01:24:46 [ultranest] [DEBUG] iteration=679, ncalls=1860, regioncalls=1920, ndraw=128, logz=-128368.15, remainder_fraction=100.0000%, Lmin=-128324.59, Lmax=-10000.00
01:24:46 [ultranest] [DEBUG] iteration=680, ncalls=1860, regioncalls=1920, ndraw=128, logz=-128332.28, remainder_fraction=100.0000%, Lmin=-128316.05, Lmax=-10000.00
01:24:51 [ultranest] [DEBUG] iteration=708, ncalls=1942, regioncalls=2048, ndraw=128, logz=-127513.33, remainder_fraction=100.0000%, Lmin=-127457.39, Lmax=-10000.00
01:24:51 [ultranest] [DEBUG] iteration=720, ncalls=1942, regioncalls=2048, ndraw=128, logz=-127194.64, remainder_fraction=100.0000%, Lmin=-127181.80, Lmax=-10000.00
01:24:54 [ultranest] [DEBUG] iteration=732, ncalls=2024, regioncalls=2176, ndraw=128, logz=-126996.08, remainder_fraction=100.0000%, Lmin=-126984.19, Lmax=-10000.00
01:24:59 [ultranest] [DEBUG] iteration=757, ncalls=2106, regioncalls=2304, ndraw=128, logz=-126484.08, remainder_fraction=100.0000%, Lmin=-126451.09, Lmax=-10000.00
01:24:59 [ultranest] [DEBUG] iteration=760, ncalls=2106, regioncalls=2304, ndraw=128, logz=-126439.98, remainder_fraction=100.0000%, Lmin=-126422.17, Lmax=-10000.00
01:25:04 [ultranest] [DEBUG] iteration=782, ncalls=2180, regioncalls=2432, ndraw=128, logz=-125905.37, remainder_fraction=100.0000%, Lmin=-125895.95, Lmax=-10000.00
01:25:08 [ultranest] [DEBUG] iteration=799, ncalls=2261, regioncalls=2560, ndraw=128, logz=-125753.81, remainder_fraction=100.0000%, Lmin=-125739.76, Lmax=-10000.00
01:25:08 [ultranest] [DEBUG] iteration=800, ncalls=2261, regioncalls=2560, ndraw=128, logz=-125747.74, remainder_fraction=100.0000%, Lmin=-125738.40, Lmax=-10000.00
01:25:12 [ultranest] [DEBUG] iteration=813, ncalls=2325, regioncalls=2688, ndraw=128, logz=-125498.54, remainder_fraction=100.0000%, Lmin=-125487.52, Lmax=-10000.00
01:25:16 [ultranest] [DEBUG] iteration=827, ncalls=2395, regioncalls=2816, ndraw=128, logz=-125279.80, remainder_fraction=100.0000%, Lmin=-125255.26, Lmax=-10000.00
01:25:16 [ultranest] [DEBUG] iteration=840, ncalls=2395, regioncalls=2816, ndraw=128, logz=-125075.75, remainder_fraction=100.0000%, Lmin=-125065.06, Lmax=-10000.00
01:25:20 [ultranest] [DEBUG] iteration=844, ncalls=2474, regioncalls=2944, ndraw=128, logz=-125024.44, remainder_fraction=100.0000%, Lmin=-124992.92, Lmax=-10000.00
01:25:22 [ultranest] [DEBUG] iteration=858, ncalls=2550, regioncalls=3072, ndraw=128, logz=-124832.77, remainder_fraction=100.0000%, Lmin=-124812.11, Lmax=-10000.00
01:25:26 [ultranest] [DEBUG] iteration=866, ncalls=2623, regioncalls=3200, ndraw=128, logz=-124775.26, remainder_fraction=100.0000%, Lmin=-124747.43, Lmax=-10000.00
01:25:31 [ultranest] [DEBUG] iteration=877, ncalls=2693, regioncalls=3328, ndraw=128, logz=-124669.28, remainder_fraction=100.0000%, Lmin=-124638.19, Lmax=-10000.00
01:25:31 [ultranest] [DEBUG] iteration=880, ncalls=2693, regioncalls=3328, ndraw=128, logz=-124621.74, remainder_fraction=100.0000%, Lmin=-124613.48, Lmax=-10000.00
01:25:37 [ultranest] [DEBUG] iteration=891, ncalls=2771, regioncalls=3456, ndraw=128, logz=-124511.58, remainder_fraction=100.0000%, Lmin=-124491.40, Lmax=-10000.00
01:25:40 [ultranest] [DEBUG] iteration=911, ncalls=2842, regioncalls=3584, ndraw=128, logz=-124278.17, remainder_fraction=100.0000%, Lmin=-124258.26, Lmax=-10000.00
01:25:42 [ultranest] [DEBUG] iteration=920, ncalls=2907, regioncalls=3712, ndraw=128, logz=-124168.15, remainder_fraction=100.0000%, Lmin=-124152.62, Lmax=-10000.00
01:25:46 [ultranest] [DEBUG] iteration=929, ncalls=2973, regioncalls=3840, ndraw=128, logz=-124094.41, remainder_fraction=100.0000%, Lmin=-124065.71, Lmax=-10000.00
01:25:49 [ultranest] [DEBUG] iteration=940, ncalls=3046, regioncalls=3968, ndraw=128, logz=-124014.35, remainder_fraction=100.0000%, Lmin=-123993.27, Lmax=-10000.00
01:25:52 [ultranest] [DEBUG] iteration=952, ncalls=3125, regioncalls=4096, ndraw=128, logz=-123898.58, remainder_fraction=100.0000%, Lmin=-123878.91, Lmax=-10000.00
01:25:52 [ultranest] [DEBUG] iteration=960, ncalls=3125, regioncalls=4096, ndraw=128, logz=-123828.32, remainder_fraction=100.0000%, Lmin=-123817.84, Lmax=-10000.00
01:25:57 [ultranest] [DEBUG] iteration=969, ncalls=3200, regioncalls=4224, ndraw=128, logz=-123761.94, remainder_fraction=100.0000%, Lmin=-123732.05, Lmax=-10000.00
01:26:00 [ultranest] [DEBUG] iteration=982, ncalls=3273, regioncalls=4352, ndraw=128, logz=-123592.75, remainder_fraction=100.0000%, Lmin=-123567.48, Lmax=-10000.00
01:26:04 [ultranest] [DEBUG] iteration=993, ncalls=3342, regioncalls=4480, ndraw=128, logz=-123517.22, remainder_fraction=100.0000%, Lmin=-123502.10, Lmax=-10000.00
01:26:04 [ultranest] [DEBUG] iteration=1000, ncalls=3342, regioncalls=4480, ndraw=128, logz=-123466.58, remainder_fraction=100.0000%, Lmin=-123449.29, Lmax=-10000.00
01:26:09 [ultranest] [DEBUG] iteration=1008, ncalls=3412, regioncalls=4608, ndraw=128, logz=-123398.32, remainder_fraction=100.0000%, Lmin=-123388.38, Lmax=-10000.00
01:26:14 [ultranest] [DEBUG] iteration=1014, ncalls=3490, regioncalls=4736, ndraw=128, logz=-123381.11, remainder_fraction=100.0000%, Lmin=-123369.76, Lmax=-10000.00
01:26:22 [ultranest] [DEBUG] iteration=1029, ncalls=3574, regioncalls=4864, ndraw=128, logz=-123303.02, remainder_fraction=100.0000%, Lmin=-123283.81, Lmax=-10000.00
01:26:22 [ultranest] [DEBUG] iteration=1040, ncalls=3574, regioncalls=4864, ndraw=128, logz=-123186.39, remainder_fraction=100.0000%, Lmin=-123171.44, Lmax=-10000.00
01:26:26 [ultranest] [DEBUG] iteration=1043, ncalls=3640, regioncalls=4992, ndraw=128, logz=-123165.45, remainder_fraction=100.0000%, Lmin=-123149.77, Lmax=-10000.00
01:26:31 [ultranest] [DEBUG] iteration=1054, ncalls=3706, regioncalls=5120, ndraw=128, logz=-123090.45, remainder_fraction=100.0000%, Lmin=-123080.75, Lmax=-10000.00
01:26:35 [ultranest] [DEBUG] iteration=1064, ncalls=3782, regioncalls=5248, ndraw=128, logz=-123033.75, remainder_fraction=100.0000%, Lmin=-123022.49, Lmax=-10000.00
01:26:38 [ultranest] [DEBUG] iteration=1075, ncalls=3839, regioncalls=5376, ndraw=128, logz=-122955.23, remainder_fraction=100.0000%, Lmin=-122943.71, Lmax=-10000.00
01:26:38 [ultranest] [DEBUG] iteration=1080, ncalls=3839, regioncalls=5376, ndraw=128, logz=-122923.04, remainder_fraction=100.0000%, Lmin=-122913.10, Lmax=-10000.00
01:26:41 [ultranest] [DEBUG] iteration=1087, ncalls=3910, regioncalls=5504, ndraw=128, logz=-122894.30, remainder_fraction=100.0000%, Lmin=-122885.80, Lmax=-10000.00
01:26:45 [ultranest] [DEBUG] iteration=1105, ncalls=3976, regioncalls=5632, ndraw=128, logz=-122816.46, remainder_fraction=100.0000%, Lmin=-122805.95, Lmax=-10000.00
01:26:48 [ultranest] [DEBUG] iteration=1116, ncalls=4043, regioncalls=5760, ndraw=128, logz=-122765.13, remainder_fraction=100.0000%, Lmin=-122746.53, Lmax=-10000.00
01:26:48 [ultranest] [DEBUG] iteration=1120, ncalls=4043, regioncalls=5760, ndraw=128, logz=-122746.84, remainder_fraction=100.0000%, Lmin=-122728.36, Lmax=-10000.00
01:26:52 [ultranest] [DEBUG] iteration=1128, ncalls=4113, regioncalls=5888, ndraw=128, logz=-122704.12, remainder_fraction=100.0000%, Lmin=-122691.93, Lmax=-10000.00
01:26:55 [ultranest] [DEBUG] iteration=1132, ncalls=4176, regioncalls=6016, ndraw=128, logz=-122678.15, remainder_fraction=100.0000%, Lmin=-122666.56, Lmax=-10000.00
01:26:58 [ultranest] [DEBUG] iteration=1140, ncalls=4247, regioncalls=6144, ndraw=128, logz=-122641.47, remainder_fraction=100.0000%, Lmin=-122606.87, Lmax=-10000.00
01:27:02 [ultranest] [DEBUG] iteration=1146, ncalls=4321, regioncalls=6272, ndraw=128, logz=-122598.28, remainder_fraction=100.0000%, Lmin=-122589.11, Lmax=-10000.00
01:27:07 [ultranest] [DEBUG] iteration=1152, ncalls=4384, regioncalls=6400, ndraw=128, logz=-122574.57, remainder_fraction=100.0000%, Lmin=-122551.40, Lmax=-10000.00
01:27:10 [ultranest] [DEBUG] iteration=1159, ncalls=4452, regioncalls=6528, ndraw=128, logz=-122539.15, remainder_fraction=100.0000%, Lmin=-122524.63, Lmax=-10000.00
01:27:10 [ultranest] [DEBUG] iteration=1160, ncalls=4452, regioncalls=6528, ndraw=128, logz=-122533.51, remainder_fraction=100.0000%, Lmin=-122515.93, Lmax=-10000.00
01:27:13 [ultranest] [DEBUG] iteration=1165, ncalls=4525, regioncalls=6656, ndraw=128, logz=-122507.36, remainder_fraction=100.0000%, Lmin=-122492.77, Lmax=-10000.00
01:27:17 [ultranest] [DEBUG] iteration=1170, ncalls=4591, regioncalls=6784, ndraw=128, logz=-122480.87, remainder_fraction=100.0000%, Lmin=-122469.96, Lmax=-10000.00
01:27:19 [ultranest] [DEBUG] iteration=1180, ncalls=4650, regioncalls=6912, ndraw=128, logz=-122436.13, remainder_fraction=100.0000%, Lmin=-122425.33, Lmax=-10000.00
01:27:23 [ultranest] [DEBUG] iteration=1186, ncalls=4713, regioncalls=7040, ndraw=128, logz=-122416.20, remainder_fraction=100.0000%, Lmin=-122403.77, Lmax=-10000.00
01:27:27 [ultranest] [DEBUG] iteration=1195, ncalls=4777, regioncalls=7168, ndraw=128, logz=-122388.55, remainder_fraction=100.0000%, Lmin=-122379.35, Lmax=-10000.00
01:27:27 [ultranest] [DEBUG] iteration=1200, ncalls=4777, regioncalls=7168, ndraw=128, logz=-122382.59, remainder_fraction=100.0000%, Lmin=-122371.85, Lmax=-10000.00
01:27:33 [ultranest] [DEBUG] iteration=1207, ncalls=4847, regioncalls=7296, ndraw=128, logz=-122360.57, remainder_fraction=100.0000%, Lmin=-122345.64, Lmax=-10000.00
01:27:39 [ultranest] [DEBUG] iteration=1213, ncalls=4920, regioncalls=7424, ndraw=128, logz=-122324.42, remainder_fraction=100.0000%, Lmin=-122315.37, Lmax=-10000.00
01:27:42 [ultranest] [DEBUG] iteration=1222, ncalls=4982, regioncalls=7552, ndraw=128, logz=-122305.88, remainder_fraction=100.0000%, Lmin=-122296.24, Lmax=-10000.00
01:27:46 [ultranest] [DEBUG] iteration=1229, ncalls=5054, regioncalls=7680, ndraw=128, logz=-122294.19, remainder_fraction=100.0000%, Lmin=-122283.03, Lmax=-10000.00
01:27:51 [ultranest] [DEBUG] iteration=1237, ncalls=5121, regioncalls=7808, ndraw=128, logz=-122253.52, remainder_fraction=100.0000%, Lmin=-122240.88, Lmax=-10000.00
01:27:51 [ultranest] [DEBUG] iteration=1240, ncalls=5121, regioncalls=7808, ndraw=128, logz=-122246.78, remainder_fraction=100.0000%, Lmin=-122233.80, Lmax=-10000.00
01:27:55 [ultranest] [DEBUG] iteration=1242, ncalls=5180, regioncalls=7936, ndraw=128, logz=-122242.04, remainder_fraction=100.0000%, Lmin=-122232.81, Lmax=-10000.00
01:28:00 [ultranest] [DEBUG] iteration=1248, ncalls=5250, regioncalls=8064, ndraw=128, logz=-122224.46, remainder_fraction=100.0000%, Lmin=-122213.00, Lmax=-10000.00
01:28:02 [ultranest] [DEBUG] iteration=1260, ncalls=5310, regioncalls=8192, ndraw=128, logz=-122198.28, remainder_fraction=100.0000%, Lmin=-122182.48, Lmax=-10000.00
01:28:05 [ultranest] [DEBUG] iteration=1264, ncalls=5373, regioncalls=8320, ndraw=128, logz=-122185.37, remainder_fraction=100.0000%, Lmin=-122161.10, Lmax=-10000.00
01:28:11 [ultranest] [DEBUG] iteration=1269, ncalls=5442, regioncalls=8448, ndraw=128, logz=-122146.56, remainder_fraction=100.0000%, Lmin=-122132.11, Lmax=-10000.00
01:28:15 [ultranest] [DEBUG] iteration=1277, ncalls=5518, regioncalls=8576, ndraw=128, logz=-122118.34, remainder_fraction=100.0000%, Lmin=-122109.49, Lmax=-10000.00
01:28:15 [ultranest] [DEBUG] iteration=1280, ncalls=5518, regioncalls=8576, ndraw=128, logz=-122116.68, remainder_fraction=100.0000%, Lmin=-122107.83, Lmax=-10000.00
01:28:19 [ultranest] [DEBUG] iteration=1285, ncalls=5590, regioncalls=8704, ndraw=128, logz=-122098.48, remainder_fraction=100.0000%, Lmin=-122087.26, Lmax=-10000.00
01:28:22 [ultranest] [DEBUG] iteration=1292, ncalls=5651, regioncalls=8832, ndraw=128, logz=-122071.10, remainder_fraction=100.0000%, Lmin=-122058.80, Lmax=-10000.00
01:28:26 [ultranest] [DEBUG] iteration=1303, ncalls=5716, regioncalls=8960, ndraw=128, logz=-122040.71, remainder_fraction=100.0000%, Lmin=-122029.21, Lmax=-10000.00
01:28:29 [ultranest] [DEBUG] iteration=1306, ncalls=5772, regioncalls=9088, ndraw=128, logz=-122024.21, remainder_fraction=100.0000%, Lmin=-122014.07, Lmax=-10000.00
01:28:33 [ultranest] [DEBUG] iteration=1315, ncalls=5837, regioncalls=9216, ndraw=128, logz=-122011.08, remainder_fraction=100.0000%, Lmin=-122002.11, Lmax=-10000.00
01:28:33 [ultranest] [DEBUG] iteration=1320, ncalls=5837, regioncalls=9216, ndraw=128, logz=-122008.13, remainder_fraction=100.0000%, Lmin=-121998.42, Lmax=-10000.00
01:28:39 [ultranest] [DEBUG] iteration=1321, ncalls=5907, regioncalls=9344, ndraw=128, logz=-122007.21, remainder_fraction=100.0000%, Lmin=-121990.71, Lmax=-10000.00
01:28:43 [ultranest] [DEBUG] iteration=1326, ncalls=5971, regioncalls=9472, ndraw=128, logz=-121995.47, remainder_fraction=100.0000%, Lmin=-121980.49, Lmax=-10000.00
01:28:47 [ultranest] [DEBUG] iteration=1329, ncalls=6038, regioncalls=9600, ndraw=128, logz=-121985.15, remainder_fraction=100.0000%, Lmin=-121974.20, Lmax=-10000.00
01:28:49 [ultranest] [DEBUG] iteration=1335, ncalls=6100, regioncalls=9728, ndraw=128, logz=-121978.04, remainder_fraction=100.0000%, Lmin=-121965.84, Lmax=-10000.00
01:28:53 [ultranest] [DEBUG] iteration=1341, ncalls=6167, regioncalls=9856, ndraw=128, logz=-121948.34, remainder_fraction=100.0000%, Lmin=-121937.37, Lmax=-10000.00
01:28:59 [ultranest] [DEBUG] iteration=1344, ncalls=6227, regioncalls=9984, ndraw=128, logz=-121942.13, remainder_fraction=100.0000%, Lmin=-121931.07, Lmax=-10000.00
01:29:01 [ultranest] [DEBUG] iteration=1349, ncalls=6282, regioncalls=10112, ndraw=128, logz=-121936.19, remainder_fraction=100.0000%, Lmin=-121926.95, Lmax=-10000.00
01:29:04 [ultranest] [DEBUG] iteration=1355, ncalls=6344, regioncalls=10240, ndraw=128, logz=-121924.50, remainder_fraction=100.0000%, Lmin=-121914.67, Lmax=-10000.00
01:29:07 [ultranest] [DEBUG] iteration=1357, ncalls=6408, regioncalls=10368, ndraw=128, logz=-121921.26, remainder_fraction=100.0000%, Lmin=-121911.11, Lmax=-10000.00
01:29:07 [ultranest] [DEBUG] iteration=1360, ncalls=6408, regioncalls=10368, ndraw=128, logz=-121915.34, remainder_fraction=100.0000%, Lmin=-121884.28, Lmax=-10000.00
01:29:11 [ultranest] [DEBUG] iteration=1363, ncalls=6463, regioncalls=10496, ndraw=128, logz=-121888.04, remainder_fraction=100.0000%, Lmin=-121878.58, Lmax=-10000.00
01:29:14 [ultranest] [DEBUG] iteration=1368, ncalls=6523, regioncalls=10624, ndraw=128, logz=-121881.56, remainder_fraction=100.0000%, Lmin=-121870.11, Lmax=-10000.00
01:29:20 [ultranest] [DEBUG] iteration=1373, ncalls=6591, regioncalls=10752, ndraw=128, logz=-121872.21, remainder_fraction=100.0000%, Lmin=-121862.34, Lmax=-10000.00
01:29:27 [ultranest] [DEBUG] iteration=1379, ncalls=6659, regioncalls=10880, ndraw=128, logz=-121867.26, remainder_fraction=100.0000%, Lmin=-121856.43, Lmax=-10000.00
01:29:30 [ultranest] [DEBUG] iteration=1382, ncalls=6716, regioncalls=11008, ndraw=128, logz=-121859.75, remainder_fraction=100.0000%, Lmin=-121848.47, Lmax=-10000.00
01:29:32 [ultranest] [DEBUG] iteration=1389, ncalls=6771, regioncalls=11136, ndraw=128, logz=-121838.54, remainder_fraction=100.0000%, Lmin=-121827.94, Lmax=-10000.00
01:29:35 [ultranest] [DEBUG] iteration=1393, ncalls=6829, regioncalls=11264, ndraw=128, logz=-121830.55, remainder_fraction=100.0000%, Lmin=-121821.13, Lmax=-10000.00
01:29:39 [ultranest] [DEBUG] iteration=1400, ncalls=6881, regioncalls=11392, ndraw=128, logz=-121822.15, remainder_fraction=100.0000%, Lmin=-121808.43, Lmax=-10000.00
01:29:44 [ultranest] [DEBUG] iteration=1407, ncalls=6944, regioncalls=11520, ndraw=128, logz=-121800.65, remainder_fraction=100.0000%, Lmin=-121787.33, Lmax=-10000.00
01:29:47 [ultranest] [DEBUG] iteration=1409, ncalls=7016, regioncalls=11648, ndraw=128, logz=-121795.57, remainder_fraction=100.0000%, Lmin=-121785.44, Lmax=-10000.00
01:29:50 [ultranest] [DEBUG] iteration=1412, ncalls=7080, regioncalls=11776, ndraw=128, logz=-121793.42, remainder_fraction=100.0000%, Lmin=-121783.18, Lmax=-10000.00
01:29:54 [ultranest] [DEBUG] iteration=1414, ncalls=7133, regioncalls=11904, ndraw=128, logz=-121787.69, remainder_fraction=100.0000%, Lmin=-121778.17, Lmax=-10000.00
01:29:59 [ultranest] [DEBUG] iteration=1422, ncalls=7191, regioncalls=12032, ndraw=128, logz=-121776.30, remainder_fraction=100.0000%, Lmin=-121766.26, Lmax=-10000.00
01:30:04 [ultranest] [DEBUG] iteration=1424, ncalls=7258, regioncalls=12160, ndraw=128, logz=-121774.27, remainder_fraction=100.0000%, Lmin=-121762.21, Lmax=-10000.00
01:30:08 [ultranest] [DEBUG] iteration=1428, ncalls=7333, regioncalls=12288, ndraw=128, logz=-121769.19, remainder_fraction=100.0000%, Lmin=-121757.15, Lmax=-10000.00
01:30:13 [ultranest] [DEBUG] iteration=1438, ncalls=7390, regioncalls=12416, ndraw=128, logz=-121744.23, remainder_fraction=100.0000%, Lmin=-121734.20, Lmax=-10000.00
01:30:18 [ultranest] [DEBUG] iteration=1440, ncalls=7457, regioncalls=12544, ndraw=128, logz=-121741.71, remainder_fraction=100.0000%, Lmin=-121732.17, Lmax=-10000.00
01:30:23 [ultranest] [DEBUG] iteration=1443, ncalls=7519, regioncalls=12672, ndraw=128, logz=-121740.06, remainder_fraction=100.0000%, Lmin=-121728.79, Lmax=-10000.00
01:30:27 [ultranest] [DEBUG] iteration=1447, ncalls=7580, regioncalls=12800, ndraw=128, logz=-121736.46, remainder_fraction=100.0000%, Lmin=-121723.91, Lmax=-10000.00
01:30:31 [ultranest] [DEBUG] iteration=1450, ncalls=7646, regioncalls=12928, ndraw=128, logz=-121730.45, remainder_fraction=100.0000%, Lmin=-121719.58, Lmax=-10000.00
01:30:34 [ultranest] [DEBUG] iteration=1454, ncalls=7711, regioncalls=13056, ndraw=128, logz=-121722.85, remainder_fraction=100.0000%, Lmin=-121712.75, Lmax=-10000.00
01:30:37 [ultranest] [DEBUG] iteration=1456, ncalls=7770, regioncalls=13184, ndraw=128, logz=-121720.47, remainder_fraction=100.0000%, Lmin=-121708.74, Lmax=-10000.00
01:30:42 [ultranest] [DEBUG] iteration=1461, ncalls=7834, regioncalls=13312, ndraw=128, logz=-121714.43, remainder_fraction=100.0000%, Lmin=-121703.96, Lmax=-10000.00
01:30:47 [ultranest] [DEBUG] iteration=1468, ncalls=7887, regioncalls=13440, ndraw=128, logz=-121701.92, remainder_fraction=100.0000%, Lmin=-121688.06, Lmax=-10000.00
01:30:50 [ultranest] [DEBUG] iteration=1473, ncalls=7945, regioncalls=13568, ndraw=128, logz=-121692.89, remainder_fraction=100.0000%, Lmin=-121683.36, Lmax=-10000.00
01:30:54 [ultranest] [DEBUG] iteration=1479, ncalls=8004, regioncalls=13696, ndraw=128, logz=-121682.96, remainder_fraction=100.0000%, Lmin=-121672.13, Lmax=-10000.00
01:30:54 [ultranest] [DEBUG] iteration=1480, ncalls=8004, regioncalls=13696, ndraw=128, logz=-121681.55, remainder_fraction=100.0000%, Lmin=-121670.97, Lmax=-10000.00
01:30:59 [ultranest] [DEBUG] iteration=1486, ncalls=8068, regioncalls=13824, ndraw=128, logz=-121674.45, remainder_fraction=100.0000%, Lmin=-121665.02, Lmax=-10000.00
01:31:06 [ultranest] [DEBUG] iteration=1489, ncalls=8132, regioncalls=13952, ndraw=128, logz=-121668.63, remainder_fraction=100.0000%, Lmin=-121658.66, Lmax=-10000.00
01:31:08 [ultranest] [DEBUG] iteration=1494, ncalls=8201, regioncalls=14080, ndraw=128, logz=-121664.07, remainder_fraction=100.0000%, Lmin=-121653.00, Lmax=-10000.00
01:31:13 [ultranest] [DEBUG] iteration=1497, ncalls=8264, regioncalls=14208, ndraw=128, logz=-121660.97, remainder_fraction=100.0000%, Lmin=-121650.88, Lmax=-10000.00
01:31:19 [ultranest] [DEBUG] iteration=1503, ncalls=8332, regioncalls=14336, ndraw=128, logz=-121656.07, remainder_fraction=100.0000%, Lmin=-121645.64, Lmax=-10000.00
01:31:24 [ultranest] [DEBUG] iteration=1509, ncalls=8393, regioncalls=14464, ndraw=128, logz=-121649.89, remainder_fraction=100.0000%, Lmin=-121632.64, Lmax=-10000.00
01:31:29 [ultranest] [DEBUG] iteration=1514, ncalls=8455, regioncalls=14592, ndraw=128, logz=-121639.21, remainder_fraction=100.0000%, Lmin=-121628.86, Lmax=-10000.00
01:31:34 [ultranest] [DEBUG] iteration=1518, ncalls=8529, regioncalls=14720, ndraw=128, logz=-121632.11, remainder_fraction=100.0000%, Lmin=-121618.70, Lmax=-10000.00
01:31:34 [ultranest] [DEBUG] iteration=1520, ncalls=8529, regioncalls=14720, ndraw=128, logz=-121626.87, remainder_fraction=100.0000%, Lmin=-121616.66, Lmax=-10000.00
01:31:41 [ultranest] [DEBUG] iteration=1524, ncalls=8594, regioncalls=14848, ndraw=128, logz=-121623.96, remainder_fraction=100.0000%, Lmin=-121612.69, Lmax=-10000.00
01:31:46 [ultranest] [DEBUG] iteration=1526, ncalls=8663, regioncalls=14976, ndraw=128, logz=-121620.63, remainder_fraction=100.0000%, Lmin=-121610.29, Lmax=-10000.00
01:31:48 [ultranest] [DEBUG] iteration=1529, ncalls=8721, regioncalls=15104, ndraw=128, logz=-121618.04, remainder_fraction=100.0000%, Lmin=-121607.86, Lmax=-10000.00
01:31:51 [ultranest] [DEBUG] iteration=1532, ncalls=8773, regioncalls=15232, ndraw=128, logz=-121616.30, remainder_fraction=100.0000%, Lmin=-121605.96, Lmax=-10000.00
01:31:55 [ultranest] [DEBUG] iteration=1536, ncalls=8830, regioncalls=15360, ndraw=128, logz=-121611.20, remainder_fraction=100.0000%, Lmin=-121601.43, Lmax=-10000.00
01:31:59 [ultranest] [DEBUG] iteration=1542, ncalls=8902, regioncalls=15488, ndraw=128, logz=-121605.55, remainder_fraction=100.0000%, Lmin=-121595.27, Lmax=-10000.00
01:32:02 [ultranest] [DEBUG] iteration=1547, ncalls=8965, regioncalls=15616, ndraw=128, logz=-121596.97, remainder_fraction=100.0000%, Lmin=-121585.89, Lmax=-10000.00
01:32:07 [ultranest] [DEBUG] iteration=1557, ncalls=9031, regioncalls=15744, ndraw=128, logz=-121587.48, remainder_fraction=100.0000%, Lmin=-121575.32, Lmax=-10000.00
01:32:09 [ultranest] [DEBUG] iteration=1560, ncalls=9088, regioncalls=15872, ndraw=128, logz=-121580.85, remainder_fraction=100.0000%, Lmin=-121571.37, Lmax=-10000.00
01:32:13 [ultranest] [DEBUG] iteration=1561, ncalls=9146, regioncalls=16000, ndraw=128, logz=-121580.34, remainder_fraction=100.0000%, Lmin=-121571.28, Lmax=-10000.00
01:32:17 [ultranest] [DEBUG] iteration=1562, ncalls=9217, regioncalls=16128, ndraw=128, logz=-121579.98, remainder_fraction=100.0000%, Lmin=-121570.90, Lmax=-10000.00
01:32:19 [ultranest] [DEBUG] iteration=1567, ncalls=9283, regioncalls=16256, ndraw=128, logz=-121569.22, remainder_fraction=100.0000%, Lmin=-121557.52, Lmax=-10000.00
01:32:26 [ultranest] [DEBUG] iteration=1571, ncalls=9349, regioncalls=16384, ndraw=128, logz=-121561.95, remainder_fraction=100.0000%, Lmin=-121552.49, Lmax=-10000.00
01:32:29 [ultranest] [DEBUG] iteration=1573, ncalls=9411, regioncalls=16512, ndraw=128, logz=-121560.56, remainder_fraction=100.0000%, Lmin=-121544.79, Lmax=-10000.00
01:32:33 [ultranest] [DEBUG] iteration=1580, ncalls=9473, regioncalls=16640, ndraw=128, logz=-121543.85, remainder_fraction=100.0000%, Lmin=-121534.35, Lmax=-10000.00
01:32:37 [ultranest] [DEBUG] iteration=1582, ncalls=9531, regioncalls=16768, ndraw=128, logz=-121541.18, remainder_fraction=100.0000%, Lmin=-121530.33, Lmax=-10000.00
01:32:41 [ultranest] [DEBUG] iteration=1583, ncalls=9595, regioncalls=16896, ndraw=128, logz=-121539.94, remainder_fraction=100.0000%, Lmin=-121530.18, Lmax=-10000.00
01:32:46 [ultranest] [DEBUG] iteration=1587, ncalls=9655, regioncalls=17024, ndraw=128, logz=-121533.12, remainder_fraction=100.0000%, Lmin=-121522.96, Lmax=-10000.00
01:32:50 [ultranest] [DEBUG] iteration=1591, ncalls=9716, regioncalls=17152, ndraw=128, logz=-121530.57, remainder_fraction=100.0000%, Lmin=-121521.50, Lmax=-10000.00
01:33:06 [ultranest] [DEBUG] iteration=1594, ncalls=9901, regioncalls=17536, ndraw=128, logz=-121529.47, remainder_fraction=100.0000%, Lmin=-121520.62, Lmax=-10000.00
01:33:10 [ultranest] [DEBUG] iteration=1598, ncalls=9974, regioncalls=17664, ndraw=128, logz=-121527.63, remainder_fraction=100.0000%, Lmin=-121517.87, Lmax=-10000.00
01:33:10 [ultranest] [DEBUG] iteration=1600, ncalls=9974, regioncalls=17664, ndraw=128, logz=-121525.08, remainder_fraction=100.0000%, Lmin=-121513.78, Lmax=-10000.00
01:33:15 [ultranest] [DEBUG] iteration=1604, ncalls=10039, regioncalls=17792, ndraw=128, logz=-121520.67, remainder_fraction=100.0000%, Lmin=-121510.02, Lmax=-10000.00
01:33:19 [ultranest] [DEBUG] iteration=1611, ncalls=10099, regioncalls=17920, ndraw=128, logz=-121514.70, remainder_fraction=100.0000%, Lmin=-121505.52, Lmax=-10000.00
01:33:22 [ultranest] [DEBUG] iteration=1612, ncalls=10161, regioncalls=18048, ndraw=128, logz=-121514.35, remainder_fraction=100.0000%, Lmin=-121504.39, Lmax=-10000.00
01:33:25 [ultranest] [DEBUG] iteration=1613, ncalls=10226, regioncalls=18176, ndraw=128, logz=-121513.69, remainder_fraction=100.0000%, Lmin=-121497.96, Lmax=-10000.00
01:33:30 [ultranest] [DEBUG] iteration=1616, ncalls=10292, regioncalls=18304, ndraw=128, logz=-121506.60, remainder_fraction=100.0000%, Lmin=-121495.38, Lmax=-10000.00
01:33:44 [ultranest] [DEBUG] iteration=1617, ncalls=10428, regioncalls=18560, ndraw=128, logz=-121505.14, remainder_fraction=100.0000%, Lmin=-121495.13, Lmax=-10000.00
01:33:47 [ultranest] [DEBUG] iteration=1618, ncalls=10493, regioncalls=18688, ndraw=128, logz=-121504.46, remainder_fraction=100.0000%, Lmin=-121495.13, Lmax=-10000.00
01:33:52 [ultranest] [DEBUG] iteration=1624, ncalls=10553, regioncalls=18816, ndraw=128, logz=-121502.39, remainder_fraction=100.0000%, Lmin=-121492.54, Lmax=-10000.00
01:33:58 [ultranest] [DEBUG] iteration=1626, ncalls=10617, regioncalls=18944, ndraw=128, logz=-121500.68, remainder_fraction=100.0000%, Lmin=-121490.63, Lmax=-10000.00
01:34:03 [ultranest] [DEBUG] iteration=1633, ncalls=10676, regioncalls=19072, ndraw=128, logz=-121485.02, remainder_fraction=100.0000%, Lmin=-121474.48, Lmax=-10000.00
01:34:06 [ultranest] [DEBUG] iteration=1635, ncalls=10742, regioncalls=19200, ndraw=128, logz=-121483.28, remainder_fraction=100.0000%, Lmin=-121472.57, Lmax=-10000.00
01:34:11 [ultranest] [DEBUG] iteration=1637, ncalls=10797, regioncalls=19328, ndraw=128, logz=-121480.89, remainder_fraction=100.0000%, Lmin=-121468.44, Lmax=-10000.00
01:34:20 [ultranest] [DEBUG] iteration=1639, ncalls=10855, regioncalls=19456, ndraw=128, logz=-121476.76, remainder_fraction=100.0000%, Lmin=-121460.44, Lmax=-10000.00
01:34:20 [ultranest] [DEBUG] iteration=1640, ncalls=10855, regioncalls=19456, ndraw=128, logz=-121470.52, remainder_fraction=100.0000%, Lmin=-121458.88, Lmax=-10000.00
01:34:26 [ultranest] [DEBUG] iteration=1642, ncalls=10911, regioncalls=19584, ndraw=128, logz=-121467.90, remainder_fraction=100.0000%, Lmin=-121456.39, Lmax=-10000.00
01:34:29 [ultranest] [DEBUG] iteration=1643, ncalls=10971, regioncalls=19712, ndraw=128, logz=-121466.27, remainder_fraction=100.0000%, Lmin=-121454.81, Lmax=-10000.00
01:34:37 [ultranest] [DEBUG] iteration=1645, ncalls=11044, regioncalls=19840, ndraw=128, logz=-121464.06, remainder_fraction=100.0000%, Lmin=-121454.44, Lmax=-10000.00
01:34:42 [ultranest] [DEBUG] iteration=1651, ncalls=11103, regioncalls=19968, ndraw=128, logz=-121461.73, remainder_fraction=100.0000%, Lmin=-121452.39, Lmax=-10000.00
01:34:49 [ultranest] [DEBUG] iteration=1652, ncalls=11157, regioncalls=20096, ndraw=128, logz=-121461.35, remainder_fraction=100.0000%, Lmin=-121451.60, Lmax=-10000.00
01:34:51 [ultranest] [DEBUG] iteration=1656, ncalls=11210, regioncalls=20224, ndraw=128, logz=-121459.10, remainder_fraction=100.0000%, Lmin=-121448.95, Lmax=-10000.00
01:34:58 [ultranest] [DEBUG] iteration=1657, ncalls=11275, regioncalls=20352, ndraw=128, logz=-121458.40, remainder_fraction=100.0000%, Lmin=-121448.74, Lmax=-10000.00
01:35:04 [ultranest] [DEBUG] iteration=1661, ncalls=11338, regioncalls=20480, ndraw=128, logz=-121455.39, remainder_fraction=100.0000%, Lmin=-121445.48, Lmax=-10000.00
01:35:09 [ultranest] [DEBUG] iteration=1664, ncalls=11398, regioncalls=20608, ndraw=128, logz=-121452.96, remainder_fraction=100.0000%, Lmin=-121441.83, Lmax=-10000.00
01:35:14 [ultranest] [DEBUG] iteration=1667, ncalls=11460, regioncalls=20736, ndraw=128, logz=-121450.37, remainder_fraction=100.0000%, Lmin=-121440.95, Lmax=-10000.00
01:35:20 [ultranest] [DEBUG] iteration=1673, ncalls=11528, regioncalls=20864, ndraw=128, logz=-121444.88, remainder_fraction=100.0000%, Lmin=-121435.51, Lmax=-10000.00
01:35:23 [ultranest] [DEBUG] iteration=1675, ncalls=11595, regioncalls=20992, ndraw=128, logz=-121443.20, remainder_fraction=100.0000%, Lmin=-121432.56, Lmax=-10000.00
01:35:31 [ultranest] [DEBUG] iteration=1679, ncalls=11658, regioncalls=21120, ndraw=128, logz=-121437.51, remainder_fraction=100.0000%, Lmin=-121427.13, Lmax=-10000.00
01:35:31 [ultranest] [DEBUG] iteration=1680, ncalls=11658, regioncalls=21120, ndraw=128, logz=-121436.71, remainder_fraction=100.0000%, Lmin=-121426.68, Lmax=-10000.00
01:35:40 [ultranest] [DEBUG] iteration=1684, ncalls=11779, regioncalls=21376, ndraw=128, logz=-121434.68, remainder_fraction=100.0000%, Lmin=-121424.25, Lmax=-10000.00
01:35:47 [ultranest] [DEBUG] iteration=1686, ncalls=11849, regioncalls=21504, ndraw=128, logz=-121432.89, remainder_fraction=100.0000%, Lmin=-121422.93, Lmax=-10000.00
01:35:54 [ultranest] [DEBUG] iteration=1690, ncalls=11910, regioncalls=21632, ndraw=128, logz=-121429.97, remainder_fraction=100.0000%, Lmin=-121418.69, Lmax=-10000.00
01:36:01 [ultranest] [DEBUG] iteration=1692, ncalls=11978, regioncalls=21760, ndraw=128, logz=-121427.56, remainder_fraction=100.0000%, Lmin=-121417.69, Lmax=-10000.00
01:36:09 [ultranest] [DEBUG] iteration=1695, ncalls=12047, regioncalls=21888, ndraw=128, logz=-121425.03, remainder_fraction=100.0000%, Lmin=-121414.65, Lmax=-10000.00
01:36:14 [ultranest] [DEBUG] iteration=1700, ncalls=12116, regioncalls=22016, ndraw=128, logz=-121421.54, remainder_fraction=100.0000%, Lmin=-121411.87, Lmax=-10000.00
01:36:21 [ultranest] [DEBUG] iteration=1702, ncalls=12226, regioncalls=22272, ndraw=128, logz=-121420.73, remainder_fraction=100.0000%, Lmin=-121411.02, Lmax=-10000.00
01:36:28 [ultranest] [DEBUG] iteration=1704, ncalls=12285, regioncalls=22400, ndraw=128, logz=-121419.94, remainder_fraction=100.0000%, Lmin=-121410.32, Lmax=-10000.00
01:36:32 [ultranest] [DEBUG] iteration=1706, ncalls=12340, regioncalls=22528, ndraw=128, logz=-121418.59, remainder_fraction=100.0000%, Lmin=-121408.11, Lmax=-10000.00
01:36:42 [ultranest] [DEBUG] iteration=1710, ncalls=12405, regioncalls=22784, ndraw=128, logz=-121414.30, remainder_fraction=100.0000%, Lmin=-121403.85, Lmax=-10000.00
01:36:55 [ultranest] [DEBUG] iteration=1715, ncalls=12459, regioncalls=23040, ndraw=128, logz=-121409.26, remainder_fraction=100.0000%, Lmin=-121399.17, Lmax=-10000.00
01:37:01 [ultranest] [DEBUG] iteration=1718, ncalls=12490, regioncalls=23168, ndraw=128, logz=-121407.91, remainder_fraction=100.0000%, Lmin=-121398.68, Lmax=-10000.00
01:37:05 [ultranest] [DEBUG] iteration=1719, ncalls=12514, regioncalls=23296, ndraw=128, logz=-121407.61, remainder_fraction=100.0000%, Lmin=-121398.40, Lmax=-10000.00
01:37:05 [ultranest] [DEBUG] iteration=1720, ncalls=12514, regioncalls=23296, ndraw=128, logz=-121407.32, remainder_fraction=100.0000%, Lmin=-121397.95, Lmax=-10000.00
01:37:06 [ultranest] [DEBUG] iteration=1722, ncalls=12537, regioncalls=23424, ndraw=128, logz=-121406.60, remainder_fraction=100.0000%, Lmin=-121395.88, Lmax=-10000.00
01:37:12 [ultranest] [DEBUG] iteration=1726, ncalls=12564, regioncalls=23552, ndraw=128, logz=-121403.87, remainder_fraction=100.0000%, Lmin=-121394.08, Lmax=-10000.00
01:37:15 [ultranest] [DEBUG] iteration=1728, ncalls=12595, regioncalls=23680, ndraw=128, logz=-121402.30, remainder_fraction=100.0000%, Lmin=-121391.84, Lmax=-10000.00
01:37:20 [ultranest] [DEBUG] iteration=1729, ncalls=12631, regioncalls=23808, ndraw=128, logz=-121401.53, remainder_fraction=100.0000%, Lmin=-121391.64, Lmax=-10000.00
01:37:23 [ultranest] [DEBUG] iteration=1733, ncalls=12655, regioncalls=23936, ndraw=128, logz=-121396.49, remainder_fraction=100.0000%, Lmin=-121385.88, Lmax=-10000.00
01:37:28 [ultranest] [DEBUG] iteration=1737, ncalls=12684, regioncalls=24064, ndraw=128, logz=-121392.96, remainder_fraction=100.0000%, Lmin=-121382.39, Lmax=-10000.00
01:37:32 [ultranest] [DEBUG] iteration=1739, ncalls=12711, regioncalls=24192, ndraw=128, logz=-121391.21, remainder_fraction=100.0000%, Lmin=-121381.25, Lmax=-10000.00
01:37:41 [ultranest] [DEBUG] iteration=1741, ncalls=12744, regioncalls=24320, ndraw=128, logz=-121389.42, remainder_fraction=100.0000%, Lmin=-121375.65, Lmax=-10000.00
01:37:46 [ultranest] [DEBUG] iteration=1744, ncalls=12779, regioncalls=24448, ndraw=128, logz=-121384.14, remainder_fraction=100.0000%, Lmin=-121373.89, Lmax=-10000.00
01:37:50 [ultranest] [DEBUG] iteration=1747, ncalls=12802, regioncalls=24576, ndraw=128, logz=-121381.47, remainder_fraction=100.0000%, Lmin=-121371.82, Lmax=-10000.00
01:37:55 [ultranest] [DEBUG] iteration=1749, ncalls=12830, regioncalls=24704, ndraw=128, logz=-121380.65, remainder_fraction=100.0000%, Lmin=-121370.98, Lmax=-10000.00
01:37:57 [ultranest] [DEBUG] iteration=1750, ncalls=12853, regioncalls=24832, ndraw=128, logz=-121380.25, remainder_fraction=100.0000%, Lmin=-121370.23, Lmax=-10000.00
01:38:14 [ultranest] [DEBUG] iteration=1754, ncalls=12941, regioncalls=25216, ndraw=128, logz=-121377.29, remainder_fraction=100.0000%, Lmin=-121366.18, Lmax=-10000.00
01:38:20 [ultranest] [DEBUG] iteration=1757, ncalls=12974, regioncalls=25344, ndraw=128, logz=-121374.40, remainder_fraction=100.0000%, Lmin=-121364.25, Lmax=-10000.00
01:38:20 [ultranest] [DEBUG] iteration=1760, ncalls=12974, regioncalls=25344, ndraw=128, logz=-121372.11, remainder_fraction=100.0000%, Lmin=-121361.55, Lmax=-10000.00
01:38:27 [ultranest] [DEBUG] iteration=1762, ncalls=13008, regioncalls=25472, ndraw=128, logz=-121370.79, remainder_fraction=100.0000%, Lmin=-121359.84, Lmax=-10000.00
01:38:34 [ultranest] [DEBUG] iteration=1765, ncalls=13042, regioncalls=25600, ndraw=128, logz=-121368.73, remainder_fraction=100.0000%, Lmin=-121357.51, Lmax=-10000.00
01:38:45 [ultranest] [DEBUG] iteration=1768, ncalls=13093, regioncalls=25856, ndraw=128, logz=-121365.97, remainder_fraction=100.0000%, Lmin=-121356.25, Lmax=-10000.00
01:38:50 [ultranest] [DEBUG] iteration=1769, ncalls=13125, regioncalls=25984, ndraw=128, logz=-121365.57, remainder_fraction=100.0000%, Lmin=-121355.50, Lmax=-10000.00
01:38:56 [ultranest] [DEBUG] iteration=1772, ncalls=13157, regioncalls=26112, ndraw=128, logz=-121364.04, remainder_fraction=100.0000%, Lmin=-121352.85, Lmax=-10000.00
01:38:59 [ultranest] [DEBUG] iteration=1774, ncalls=13187, regioncalls=26240, ndraw=128, logz=-121362.30, remainder_fraction=100.0000%, Lmin=-121352.52, Lmax=-10000.00
01:39:05 [ultranest] [DEBUG] iteration=1778, ncalls=13222, regioncalls=26368, ndraw=128, logz=-121358.28, remainder_fraction=100.0000%, Lmin=-121345.39, Lmax=-10000.00
01:39:07 [ultranest] [DEBUG] iteration=1781, ncalls=13246, regioncalls=26496, ndraw=128, logz=-121353.39, remainder_fraction=100.0000%, Lmin=-121343.19, Lmax=-10000.00
01:39:13 [ultranest] [DEBUG] iteration=1783, ncalls=13284, regioncalls=26624, ndraw=128, logz=-121352.40, remainder_fraction=100.0000%, Lmin=-121342.28, Lmax=-10000.00
01:39:21 [ultranest] [DEBUG] iteration=1787, ncalls=13312, regioncalls=26752, ndraw=128, logz=-121349.78, remainder_fraction=100.0000%, Lmin=-121339.13, Lmax=-10000.00
01:39:25 [ultranest] [DEBUG] iteration=1789, ncalls=13333, regioncalls=26880, ndraw=128, logz=-121348.28, remainder_fraction=100.0000%, Lmin=-121338.10, Lmax=-10000.00
01:39:39 [ultranest] [DEBUG] iteration=1790, ncalls=13403, regioncalls=27136, ndraw=128, logz=-121347.72, remainder_fraction=100.0000%, Lmin=-121335.99, Lmax=-10000.00
01:39:41 [ultranest] [DEBUG] iteration=1792, ncalls=13425, regioncalls=27264, ndraw=128, logz=-121344.49, remainder_fraction=100.0000%, Lmin=-121333.29, Lmax=-10000.00
01:39:48 [ultranest] [DEBUG] iteration=1798, ncalls=13455, regioncalls=27392, ndraw=128, logz=-121338.59, remainder_fraction=100.0000%, Lmin=-121328.15, Lmax=-10000.00
01:39:51 [ultranest] [DEBUG] iteration=1800, ncalls=13478, regioncalls=27520, ndraw=128, logz=-121336.47, remainder_fraction=100.0000%, Lmin=-121324.84, Lmax=-10000.00
01:39:57 [ultranest] [DEBUG] iteration=1803, ncalls=13506, regioncalls=27648, ndraw=128, logz=-121333.63, remainder_fraction=100.0000%, Lmin=-121323.89, Lmax=-10000.00
01:40:04 [ultranest] [DEBUG] iteration=1809, ncalls=13537, regioncalls=27776, ndraw=128, logz=-121328.24, remainder_fraction=100.0000%, Lmin=-121317.22, Lmax=-10000.00
01:40:08 [ultranest] [DEBUG] iteration=1811, ncalls=13567, regioncalls=27904, ndraw=128, logz=-121326.36, remainder_fraction=100.0000%, Lmin=-121315.28, Lmax=-10000.00
01:40:14 [ultranest] [DEBUG] iteration=1815, ncalls=13611, regioncalls=28032, ndraw=128, logz=-121324.03, remainder_fraction=100.0000%, Lmin=-121313.58, Lmax=-10000.00
01:40:21 [ultranest] [DEBUG] iteration=1817, ncalls=13630, regioncalls=28160, ndraw=128, logz=-121322.93, remainder_fraction=100.0000%, Lmin=-121313.38, Lmax=-10000.00
01:40:33 [ultranest] [DEBUG] iteration=1818, ncalls=13694, regioncalls=28416, ndraw=128, logz=-121322.61, remainder_fraction=100.0000%, Lmin=-121313.16, Lmax=-10000.00
01:40:39 [ultranest] [DEBUG] iteration=1820, ncalls=13726, regioncalls=28544, ndraw=128, logz=-121320.77, remainder_fraction=100.0000%, Lmin=-121309.73, Lmax=-10000.00
01:40:43 [ultranest] [DEBUG] iteration=1822, ncalls=13748, regioncalls=28672, ndraw=128, logz=-121318.93, remainder_fraction=100.0000%, Lmin=-121306.62, Lmax=-10000.00
01:40:46 [ultranest] [DEBUG] iteration=1825, ncalls=13775, regioncalls=28800, ndraw=128, logz=-121313.76, remainder_fraction=100.0000%, Lmin=-121302.88, Lmax=-10000.00
01:40:49 [ultranest] [DEBUG] iteration=1826, ncalls=13796, regioncalls=28928, ndraw=128, logz=-121312.89, remainder_fraction=100.0000%, Lmin=-121301.51, Lmax=-10000.00
01:40:56 [ultranest] [DEBUG] iteration=1827, ncalls=13823, regioncalls=29056, ndraw=128, logz=-121311.70, remainder_fraction=100.0000%, Lmin=-121300.87, Lmax=-10000.00
01:40:59 [ultranest] [DEBUG] iteration=1829, ncalls=13845, regioncalls=29184, ndraw=128, logz=-121310.26, remainder_fraction=100.0000%, Lmin=-121300.26, Lmax=-10000.00
01:41:03 [ultranest] [DEBUG] iteration=1832, ncalls=13867, regioncalls=29312, ndraw=128, logz=-121308.80, remainder_fraction=100.0000%, Lmin=-121297.30, Lmax=-10000.00
01:41:08 [ultranest] [DEBUG] iteration=1834, ncalls=13891, regioncalls=29440, ndraw=128, logz=-121306.94, remainder_fraction=100.0000%, Lmin=-121294.36, Lmax=-10000.00
01:41:19 [ultranest] [DEBUG] iteration=1837, ncalls=13934, regioncalls=29696, ndraw=128, logz=-121303.41, remainder_fraction=100.0000%, Lmin=-121293.36, Lmax=-10000.00
01:41:23 [ultranest] [DEBUG] iteration=1839, ncalls=13956, regioncalls=29824, ndraw=128, logz=-121300.14, remainder_fraction=100.0000%, Lmin=-121288.57, Lmax=-10000.00
01:41:26 [ultranest] [DEBUG] iteration=1840, ncalls=13980, regioncalls=29952, ndraw=128, logz=-121298.84, remainder_fraction=100.0000%, Lmin=-121286.82, Lmax=-10000.00
01:41:30 [ultranest] [DEBUG] iteration=1842, ncalls=14005, regioncalls=30080, ndraw=128, logz=-121296.04, remainder_fraction=100.0000%, Lmin=-121280.53, Lmax=-10000.00
01:41:33 [ultranest] [DEBUG] iteration=1843, ncalls=14026, regioncalls=30208, ndraw=128, logz=-121291.12, remainder_fraction=100.0000%, Lmin=-121280.01, Lmax=-10000.00
01:41:49 [ultranest] [DEBUG] iteration=1844, ncalls=14097, regioncalls=30592, ndraw=128, logz=-121290.14, remainder_fraction=100.0000%, Lmin=-121279.16, Lmax=-10000.00
01:41:56 [ultranest] [DEBUG] iteration=1845, ncalls=14143, regioncalls=30848, ndraw=128, logz=-121289.24, remainder_fraction=100.0000%, Lmin=-121277.39, Lmax=-10000.00
01:42:04 [ultranest] [DEBUG] iteration=1849, ncalls=14176, regioncalls=30976, ndraw=128, logz=-121284.86, remainder_fraction=100.0000%, Lmin=-121273.56, Lmax=-10000.00
01:42:10 [ultranest] [DEBUG] iteration=1850, ncalls=14201, regioncalls=31104, ndraw=128, logz=-121283.77, remainder_fraction=100.0000%, Lmin=-121272.91, Lmax=-10000.00
01:42:13 [ultranest] [DEBUG] iteration=1851, ncalls=14219, regioncalls=31232, ndraw=128, logz=-121282.95, remainder_fraction=100.0000%, Lmin=-121272.63, Lmax=-10000.00
01:42:25 [ultranest] [DEBUG] iteration=1853, ncalls=14259, regioncalls=31360, ndraw=128, logz=-121281.59, remainder_fraction=100.0000%, Lmin=-121271.39, Lmax=-10000.00
01:42:30 [ultranest] [DEBUG] iteration=1859, ncalls=14291, regioncalls=31488, ndraw=128, logz=-121275.74, remainder_fraction=100.0000%, Lmin=-121265.78, Lmax=-10000.00
01:42:31 [ultranest] [DEBUG] iteration=1861, ncalls=14315, regioncalls=31616, ndraw=128, logz=-121274.99, remainder_fraction=100.0000%, Lmin=-121265.58, Lmax=-10000.00
01:42:40 [ultranest] [DEBUG] iteration=1863, ncalls=14349, regioncalls=31744, ndraw=128, logz=-121273.89, remainder_fraction=100.0000%, Lmin=-121262.51, Lmax=-10000.00
01:42:44 [ultranest] [DEBUG] iteration=1864, ncalls=14371, regioncalls=31872, ndraw=128, logz=-121272.77, remainder_fraction=100.0000%, Lmin=-121261.80, Lmax=-10000.00
01:42:48 [ultranest] [DEBUG] iteration=1865, ncalls=14393, regioncalls=32000, ndraw=128, logz=-121271.91, remainder_fraction=100.0000%, Lmin=-121261.64, Lmax=-10000.00
01:42:54 [ultranest] [DEBUG] iteration=1866, ncalls=14420, regioncalls=32128, ndraw=128, logz=-121271.39, remainder_fraction=100.0000%, Lmin=-121261.59, Lmax=-10000.00
01:42:58 [ultranest] [DEBUG] iteration=1868, ncalls=14448, regioncalls=32256, ndraw=128, logz=-121270.73, remainder_fraction=100.0000%, Lmin=-121260.83, Lmax=-10000.00
01:43:03 [ultranest] [DEBUG] iteration=1872, ncalls=14484, regioncalls=32384, ndraw=128, logz=-121268.83, remainder_fraction=100.0000%, Lmin=-121258.02, Lmax=-10000.00
01:43:14 [ultranest] [DEBUG] iteration=1877, ncalls=14543, regioncalls=32640, ndraw=128, logz=-121265.73, remainder_fraction=100.0000%, Lmin=-121251.99, Lmax=-10000.00
01:43:20 [ultranest] [DEBUG] iteration=1879, ncalls=14570, regioncalls=32768, ndraw=128, logz=-121261.23, remainder_fraction=100.0000%, Lmin=-121250.42, Lmax=-10000.00
01:43:20 [ultranest] [DEBUG] iteration=1880, ncalls=14570, regioncalls=32768, ndraw=128, logz=-121260.48, remainder_fraction=100.0000%, Lmin=-121250.26, Lmax=-10000.00
01:43:27 [ultranest] [DEBUG] iteration=1882, ncalls=14603, regioncalls=32896, ndraw=128, logz=-121259.42, remainder_fraction=100.0000%, Lmin=-121248.77, Lmax=-10000.00
01:43:33 [ultranest] [DEBUG] iteration=1883, ncalls=14630, regioncalls=33024, ndraw=128, logz=-121258.75, remainder_fraction=100.0000%, Lmin=-121248.26, Lmax=-10000.00
01:43:36 [ultranest] [DEBUG] iteration=1884, ncalls=14650, regioncalls=33152, ndraw=128, logz=-121258.16, remainder_fraction=100.0000%, Lmin=-121247.98, Lmax=-10000.00
01:43:45 [ultranest] [DEBUG] iteration=1885, ncalls=14684, regioncalls=33280, ndraw=128, logz=-121257.69, remainder_fraction=100.0000%, Lmin=-121247.58, Lmax=-10000.00
01:43:51 [ultranest] [DEBUG] iteration=1886, ncalls=14713, regioncalls=33408, ndraw=128, logz=-121257.25, remainder_fraction=100.0000%, Lmin=-121247.46, Lmax=-10000.00
01:44:00 [ultranest] [DEBUG] iteration=1887, ncalls=14767, regioncalls=33664, ndraw=128, logz=-121256.92, remainder_fraction=100.0000%, Lmin=-121246.87, Lmax=-10000.00
01:44:05 [ultranest] [DEBUG] iteration=1888, ncalls=14789, regioncalls=33792, ndraw=128, logz=-121256.50, remainder_fraction=100.0000%, Lmin=-121244.48, Lmax=-10000.00
01:44:08 [ultranest] [DEBUG] iteration=1890, ncalls=14814, regioncalls=33920, ndraw=128, logz=-121254.19, remainder_fraction=100.0000%, Lmin=-121243.26, Lmax=-10000.00
01:44:11 [ultranest] [DEBUG] iteration=1893, ncalls=14838, regioncalls=34048, ndraw=128, logz=-121251.89, remainder_fraction=100.0000%, Lmin=-121241.21, Lmax=-10000.00
01:44:13 [ultranest] [DEBUG] iteration=1894, ncalls=14858, regioncalls=34176, ndraw=128, logz=-121251.22, remainder_fraction=100.0000%, Lmin=-121240.40, Lmax=-10000.00
01:44:18 [ultranest] [DEBUG] iteration=1895, ncalls=14884, regioncalls=34304, ndraw=128, logz=-121250.48, remainder_fraction=100.0000%, Lmin=-121236.50, Lmax=-10000.00
01:44:24 [ultranest] [DEBUG] iteration=1897, ncalls=14911, regioncalls=34432, ndraw=128, logz=-121246.36, remainder_fraction=100.0000%, Lmin=-121235.59, Lmax=-10000.00
01:44:29 [ultranest] [DEBUG] iteration=1900, ncalls=14933, regioncalls=34560, ndraw=128, logz=-121244.05, remainder_fraction=100.0000%, Lmin=-121233.02, Lmax=-10000.00
01:44:33 [ultranest] [DEBUG] iteration=1901, ncalls=14963, regioncalls=34688, ndraw=128, logz=-121243.20, remainder_fraction=100.0000%, Lmin=-121232.74, Lmax=-10000.00
01:44:40 [ultranest] [DEBUG] iteration=1902, ncalls=15008, regioncalls=34944, ndraw=128, logz=-121242.64, remainder_fraction=100.0000%, Lmin=-121232.43, Lmax=-10000.00
01:44:47 [ultranest] [DEBUG] iteration=1903, ncalls=15038, regioncalls=35072, ndraw=128, logz=-121242.18, remainder_fraction=100.0000%, Lmin=-121232.12, Lmax=-10000.00
01:44:50 [ultranest] [DEBUG] iteration=1905, ncalls=15063, regioncalls=35200, ndraw=128, logz=-121241.21, remainder_fraction=100.0000%, Lmin=-121231.19, Lmax=-10000.00
01:44:59 [ultranest] [DEBUG] iteration=1906, ncalls=15119, regioncalls=35456, ndraw=128, logz=-121240.81, remainder_fraction=100.0000%, Lmin=-121230.98, Lmax=-10000.00
01:45:03 [ultranest] [DEBUG] iteration=1908, ncalls=15146, regioncalls=35584, ndraw=128, logz=-121240.14, remainder_fraction=100.0000%, Lmin=-121230.17, Lmax=-10000.00
01:45:11 [ultranest] [DEBUG] iteration=1910, ncalls=15174, regioncalls=35712, ndraw=128, logz=-121239.22, remainder_fraction=100.0000%, Lmin=-121228.34, Lmax=-10000.00
01:45:30 [ultranest] [DEBUG] iteration=1912, ncalls=15253, regioncalls=36096, ndraw=128, logz=-121237.72, remainder_fraction=100.0000%, Lmin=-121227.31, Lmax=-10000.00
01:45:44 [ultranest] [DEBUG] iteration=1916, ncalls=15306, regioncalls=36352, ndraw=128, logz=-121235.72, remainder_fraction=100.0000%, Lmin=-121225.49, Lmax=-10000.00
01:45:44 [ultranest] [DEBUG] iteration=1920, ncalls=15306, regioncalls=36352, ndraw=128, logz=-121233.82, remainder_fraction=100.0000%, Lmin=-121222.25, Lmax=-10000.00
01:45:55 [ultranest] [DEBUG] iteration=1922, ncalls=15354, regioncalls=36608, ndraw=128, logz=-121232.07, remainder_fraction=100.0000%, Lmin=-121219.10, Lmax=-10000.00
01:46:01 [ultranest] [DEBUG] iteration=1926, ncalls=15377, regioncalls=36736, ndraw=128, logz=-121227.77, remainder_fraction=100.0000%, Lmin=-121216.76, Lmax=-10000.00
01:46:04 [ultranest] [DEBUG] iteration=1927, ncalls=15400, regioncalls=36864, ndraw=128, logz=-121226.97, remainder_fraction=100.0000%, Lmin=-121214.58, Lmax=-10000.00
01:46:08 [ultranest] [DEBUG] iteration=1929, ncalls=15419, regioncalls=36992, ndraw=128, logz=-121223.63, remainder_fraction=100.0000%, Lmin=-121212.87, Lmax=-10000.00
01:46:14 [ultranest] [DEBUG] iteration=1932, ncalls=15441, regioncalls=37120, ndraw=128, logz=-121221.82, remainder_fraction=100.0000%, Lmin=-121210.07, Lmax=-10000.00
01:46:18 [ultranest] [DEBUG] iteration=1933, ncalls=15465, regioncalls=37248, ndraw=128, logz=-121220.56, remainder_fraction=100.0000%, Lmin=-121209.84, Lmax=-10000.00
01:46:23 [ultranest] [DEBUG] iteration=1936, ncalls=15488, regioncalls=37376, ndraw=128, logz=-121216.78, remainder_fraction=100.0000%, Lmin=-121205.97, Lmax=-10000.00
01:46:31 [ultranest] [DEBUG] iteration=1939, ncalls=15533, regioncalls=37632, ndraw=128, logz=-121212.56, remainder_fraction=100.0000%, Lmin=-121201.29, Lmax=-10000.00
01:46:38 [ultranest] [DEBUG] iteration=1942, ncalls=15560, regioncalls=37760, ndraw=128, logz=-121210.36, remainder_fraction=100.0000%, Lmin=-121199.83, Lmax=-10000.00
01:46:43 [ultranest] [DEBUG] iteration=1944, ncalls=15582, regioncalls=37888, ndraw=128, logz=-121209.29, remainder_fraction=100.0000%, Lmin=-121197.52, Lmax=-10000.00
01:46:48 [ultranest] [DEBUG] iteration=1945, ncalls=15613, regioncalls=38016, ndraw=128, logz=-121208.04, remainder_fraction=100.0000%, Lmin=-121195.92, Lmax=-10000.00
01:46:53 [ultranest] [DEBUG] iteration=1946, ncalls=15641, regioncalls=38144, ndraw=128, logz=-121206.52, remainder_fraction=100.0000%, Lmin=-121194.83, Lmax=-10000.00
01:46:58 [ultranest] [DEBUG] iteration=1949, ncalls=15668, regioncalls=38272, ndraw=128, logz=-121203.13, remainder_fraction=100.0000%, Lmin=-121192.11, Lmax=-10000.00
01:47:02 [ultranest] [DEBUG] iteration=1951, ncalls=15693, regioncalls=38400, ndraw=128, logz=-121201.88, remainder_fraction=100.0000%, Lmin=-121191.45, Lmax=-10000.00
01:47:07 [ultranest] [DEBUG] iteration=1954, ncalls=15719, regioncalls=38528, ndraw=128, logz=-121197.31, remainder_fraction=100.0000%, Lmin=-121185.53, Lmax=-10000.00
01:47:16 [ultranest] [DEBUG] iteration=1955, ncalls=15752, regioncalls=38656, ndraw=128, logz=-121196.07, remainder_fraction=100.0000%, Lmin=-121183.38, Lmax=-10000.00
01:47:20 [ultranest] [DEBUG] iteration=1956, ncalls=15770, regioncalls=38784, ndraw=128, logz=-121194.11, remainder_fraction=100.0000%, Lmin=-121182.76, Lmax=-10000.00
01:47:27 [ultranest] [DEBUG] iteration=1958, ncalls=15799, regioncalls=38912, ndraw=128, logz=-121192.54, remainder_fraction=100.0000%, Lmin=-121179.92, Lmax=-10000.00
01:47:31 [ultranest] [DEBUG] iteration=1960, ncalls=15830, regioncalls=39040, ndraw=128, logz=-121190.00, remainder_fraction=100.0000%, Lmin=-121179.56, Lmax=-10000.00
01:47:34 [ultranest] [DEBUG] iteration=1963, ncalls=15851, regioncalls=39168, ndraw=128, logz=-121188.20, remainder_fraction=100.0000%, Lmin=-121175.87, Lmax=-10000.00
01:47:39 [ultranest] [DEBUG] iteration=1964, ncalls=15870, regioncalls=39296, ndraw=128, logz=-121186.55, remainder_fraction=100.0000%, Lmin=-121173.28, Lmax=-10000.00
01:47:42 [ultranest] [DEBUG] iteration=1965, ncalls=15894, regioncalls=39424, ndraw=128, logz=-121184.09, remainder_fraction=100.0000%, Lmin=-121172.75, Lmax=-10000.00
01:47:52 [ultranest] [DEBUG] iteration=1966, ncalls=15934, regioncalls=39680, ndraw=128, logz=-121183.16, remainder_fraction=100.0000%, Lmin=-121171.78, Lmax=-10000.00
01:48:01 [ultranest] [DEBUG] iteration=1968, ncalls=15977, regioncalls=39936, ndraw=128, logz=-121181.35, remainder_fraction=100.0000%, Lmin=-121168.90, Lmax=-10000.00
01:48:06 [ultranest] [DEBUG] iteration=1971, ncalls=15998, regioncalls=40064, ndraw=128, logz=-121176.08, remainder_fraction=100.0000%, Lmin=-121163.53, Lmax=-10000.00
01:48:11 [ultranest] [DEBUG] iteration=1972, ncalls=16041, regioncalls=40320, ndraw=128, logz=-121174.27, remainder_fraction=100.0000%, Lmin=-121163.14, Lmax=-10000.00
01:48:20 [ultranest] [DEBUG] iteration=1973, ncalls=16097, regioncalls=40576, ndraw=128, logz=-121173.47, remainder_fraction=100.0000%, Lmin=-121162.78, Lmax=-10000.00
01:48:31 [ultranest] [DEBUG] iteration=1975, ncalls=16142, regioncalls=40832, ndraw=128, logz=-121171.83, remainder_fraction=100.0000%, Lmin=-121160.89, Lmax=-10000.00
01:48:40 [ultranest] [DEBUG] iteration=1976, ncalls=16169, regioncalls=40960, ndraw=128, logz=-121171.13, remainder_fraction=100.0000%, Lmin=-121160.45, Lmax=-10000.00
01:48:48 [ultranest] [DEBUG] iteration=1978, ncalls=16214, regioncalls=41216, ndraw=128, logz=-121169.50, remainder_fraction=100.0000%, Lmin=-121158.42, Lmax=-10000.00
01:48:56 [ultranest] [DEBUG] iteration=1980, ncalls=16242, regioncalls=41472, ndraw=128, logz=-121168.29, remainder_fraction=100.0000%, Lmin=-121157.84, Lmax=-10000.00
01:49:03 [ultranest] [DEBUG] iteration=1981, ncalls=16270, regioncalls=41728, ndraw=128, logz=-121167.81, remainder_fraction=100.0000%, Lmin=-121156.69, Lmax=-10000.00
01:49:09 [ultranest] [DEBUG] iteration=1983, ncalls=16293, regioncalls=41856, ndraw=128, logz=-121165.95, remainder_fraction=100.0000%, Lmin=-121154.51, Lmax=-10000.00
01:49:16 [ultranest] [DEBUG] iteration=1984, ncalls=16312, regioncalls=41984, ndraw=128, logz=-121164.98, remainder_fraction=100.0000%, Lmin=-121153.65, Lmax=-10000.00
01:49:18 [ultranest] [DEBUG] iteration=1985, ncalls=16323, regioncalls=42112, ndraw=128, logz=-121164.09, remainder_fraction=100.0000%, Lmin=-121153.23, Lmax=-10000.00
01:49:27 [ultranest] [DEBUG] iteration=1986, ncalls=16346, regioncalls=42368, ndraw=128, logz=-121163.44, remainder_fraction=100.0000%, Lmin=-121152.74, Lmax=-10000.00
01:49:36 [ultranest] [DEBUG] iteration=1990, ncalls=16386, regioncalls=42752, ndraw=128, logz=-121161.65, remainder_fraction=100.0000%, Lmin=-121150.28, Lmax=-10000.00
01:49:38 [ultranest] [DEBUG] iteration=1994, ncalls=16401, regioncalls=42880, ndraw=128, logz=-121158.15, remainder_fraction=100.0000%, Lmin=-121145.69, Lmax=-10000.00
01:49:45 [ultranest] [DEBUG] iteration=1995, ncalls=16419, regioncalls=43008, ndraw=128, logz=-121156.46, remainder_fraction=100.0000%, Lmin=-121145.04, Lmax=-10000.00
01:49:48 [ultranest] [DEBUG] iteration=1999, ncalls=16428, regioncalls=43136, ndraw=128, logz=-121153.30, remainder_fraction=100.0000%, Lmin=-121142.88, Lmax=-10000.00
01:49:55 [ultranest] [DEBUG] iteration=2000, ncalls=16450, regioncalls=43392, ndraw=128, logz=-121152.85, remainder_fraction=100.0000%, Lmin=-121141.83, Lmax=-10000.00
01:49:58 [ultranest] [DEBUG] iteration=2001, ncalls=16468, regioncalls=43520, ndraw=128, logz=-121152.14, remainder_fraction=100.0000%, Lmin=-121141.80, Lmax=-10000.00
01:50:01 [ultranest] [DEBUG] iteration=2002, ncalls=16479, regioncalls=43648, ndraw=128, logz=-121151.72, remainder_fraction=100.0000%, Lmin=-121141.66, Lmax=-10000.00
01:50:10 [ultranest] [DEBUG] iteration=2004, ncalls=16506, regioncalls=43904, ndraw=128, logz=-121151.07, remainder_fraction=100.0000%, Lmin=-121139.85, Lmax=-10000.00
01:50:14 [ultranest] [DEBUG] iteration=2008, ncalls=16520, regioncalls=44032, ndraw=128, logz=-121147.66, remainder_fraction=100.0000%, Lmin=-121137.14, Lmax=-10000.00
01:50:21 [ultranest] [DEBUG] iteration=2010, ncalls=16540, regioncalls=44160, ndraw=128, logz=-121146.49, remainder_fraction=100.0000%, Lmin=-121134.34, Lmax=-10000.00
01:50:31 [ultranest] [DEBUG] iteration=2012, ncalls=16582, regioncalls=44544, ndraw=128, logz=-121144.21, remainder_fraction=100.0000%, Lmin=-121131.73, Lmax=-10000.00
01:50:39 [ultranest] [DEBUG] iteration=2013, ncalls=16608, regioncalls=44672, ndraw=128, logz=-121142.54, remainder_fraction=100.0000%, Lmin=-121131.15, Lmax=-10000.00
01:50:43 [ultranest] [DEBUG] iteration=2015, ncalls=16624, regioncalls=44800, ndraw=128, logz=-121141.09, remainder_fraction=100.0000%, Lmin=-121130.84, Lmax=-10000.00
01:50:47 [ultranest] [DEBUG] iteration=2016, ncalls=16639, regioncalls=44928, ndraw=128, logz=-121140.72, remainder_fraction=100.0000%, Lmin=-121129.07, Lmax=-10000.00
01:50:51 [ultranest] [DEBUG] iteration=2017, ncalls=16654, regioncalls=45056, ndraw=128, logz=-121139.67, remainder_fraction=100.0000%, Lmin=-121128.63, Lmax=-10000.00
01:51:11 [ultranest] [DEBUG] iteration=2020, ncalls=16741, regioncalls=45696, ndraw=128, logz=-121137.07, remainder_fraction=100.0000%, Lmin=-121126.44, Lmax=-10000.00
01:51:16 [ultranest] [DEBUG] iteration=2022, ncalls=16759, regioncalls=45824, ndraw=128, logz=-121136.18, remainder_fraction=100.0000%, Lmin=-121126.06, Lmax=-10000.00
01:51:26 [ultranest] [DEBUG] iteration=2023, ncalls=16788, regioncalls=46080, ndraw=128, logz=-121135.85, remainder_fraction=100.0000%, Lmin=-121125.58, Lmax=-10000.00
01:51:29 [ultranest] [DEBUG] iteration=2025, ncalls=16798, regioncalls=46208, ndraw=128, logz=-121133.44, remainder_fraction=100.0000%, Lmin=-121117.36, Lmax=-10000.00
01:51:31 [ultranest] [DEBUG] iteration=2026, ncalls=16813, regioncalls=46336, ndraw=128, logz=-121128.41, remainder_fraction=100.0000%, Lmin=-121117.22, Lmax=-10000.00
01:51:35 [ultranest] [DEBUG] iteration=2028, ncalls=16828, regioncalls=46464, ndraw=128, logz=-121126.14, remainder_fraction=100.0000%, Lmin=-121111.68, Lmax=-10000.00
01:51:41 [ultranest] [DEBUG] iteration=2029, ncalls=16853, regioncalls=46592, ndraw=128, logz=-121122.71, remainder_fraction=100.0000%, Lmin=-121111.07, Lmax=-10000.00
01:52:00 [ultranest] [DEBUG] iteration=2032, ncalls=16935, regioncalls=47232, ndraw=128, logz=-121119.85, remainder_fraction=100.0000%, Lmin=-121109.15, Lmax=-10000.00
01:52:06 [ultranest] [DEBUG] iteration=2033, ncalls=16955, regioncalls=47360, ndraw=128, logz=-121119.33, remainder_fraction=100.0000%, Lmin=-121108.94, Lmax=-10000.00
01:52:11 [ultranest] [DEBUG] iteration=2036, ncalls=16972, regioncalls=47488, ndraw=128, logz=-121114.46, remainder_fraction=100.0000%, Lmin=-121100.11, Lmax=-10000.00
01:52:15 [ultranest] [DEBUG] iteration=2038, ncalls=16985, regioncalls=47616, ndraw=128, logz=-121110.30, remainder_fraction=100.0000%, Lmin=-121099.48, Lmax=-10000.00
01:52:23 [ultranest] [DEBUG] iteration=2040, ncalls=17012, regioncalls=47872, ndraw=128, logz=-121109.26, remainder_fraction=100.0000%, Lmin=-121098.94, Lmax=-10000.00
01:52:27 [ultranest] [DEBUG] iteration=2042, ncalls=17027, regioncalls=48000, ndraw=128, logz=-121108.24, remainder_fraction=100.0000%, Lmin=-121095.83, Lmax=-10000.00
01:52:32 [ultranest] [DEBUG] iteration=2043, ncalls=17042, regioncalls=48128, ndraw=128, logz=-121106.69, remainder_fraction=100.0000%, Lmin=-121095.83, Lmax=-10000.00
01:52:38 [ultranest] [DEBUG] iteration=2045, ncalls=17057, regioncalls=48256, ndraw=128, logz=-121104.22, remainder_fraction=100.0000%, Lmin=-121093.02, Lmax=-10000.00
01:52:47 [ultranest] [DEBUG] iteration=2047, ncalls=17093, regioncalls=48512, ndraw=128, logz=-121102.68, remainder_fraction=100.0000%, Lmin=-121091.80, Lmax=-10000.00
01:52:56 [ultranest] [DEBUG] iteration=2050, ncalls=17142, regioncalls=48896, ndraw=128, logz=-121101.04, remainder_fraction=100.0000%, Lmin=-121089.57, Lmax=-10000.00
01:53:01 [ultranest] [DEBUG] iteration=2052, ncalls=17156, regioncalls=49024, ndraw=128, logz=-121099.29, remainder_fraction=100.0000%, Lmin=-121087.44, Lmax=-10000.00
01:53:16 [ultranest] [DEBUG] iteration=2053, ncalls=17196, regioncalls=49280, ndraw=128, logz=-121098.17, remainder_fraction=100.0000%, Lmin=-121086.12, Lmax=-10000.00
01:53:33 [ultranest] [DEBUG] iteration=2058, ncalls=17252, regioncalls=49792, ndraw=128, logz=-121094.58, remainder_fraction=100.0000%, Lmin=-121084.21, Lmax=-10000.00
01:53:39 [ultranest] [DEBUG] iteration=2059, ncalls=17270, regioncalls=49920, ndraw=128, logz=-121094.20, remainder_fraction=100.0000%, Lmin=-121081.94, Lmax=-10000.00
01:53:43 [ultranest] [DEBUG] iteration=2060, ncalls=17285, regioncalls=50048, ndraw=128, logz=-121092.80, remainder_fraction=100.0000%, Lmin=-121080.82, Lmax=-10000.00
01:53:50 [ultranest] [DEBUG] iteration=2062, ncalls=17306, regioncalls=50304, ndraw=128, logz=-121091.06, remainder_fraction=100.0000%, Lmin=-121080.01, Lmax=-10000.00
01:53:55 [ultranest] [DEBUG] iteration=2063, ncalls=17325, regioncalls=50432, ndraw=128, logz=-121090.41, remainder_fraction=100.0000%, Lmin=-121078.33, Lmax=-10000.00
01:54:02 [ultranest] [DEBUG] iteration=2064, ncalls=17345, regioncalls=50560, ndraw=128, logz=-121089.15, remainder_fraction=100.0000%, Lmin=-121078.31, Lmax=-10000.00
01:54:06 [ultranest] [DEBUG] iteration=2067, ncalls=17357, regioncalls=50688, ndraw=128, logz=-121087.33, remainder_fraction=100.0000%, Lmin=-121076.49, Lmax=-10000.00
01:54:09 [ultranest] [DEBUG] iteration=2070, ncalls=17369, regioncalls=50816, ndraw=128, logz=-121084.62, remainder_fraction=100.0000%, Lmin=-121071.95, Lmax=-10000.00
01:54:12 [ultranest] [DEBUG] iteration=2074, ncalls=17381, regioncalls=50944, ndraw=128, logz=-121077.21, remainder_fraction=100.0000%, Lmin=-121064.93, Lmax=-10000.00
01:54:16 [ultranest] [DEBUG] iteration=2075, ncalls=17400, regioncalls=51072, ndraw=128, logz=-121075.82, remainder_fraction=100.0000%, Lmin=-121064.11, Lmax=-10000.00
01:54:21 [ultranest] [DEBUG] iteration=2076, ncalls=17417, regioncalls=51200, ndraw=128, logz=-121074.83, remainder_fraction=100.0000%, Lmin=-121063.70, Lmax=-10000.00
01:54:33 [ultranest] [DEBUG] iteration=2077, ncalls=17467, regioncalls=51584, ndraw=128, logz=-121074.16, remainder_fraction=100.0000%, Lmin=-121063.37, Lmax=-10000.00
01:54:36 [ultranest] [DEBUG] iteration=2080, ncalls=17481, regioncalls=51712, ndraw=128, logz=-121071.65, remainder_fraction=100.0000%, Lmin=-121060.30, Lmax=-10000.00
01:54:40 [ultranest] [DEBUG] iteration=2081, ncalls=17497, regioncalls=51840, ndraw=128, logz=-121070.88, remainder_fraction=100.0000%, Lmin=-121058.54, Lmax=-10000.00
01:54:42 [ultranest] [DEBUG] iteration=2082, ncalls=17509, regioncalls=51968, ndraw=128, logz=-121069.45, remainder_fraction=100.0000%, Lmin=-121056.94, Lmax=-10000.00
01:54:53 [ultranest] [DEBUG] iteration=2083, ncalls=17551, regioncalls=52352, ndraw=128, logz=-121067.90, remainder_fraction=100.0000%, Lmin=-121056.40, Lmax=-10000.00
01:55:20 [ultranest] [DEBUG] iteration=2087, ncalls=17640, regioncalls=53120, ndraw=128, logz=-121063.05, remainder_fraction=100.0000%, Lmin=-121051.86, Lmax=-10000.00
01:55:34 [ultranest] [DEBUG] iteration=2088, ncalls=17699, regioncalls=53632, ndraw=128, logz=-121062.37, remainder_fraction=100.0000%, Lmin=-121051.38, Lmax=-10000.00
01:55:36 [ultranest] [DEBUG] iteration=2090, ncalls=17715, regioncalls=53760, ndraw=128, logz=-121061.41, remainder_fraction=100.0000%, Lmin=-121051.13, Lmax=-10000.00
01:55:41 [ultranest] [DEBUG] iteration=2092, ncalls=17729, regioncalls=53888, ndraw=128, logz=-121060.82, remainder_fraction=100.0000%, Lmin=-121050.01, Lmax=-10000.00
01:55:47 [ultranest] [DEBUG] iteration=2093, ncalls=17745, regioncalls=54016, ndraw=128, logz=-121060.31, remainder_fraction=100.0000%, Lmin=-121049.62, Lmax=-10000.00
01:55:52 [ultranest] [DEBUG] iteration=2096, ncalls=17762, regioncalls=54144, ndraw=128, logz=-121058.18, remainder_fraction=100.0000%, Lmin=-121046.23, Lmax=-10000.00
01:56:00 [ultranest] [DEBUG] iteration=2098, ncalls=17781, regioncalls=54272, ndraw=128, logz=-121056.54, remainder_fraction=100.0000%, Lmin=-121046.17, Lmax=-10000.00
01:56:06 [ultranest] [DEBUG] iteration=2102, ncalls=17794, regioncalls=54400, ndraw=128, logz=-121054.88, remainder_fraction=100.0000%, Lmin=-121042.30, Lmax=-10000.00
01:56:10 [ultranest] [DEBUG] iteration=2103, ncalls=17802, regioncalls=54528, ndraw=128, logz=-121053.31, remainder_fraction=100.0000%, Lmin=-121039.31, Lmax=-10000.00
01:56:16 [ultranest] [DEBUG] iteration=2104, ncalls=17826, regioncalls=54784, ndraw=128, logz=-121050.49, remainder_fraction=100.0000%, Lmin=-121036.67, Lmax=-10000.00
01:56:23 [ultranest] [DEBUG] iteration=2105, ncalls=17853, regioncalls=55040, ndraw=128, logz=-121047.85, remainder_fraction=100.0000%, Lmin=-121036.62, Lmax=-10000.00
01:56:27 [ultranest] [DEBUG] iteration=2106, ncalls=17867, regioncalls=55168, ndraw=128, logz=-121047.17, remainder_fraction=100.0000%, Lmin=-121035.09, Lmax=-10000.00
01:56:30 [ultranest] [DEBUG] iteration=2107, ncalls=17880, regioncalls=55296, ndraw=128, logz=-121045.99, remainder_fraction=100.0000%, Lmin=-121032.88, Lmax=-10000.00
01:56:45 [ultranest] [DEBUG] iteration=2108, ncalls=17926, regioncalls=55808, ndraw=128, logz=-121044.00, remainder_fraction=100.0000%, Lmin=-121029.76, Lmax=-10000.00
01:57:01 [ultranest] [DEBUG] iteration=2109, ncalls=17968, regioncalls=56192, ndraw=128, logz=-121040.97, remainder_fraction=100.0000%, Lmin=-121023.67, Lmax=-10000.00
01:57:06 [ultranest] [DEBUG] iteration=2111, ncalls=17980, regioncalls=56320, ndraw=128, logz=-121033.18, remainder_fraction=100.0000%, Lmin=-121020.83, Lmax=-10000.00
01:57:08 [ultranest] [DEBUG] iteration=2113, ncalls=17988, regioncalls=56448, ndraw=128, logz=-121029.69, remainder_fraction=100.0000%, Lmin=-121018.02, Lmax=-10000.00
01:57:19 [ultranest] [DEBUG] iteration=2114, ncalls=18022, regioncalls=56832, ndraw=128, logz=-121028.78, remainder_fraction=100.0000%, Lmin=-121017.25, Lmax=-10000.00
01:57:26 [ultranest] [DEBUG] iteration=2115, ncalls=18039, regioncalls=56960, ndraw=128, logz=-121027.95, remainder_fraction=100.0000%, Lmin=-121015.14, Lmax=-10000.00
01:57:29 [ultranest] [DEBUG] iteration=2116, ncalls=18051, regioncalls=57088, ndraw=128, logz=-121026.22, remainder_fraction=100.0000%, Lmin=-121014.64, Lmax=-10000.00
01:57:32 [ultranest] [DEBUG] iteration=2117, ncalls=18068, regioncalls=57216, ndraw=128, logz=-121025.37, remainder_fraction=100.0000%, Lmin=-121014.22, Lmax=-10000.00
01:57:50 [ultranest] [DEBUG] iteration=2118, ncalls=18130, regioncalls=57728, ndraw=128, logz=-121024.74, remainder_fraction=100.0000%, Lmin=-121013.79, Lmax=-10000.00
01:57:53 [ultranest] [DEBUG] iteration=2119, ncalls=18138, regioncalls=57856, ndraw=128, logz=-121024.20, remainder_fraction=100.0000%, Lmin=-121011.22, Lmax=-10000.00
01:58:05 [ultranest] [DEBUG] iteration=2120, ncalls=18180, regioncalls=58240, ndraw=128, logz=-121022.34, remainder_fraction=100.0000%, Lmin=-121009.49, Lmax=-10000.00
01:58:10 [ultranest] [DEBUG] iteration=2124, ncalls=18194, regioncalls=58368, ndraw=128, logz=-121019.09, remainder_fraction=100.0000%, Lmin=-121008.65, Lmax=-10000.00
01:58:16 [ultranest] [DEBUG] iteration=2125, ncalls=18217, regioncalls=58624, ndraw=128, logz=-121018.74, remainder_fraction=100.0000%, Lmin=-121007.36, Lmax=-10000.00
01:58:26 [ultranest] [DEBUG] iteration=2126, ncalls=18249, regioncalls=59008, ndraw=128, logz=-121018.01, remainder_fraction=100.0000%, Lmin=-121006.42, Lmax=-10000.00
01:58:32 [ultranest] [DEBUG] iteration=2128, ncalls=18268, regioncalls=59136, ndraw=128, logz=-121015.13, remainder_fraction=100.0000%, Lmin=-121001.09, Lmax=-10000.00
01:58:47 [ultranest] [DEBUG] iteration=2131, ncalls=18316, regioncalls=59648, ndraw=128, logz=-121009.87, remainder_fraction=100.0000%, Lmin=-120998.63, Lmax=-10000.00
01:58:56 [ultranest] [DEBUG] iteration=2132, ncalls=18344, regioncalls=59904, ndraw=128, logz=-121009.22, remainder_fraction=100.0000%, Lmin=-120993.79, Lmax=-10000.00
01:59:00 [ultranest] [DEBUG] iteration=2134, ncalls=18358, regioncalls=60032, ndraw=128, logz=-121003.68, remainder_fraction=100.0000%, Lmin=-120992.55, Lmax=-10000.00
01:59:03 [ultranest] [DEBUG] iteration=2135, ncalls=18368, regioncalls=60160, ndraw=128, logz=-121003.08, remainder_fraction=100.0000%, Lmin=-120991.49, Lmax=-10000.00
01:59:25 [ultranest] [DEBUG] iteration=2137, ncalls=18438, regioncalls=60928, ndraw=128, logz=-121001.78, remainder_fraction=100.0000%, Lmin=-120990.87, Lmax=-10000.00
01:59:31 [ultranest] [DEBUG] iteration=2139, ncalls=18456, regioncalls=61056, ndraw=128, logz=-121000.82, remainder_fraction=100.0000%, Lmin=-120988.37, Lmax=-10000.00
01:59:35 [ultranest] [DEBUG] iteration=2142, ncalls=18468, regioncalls=61184, ndraw=128, logz=-120996.98, remainder_fraction=100.0000%, Lmin=-120984.58, Lmax=-10000.00
01:59:48 [ultranest] [DEBUG] iteration=2143, ncalls=18508, regioncalls=61568, ndraw=128, logz=-120995.63, remainder_fraction=100.0000%, Lmin=-120984.27, Lmax=-10000.00
01:59:52 [ultranest] [DEBUG] iteration=2145, ncalls=18515, regioncalls=61696, ndraw=128, logz=-120994.40, remainder_fraction=100.0000%, Lmin=-120983.08, Lmax=-10000.00
01:59:53 [ultranest] [DEBUG] iteration=2146, ncalls=18527, regioncalls=61824, ndraw=128, logz=-120993.73, remainder_fraction=100.0000%, Lmin=-120982.86, Lmax=-10000.00
02:00:02 [ultranest] [DEBUG] iteration=2147, ncalls=18552, regioncalls=61952, ndraw=128, logz=-120993.25, remainder_fraction=100.0000%, Lmin=-120982.36, Lmax=-10000.00
02:00:12 [ultranest] [DEBUG] iteration=2148, ncalls=18575, regioncalls=62080, ndraw=128, logz=-120992.76, remainder_fraction=100.0000%, Lmin=-120981.84, Lmax=-10000.00
02:00:13 [ultranest] [DEBUG] iteration=2150, ncalls=18581, regioncalls=62208, ndraw=128, logz=-120991.93, remainder_fraction=100.0000%, Lmin=-120981.71, Lmax=-10000.00
02:00:17 [ultranest] [DEBUG] iteration=2151, ncalls=18597, regioncalls=62336, ndraw=128, logz=-120991.65, remainder_fraction=100.0000%, Lmin=-120981.14, Lmax=-10000.00
02:00:19 [ultranest] [DEBUG] iteration=2152, ncalls=18607, regioncalls=62464, ndraw=128, logz=-120991.30, remainder_fraction=100.0000%, Lmin=-120981.01, Lmax=-10000.00
02:00:24 [ultranest] [DEBUG] iteration=2153, ncalls=18617, regioncalls=62592, ndraw=128, logz=-120991.01, remainder_fraction=100.0000%, Lmin=-120979.92, Lmax=-10000.00
02:00:34 [ultranest] [DEBUG] iteration=2154, ncalls=18650, regioncalls=62976, ndraw=128, logz=-120990.45, remainder_fraction=100.0000%, Lmin=-120979.39, Lmax=-10000.00
02:00:39 [ultranest] [DEBUG] iteration=2155, ncalls=18667, regioncalls=63104, ndraw=128, logz=-120989.90, remainder_fraction=100.0000%, Lmin=-120977.91, Lmax=-10000.00
02:00:45 [ultranest] [DEBUG] iteration=2157, ncalls=18688, regioncalls=63360, ndraw=128, logz=-120987.59, remainder_fraction=100.0000%, Lmin=-120974.51, Lmax=-10000.00
02:00:49 [ultranest] [DEBUG] iteration=2158, ncalls=18707, regioncalls=63488, ndraw=128, logz=-120985.73, remainder_fraction=100.0000%, Lmin=-120973.06, Lmax=-10000.00
02:00:57 [ultranest] [DEBUG] iteration=2159, ncalls=18728, regioncalls=63744, ndraw=128, logz=-120984.20, remainder_fraction=100.0000%, Lmin=-120967.35, Lmax=-10000.00
02:00:57 [ultranest] [DEBUG] iteration=2160, ncalls=18728, regioncalls=63744, ndraw=128, logz=-120978.74, remainder_fraction=100.0000%, Lmin=-120966.54, Lmax=-10000.00
02:01:12 [ultranest] [DEBUG] iteration=2161, ncalls=18792, regioncalls=64384, ndraw=128, logz=-120977.56, remainder_fraction=100.0000%, Lmin=-120965.88, Lmax=-10000.00
02:01:14 [ultranest] [DEBUG] iteration=2163, ncalls=18799, regioncalls=64512, ndraw=128, logz=-120976.15, remainder_fraction=100.0000%, Lmin=-120964.12, Lmax=-10000.00
02:01:19 [ultranest] [DEBUG] iteration=2164, ncalls=18819, regioncalls=64640, ndraw=128, logz=-120975.09, remainder_fraction=100.0000%, Lmin=-120963.97, Lmax=-10000.00
02:01:27 [ultranest] [DEBUG] iteration=2165, ncalls=18842, regioncalls=64896, ndraw=128, logz=-120974.53, remainder_fraction=100.0000%, Lmin=-120962.79, Lmax=-10000.00
02:01:32 [ultranest] [DEBUG] iteration=2166, ncalls=18857, regioncalls=65024, ndraw=128, logz=-120973.65, remainder_fraction=100.0000%, Lmin=-120962.11, Lmax=-10000.00
02:01:36 [ultranest] [DEBUG] iteration=2167, ncalls=18870, regioncalls=65152, ndraw=128, logz=-120972.89, remainder_fraction=100.0000%, Lmin=-120955.72, Lmax=-10000.00
02:01:44 [ultranest] [DEBUG] iteration=2168, ncalls=18896, regioncalls=65408, ndraw=128, logz=-120967.12, remainder_fraction=100.0000%, Lmin=-120955.04, Lmax=-10000.00
02:01:55 [ultranest] [DEBUG] iteration=2171, ncalls=18934, regioncalls=65792, ndraw=128, logz=-120964.83, remainder_fraction=100.0000%, Lmin=-120947.41, Lmax=-10000.00
02:01:58 [ultranest] [DEBUG] iteration=2172, ncalls=18952, regioncalls=65920, ndraw=128, logz=-120958.83, remainder_fraction=100.0000%, Lmin=-120946.77, Lmax=-10000.00
02:02:04 [ultranest] [DEBUG] iteration=2173, ncalls=18963, regioncalls=66048, ndraw=128, logz=-120957.77, remainder_fraction=100.0000%, Lmin=-120946.57, Lmax=-10000.00
02:02:07 [ultranest] [DEBUG] iteration=2174, ncalls=18972, regioncalls=66176, ndraw=128, logz=-120957.18, remainder_fraction=100.0000%, Lmin=-120943.80, Lmax=-10000.00
02:02:11 [ultranest] [DEBUG] iteration=2175, ncalls=18985, regioncalls=66304, ndraw=128, logz=-120955.10, remainder_fraction=100.0000%, Lmin=-120942.76, Lmax=-10000.00
02:02:29 [ultranest] [DEBUG] iteration=2176, ncalls=19036, regioncalls=66816, ndraw=128, logz=-120953.85, remainder_fraction=100.0000%, Lmin=-120938.89, Lmax=-10000.00
02:02:35 [ultranest] [DEBUG] iteration=2177, ncalls=19050, regioncalls=66944, ndraw=128, logz=-120950.30, remainder_fraction=100.0000%, Lmin=-120938.14, Lmax=-10000.00
02:02:38 [ultranest] [DEBUG] iteration=2178, ncalls=19059, regioncalls=67072, ndraw=128, logz=-120949.18, remainder_fraction=100.0000%, Lmin=-120935.75, Lmax=-10000.00
02:02:44 [ultranest] [DEBUG] iteration=2179, ncalls=19076, regioncalls=67200, ndraw=128, logz=-120947.06, remainder_fraction=100.0000%, Lmin=-120934.99, Lmax=-10000.00
02:02:48 [ultranest] [DEBUG] iteration=2181, ncalls=19090, regioncalls=67328, ndraw=128, logz=-120945.07, remainder_fraction=100.0000%, Lmin=-120932.82, Lmax=-10000.00
02:02:55 [ultranest] [DEBUG] iteration=2183, ncalls=19119, regioncalls=67584, ndraw=128, logz=-120940.33, remainder_fraction=100.0000%, Lmin=-120928.42, Lmax=-10000.00
02:02:58 [ultranest] [DEBUG] iteration=2184, ncalls=19129, regioncalls=67712, ndraw=128, logz=-120939.38, remainder_fraction=100.0000%, Lmin=-120921.59, Lmax=-10000.00
02:03:01 [ultranest] [DEBUG] iteration=2185, ncalls=19141, regioncalls=67840, ndraw=128, logz=-120933.04, remainder_fraction=100.0000%, Lmin=-120921.05, Lmax=-10000.00
02:03:05 [ultranest] [DEBUG] iteration=2186, ncalls=19157, regioncalls=67968, ndraw=128, logz=-120932.04, remainder_fraction=100.0000%, Lmin=-120918.73, Lmax=-10000.00
02:03:10 [ultranest] [DEBUG] iteration=2187, ncalls=19171, regioncalls=68096, ndraw=128, logz=-120930.05, remainder_fraction=100.0000%, Lmin=-120916.34, Lmax=-10000.00
02:03:16 [ultranest] [DEBUG] iteration=2188, ncalls=19189, regioncalls=68352, ndraw=128, logz=-120927.70, remainder_fraction=100.0000%, Lmin=-120916.27, Lmax=-10000.00
02:03:18 [ultranest] [DEBUG] iteration=2190, ncalls=19197, regioncalls=68480, ndraw=128, logz=-120925.67, remainder_fraction=100.0000%, Lmin=-120913.81, Lmax=-10000.00
02:03:25 [ultranest] [DEBUG] iteration=2191, ncalls=19214, regioncalls=68736, ndraw=128, logz=-120924.76, remainder_fraction=100.0000%, Lmin=-120909.56, Lmax=-10000.00
02:03:32 [ultranest] [DEBUG] iteration=2192, ncalls=19236, regioncalls=68992, ndraw=128, logz=-120921.00, remainder_fraction=100.0000%, Lmin=-120905.89, Lmax=-10000.00
02:03:35 [ultranest] [DEBUG] iteration=2193, ncalls=19245, regioncalls=69120, ndraw=128, logz=-120917.33, remainder_fraction=100.0000%, Lmin=-120905.60, Lmax=-10000.00
02:03:40 [ultranest] [DEBUG] iteration=2194, ncalls=19259, regioncalls=69248, ndraw=128, logz=-120916.50, remainder_fraction=100.0000%, Lmin=-120903.68, Lmax=-10000.00
02:03:46 [ultranest] [DEBUG] iteration=2195, ncalls=19275, regioncalls=69376, ndraw=128, logz=-120914.92, remainder_fraction=100.0000%, Lmin=-120900.61, Lmax=-10000.00
02:04:12 [ultranest] [DEBUG] iteration=2197, ncalls=19345, regioncalls=70272, ndraw=128, logz=-120907.65, remainder_fraction=100.0000%, Lmin=-120895.87, Lmax=-10000.00
02:04:21 [ultranest] [DEBUG] iteration=2199, ncalls=19372, regioncalls=70528, ndraw=128, logz=-120906.17, remainder_fraction=100.0000%, Lmin=-120894.50, Lmax=-10000.00
02:04:25 [ultranest] [DEBUG] iteration=2200, ncalls=19385, regioncalls=70656, ndraw=128, logz=-120905.38, remainder_fraction=100.0000%, Lmin=-120892.39, Lmax=-10000.00
02:04:34 [ultranest] [DEBUG] iteration=2201, ncalls=19418, regioncalls=71040, ndraw=128, logz=-120903.68, remainder_fraction=100.0000%, Lmin=-120891.83, Lmax=-10000.00
02:04:36 [ultranest] [DEBUG] iteration=2202, ncalls=19429, regioncalls=71168, ndraw=128, logz=-120902.79, remainder_fraction=100.0000%, Lmin=-120887.17, Lmax=-10000.00
02:04:45 [ultranest] [DEBUG] iteration=2203, ncalls=19453, regioncalls=71296, ndraw=128, logz=-120898.65, remainder_fraction=100.0000%, Lmin=-120886.03, Lmax=-10000.00
02:04:49 [ultranest] [DEBUG] iteration=2206, ncalls=19466, regioncalls=71424, ndraw=128, logz=-120887.52, remainder_fraction=100.0000%, Lmin=-120875.55, Lmax=-10000.00
02:04:52 [ultranest] [DEBUG] iteration=2207, ncalls=19476, regioncalls=71552, ndraw=128, logz=-120886.57, remainder_fraction=100.0000%, Lmin=-120871.80, Lmax=-10000.00
02:04:57 [ultranest] [DEBUG] iteration=2208, ncalls=19490, regioncalls=71680, ndraw=128, logz=-120883.27, remainder_fraction=100.0000%, Lmin=-120869.93, Lmax=-10000.00
02:05:04 [ultranest] [DEBUG] iteration=2209, ncalls=19511, regioncalls=71936, ndraw=128, logz=-120881.30, remainder_fraction=100.0000%, Lmin=-120867.59, Lmax=-10000.00
02:05:17 [ultranest] [DEBUG] iteration=2210, ncalls=19536, regioncalls=72192, ndraw=128, logz=-120879.00, remainder_fraction=100.0000%, Lmin=-120866.72, Lmax=-10000.00
02:05:22 [ultranest] [DEBUG] iteration=2212, ncalls=19550, regioncalls=72320, ndraw=128, logz=-120876.55, remainder_fraction=100.0000%, Lmin=-120863.51, Lmax=-10000.00
02:05:58 [ultranest] [DEBUG] iteration=2213, ncalls=19660, regioncalls=73600, ndraw=128, logz=-120874.83, remainder_fraction=100.0000%, Lmin=-120862.89, Lmax=-10000.00
02:06:11 [ultranest] [DEBUG] iteration=2214, ncalls=19701, regioncalls=74112, ndraw=128, logz=-120873.91, remainder_fraction=100.0000%, Lmin=-120861.52, Lmax=-10000.00
02:06:23 [ultranest] [DEBUG] iteration=2215, ncalls=19741, regioncalls=74496, ndraw=128, logz=-120872.70, remainder_fraction=100.0000%, Lmin=-120856.89, Lmax=-10000.00
02:06:31 [ultranest] [DEBUG] iteration=2216, ncalls=19757, regioncalls=74624, ndraw=128, logz=-120868.41, remainder_fraction=100.0000%, Lmin=-120855.57, Lmax=-10000.00
02:06:46 [ultranest] [DEBUG] iteration=2222, ncalls=19797, regioncalls=75008, ndraw=128, logz=-120860.23, remainder_fraction=100.0000%, Lmin=-120848.83, Lmax=-10000.00
02:06:54 [ultranest] [DEBUG] iteration=2223, ncalls=19818, regioncalls=75264, ndraw=128, logz=-120859.61, remainder_fraction=100.0000%, Lmin=-120843.99, Lmax=-10000.00
02:06:57 [ultranest] [DEBUG] iteration=2224, ncalls=19826, regioncalls=75392, ndraw=128, logz=-120855.53, remainder_fraction=100.0000%, Lmin=-120841.59, Lmax=-10000.00
02:07:03 [ultranest] [DEBUG] iteration=2225, ncalls=19838, regioncalls=75520, ndraw=128, logz=-120853.05, remainder_fraction=100.0000%, Lmin=-120840.79, Lmax=-10000.00
02:07:12 [ultranest] [DEBUG] iteration=2226, ncalls=19864, regioncalls=75776, ndraw=128, logz=-120851.94, remainder_fraction=100.0000%, Lmin=-120840.55, Lmax=-10000.00
02:07:17 [ultranest] [DEBUG] iteration=2227, ncalls=19879, regioncalls=75904, ndraw=128, logz=-120851.33, remainder_fraction=100.0000%, Lmin=-120839.63, Lmax=-10000.00
02:07:23 [ultranest] [DEBUG] iteration=2229, ncalls=19893, regioncalls=76032, ndraw=128, logz=-120849.49, remainder_fraction=100.0000%, Lmin=-120837.18, Lmax=-10000.00
02:07:36 [ultranest] [DEBUG] iteration=2231, ncalls=19927, regioncalls=76416, ndraw=128, logz=-120846.82, remainder_fraction=100.0000%, Lmin=-120833.43, Lmax=-10000.00
02:07:37 [ultranest] [DEBUG] iteration=2233, ncalls=19937, regioncalls=76544, ndraw=128, logz=-120842.90, remainder_fraction=100.0000%, Lmin=-120821.38, Lmax=-10000.00
02:07:44 [ultranest] [DEBUG] iteration=2234, ncalls=19951, regioncalls=76672, ndraw=128, logz=-120832.95, remainder_fraction=100.0000%, Lmin=-120819.12, Lmax=-10000.00
02:07:48 [ultranest] [DEBUG] iteration=2236, ncalls=19965, regioncalls=76800, ndraw=128, logz=-120829.66, remainder_fraction=100.0000%, Lmin=-120816.62, Lmax=-10000.00
02:07:58 [ultranest] [DEBUG] iteration=2238, ncalls=19995, regioncalls=77184, ndraw=128, logz=-120827.22, remainder_fraction=100.0000%, Lmin=-120815.59, Lmax=-10000.00
02:08:14 [ultranest] [DEBUG] iteration=2239, ncalls=20046, regioncalls=77696, ndraw=128, logz=-120826.51, remainder_fraction=100.0000%, Lmin=-120809.34, Lmax=-10000.00
02:08:19 [ultranest] [DEBUG] iteration=2240, ncalls=20056, regioncalls=77824, ndraw=128, logz=-120820.93, remainder_fraction=100.0000%, Lmin=-120809.16, Lmax=-10000.00
02:08:25 [ultranest] [DEBUG] iteration=2242, ncalls=20069, regioncalls=77952, ndraw=128, logz=-120819.27, remainder_fraction=100.0000%, Lmin=-120806.48, Lmax=-10000.00
02:08:34 [ultranest] [DEBUG] iteration=2243, ncalls=20095, regioncalls=78208, ndraw=128, logz=-120817.81, remainder_fraction=100.0000%, Lmin=-120805.08, Lmax=-10000.00
02:08:49 [ultranest] [DEBUG] iteration=2244, ncalls=20134, regioncalls=78720, ndraw=128, logz=-120816.40, remainder_fraction=100.0000%, Lmin=-120803.96, Lmax=-10000.00
02:09:02 [ultranest] [DEBUG] iteration=2245, ncalls=20185, regioncalls=79232, ndraw=128, logz=-120815.20, remainder_fraction=100.0000%, Lmin=-120803.37, Lmax=-10000.00
02:09:06 [ultranest] [DEBUG] iteration=2246, ncalls=20198, regioncalls=79360, ndraw=128, logz=-120814.39, remainder_fraction=100.0000%, Lmin=-120802.63, Lmax=-10000.00
02:09:14 [ultranest] [DEBUG] iteration=2247, ncalls=20222, regioncalls=79616, ndraw=128, logz=-120813.62, remainder_fraction=100.0000%, Lmin=-120798.00, Lmax=-10000.00
02:09:17 [ultranest] [DEBUG] iteration=2248, ncalls=20229, regioncalls=79744, ndraw=128, logz=-120809.59, remainder_fraction=100.0000%, Lmin=-120797.57, Lmax=-10000.00
02:09:22 [ultranest] [DEBUG] iteration=2249, ncalls=20244, regioncalls=79872, ndraw=128, logz=-120808.67, remainder_fraction=100.0000%, Lmin=-120795.85, Lmax=-10000.00
02:09:22 [ultranest] [DEBUG] clustering found some stray points [need_accept=False] (array([1, 2, 3]), array([ 67, 332,   1]))
02:09:31 [ultranest] [DEBUG] iteration=2250, ncalls=20271, regioncalls=80128, ndraw=128, logz=-120807.20, remainder_fraction=100.0000%, Lmin=-120794.65, Lmax=-10000.00
02:09:38 [ultranest] [DEBUG] iteration=2252, ncalls=20286, regioncalls=80256, ndraw=128, logz=-120803.90, remainder_fraction=100.0000%, Lmin=-120790.30, Lmax=-10000.00
02:10:05 [ultranest] [DEBUG] iteration=2253, ncalls=20360, regioncalls=81152, ndraw=128, logz=-120801.79, remainder_fraction=100.0000%, Lmin=-120789.91, Lmax=-10000.00
02:10:07 [ultranest] [DEBUG] iteration=2254, ncalls=20367, regioncalls=81280, ndraw=128, logz=-120800.97, remainder_fraction=100.0000%, Lmin=-120789.47, Lmax=-10000.00
02:10:11 [ultranest] [DEBUG] iteration=2255, ncalls=20378, regioncalls=81408, ndraw=128, logz=-120800.34, remainder_fraction=100.0000%, Lmin=-120786.11, Lmax=-10000.00
02:10:15 [ultranest] [DEBUG] iteration=2256, ncalls=20387, regioncalls=81536, ndraw=128, logz=-120797.67, remainder_fraction=100.0000%, Lmin=-120785.55, Lmax=-10000.00
02:10:25 [ultranest] [DEBUG] iteration=2257, ncalls=20409, regioncalls=81792, ndraw=128, logz=-120796.70, remainder_fraction=100.0000%, Lmin=-120785.37, Lmax=-10000.00
02:10:46 [ultranest] [DEBUG] iteration=2258, ncalls=20470, regioncalls=82560, ndraw=128, logz=-120796.15, remainder_fraction=100.0000%, Lmin=-120781.38, Lmax=-10000.00
02:10:51 [ultranest] [DEBUG] iteration=2260, ncalls=20478, regioncalls=82688, ndraw=128, logz=-120791.95, remainder_fraction=100.0000%, Lmin=-120779.55, Lmax=-10000.00
02:11:00 [ultranest] [DEBUG] iteration=2261, ncalls=20505, regioncalls=83072, ndraw=128, logz=-120790.81, remainder_fraction=100.0000%, Lmin=-120779.28, Lmax=-10000.00
02:11:03 [ultranest] [DEBUG] iteration=2262, ncalls=20514, regioncalls=83200, ndraw=128, logz=-120790.17, remainder_fraction=100.0000%, Lmin=-120779.05, Lmax=-10000.00
02:11:11 [ultranest] [DEBUG] iteration=2263, ncalls=20528, regioncalls=83328, ndraw=128, logz=-120789.71, remainder_fraction=100.0000%, Lmin=-120778.52, Lmax=-10000.00
02:11:14 [ultranest] [DEBUG] iteration=2264, ncalls=20534, regioncalls=83456, ndraw=128, logz=-120789.22, remainder_fraction=100.0000%, Lmin=-120778.07, Lmax=-10000.00
02:11:26 [ultranest] [DEBUG] iteration=2266, ncalls=20572, regioncalls=83840, ndraw=128, logz=-120787.60, remainder_fraction=100.0000%, Lmin=-120770.68, Lmax=-10000.00
02:11:39 [ultranest] [DEBUG] iteration=2268, ncalls=20607, regioncalls=84224, ndraw=128, logz=-120780.45, remainder_fraction=100.0000%, Lmin=-120767.18, Lmax=-10000.00
02:12:03 [ultranest] [DEBUG] iteration=2269, ncalls=20657, regioncalls=84736, ndraw=128, logz=-120778.66, remainder_fraction=100.0000%, Lmin=-120764.39, Lmax=-10000.00
02:12:19 [ultranest] [DEBUG] iteration=2270, ncalls=20703, regioncalls=85376, ndraw=128, logz=-120775.98, remainder_fraction=100.0000%, Lmin=-120762.36, Lmax=-10000.00
02:12:28 [ultranest] [DEBUG] iteration=2271, ncalls=20726, regioncalls=85632, ndraw=128, logz=-120773.90, remainder_fraction=100.0000%, Lmin=-120761.52, Lmax=-10000.00
02:12:37 [ultranest] [DEBUG] iteration=2272, ncalls=20750, regioncalls=85888, ndraw=128, logz=-120772.79, remainder_fraction=100.0000%, Lmin=-120756.23, Lmax=-10000.00
02:12:49 [ultranest] [DEBUG] iteration=2273, ncalls=20777, regioncalls=86272, ndraw=128, logz=-120767.90, remainder_fraction=100.0000%, Lmin=-120753.96, Lmax=-10000.00
02:12:55 [ultranest] [DEBUG] iteration=2274, ncalls=20786, regioncalls=86400, ndraw=128, logz=-120765.54, remainder_fraction=100.0000%, Lmin=-120750.90, Lmax=-10000.00
02:13:00 [ultranest] [DEBUG] iteration=2276, ncalls=20799, regioncalls=86528, ndraw=128, logz=-120760.50, remainder_fraction=100.0000%, Lmin=-120745.39, Lmax=-10000.00
02:13:04 [ultranest] [DEBUG] iteration=2277, ncalls=20808, regioncalls=86656, ndraw=128, logz=-120757.04, remainder_fraction=100.0000%, Lmin=-120741.04, Lmax=-10000.00
02:13:07 [ultranest] [DEBUG] iteration=2278, ncalls=20818, regioncalls=86784, ndraw=128, logz=-120752.71, remainder_fraction=100.0000%, Lmin=-120728.12, Lmax=-10000.00
02:13:12 [ultranest] [DEBUG] iteration=2279, ncalls=20826, regioncalls=86912, ndraw=128, logz=-120739.81, remainder_fraction=100.0000%, Lmin=-120723.99, Lmax=-10000.00
02:13:12 [ultranest] [DEBUG] iteration=2280, ncalls=20826, regioncalls=86912, ndraw=128, logz=-120735.67, remainder_fraction=100.0000%, Lmin=-120719.11, Lmax=-10000.00
02:13:17 [ultranest] [DEBUG] iteration=2281, ncalls=20838, regioncalls=87168, ndraw=128, logz=-120730.80, remainder_fraction=100.0000%, Lmin=-120715.02, Lmax=-10000.00
02:13:25 [ultranest] [DEBUG] iteration=2283, ncalls=20864, regioncalls=87424, ndraw=128, logz=-120725.41, remainder_fraction=100.0000%, Lmin=-120710.15, Lmax=-10000.00
02:13:33 [ultranest] [DEBUG] iteration=2284, ncalls=20881, regioncalls=87552, ndraw=128, logz=-120721.82, remainder_fraction=100.0000%, Lmin=-120706.70, Lmax=-10000.00
02:13:37 [ultranest] [DEBUG] iteration=2285, ncalls=20889, regioncalls=87680, ndraw=128, logz=-120718.37, remainder_fraction=100.0000%, Lmin=-120703.41, Lmax=-10000.00
02:13:55 [ultranest] [DEBUG] iteration=2287, ncalls=20934, regioncalls=88320, ndraw=128, logz=-120695.57, remainder_fraction=100.0000%, Lmin=-120678.99, Lmax=-10000.00
02:14:00 [ultranest] [DEBUG] iteration=2289, ncalls=20943, regioncalls=88448, ndraw=128, logz=-120689.39, remainder_fraction=100.0000%, Lmin=-120674.21, Lmax=-10000.00
02:14:07 [ultranest] [DEBUG] iteration=2291, ncalls=20959, regioncalls=88576, ndraw=128, logz=-120676.38, remainder_fraction=100.0000%, Lmin=-120663.21, Lmax=-10000.00
02:14:10 [ultranest] [DEBUG] iteration=2292, ncalls=20966, regioncalls=88704, ndraw=128, logz=-120674.72, remainder_fraction=100.0000%, Lmin=-120657.97, Lmax=-10000.00
02:14:17 [ultranest] [DEBUG] iteration=2293, ncalls=20982, regioncalls=88960, ndraw=128, logz=-120669.68, remainder_fraction=100.0000%, Lmin=-120657.83, Lmax=-10000.00
02:14:26 [ultranest] [DEBUG] iteration=2295, ncalls=21004, regioncalls=89216, ndraw=128, logz=-120665.02, remainder_fraction=100.0000%, Lmin=-120646.97, Lmax=-10000.00
02:14:35 [ultranest] [DEBUG] iteration=2297, ncalls=21022, regioncalls=89472, ndraw=128, logz=-120655.03, remainder_fraction=100.0000%, Lmin=-120640.92, Lmax=-10000.00
02:14:51 [ultranest] [DEBUG] iteration=2299, ncalls=21068, regioncalls=90240, ndraw=128, logz=-120638.01, remainder_fraction=100.0000%, Lmin=-120625.74, Lmax=-10000.00
02:14:55 [ultranest] [DEBUG] iteration=2300, ncalls=21075, regioncalls=90368, ndraw=128, logz=-120637.02, remainder_fraction=100.0000%, Lmin=-120600.31, Lmax=-10000.00
02:15:03 [ultranest] [DEBUG] iteration=2301, ncalls=21094, regioncalls=90624, ndraw=128, logz=-120612.05, remainder_fraction=100.0000%, Lmin=-120596.37, Lmax=-10000.00
02:15:15 [ultranest] [DEBUG] iteration=2302, ncalls=21120, regioncalls=90880, ndraw=128, logz=-120608.09, remainder_fraction=100.0000%, Lmin=-120595.94, Lmax=-10000.00
02:15:26 [ultranest] [DEBUG] iteration=2303, ncalls=21145, regioncalls=91264, ndraw=128, logz=-120607.18, remainder_fraction=100.0000%, Lmin=-120555.23, Lmax=-10000.00
02:15:38 [ultranest] [DEBUG] iteration=2304, ncalls=21168, regioncalls=91520, ndraw=128, logz=-120566.98, remainder_fraction=100.0000%, Lmin=-120547.32, Lmax=-10000.00
02:15:47 [ultranest] [DEBUG] iteration=2306, ncalls=21190, regioncalls=91904, ndraw=128, logz=-120556.62, remainder_fraction=100.0000%, Lmin=-120541.36, Lmax=-10000.00
02:15:57 [ultranest] [DEBUG] iteration=2307, ncalls=21216, regioncalls=92288, ndraw=128, logz=-120553.09, remainder_fraction=100.0000%, Lmin=-120523.83, Lmax=-10000.00
02:16:10 [ultranest] [DEBUG] iteration=2308, ncalls=21242, regioncalls=92672, ndraw=128, logz=-120535.59, remainder_fraction=100.0000%, Lmin=-120522.35, Lmax=-10000.00
02:16:16 [ultranest] [DEBUG] iteration=2309, ncalls=21252, regioncalls=92800, ndraw=128, logz=-120533.91, remainder_fraction=100.0000%, Lmin=-120517.47, Lmax=-10000.00
02:16:21 [ultranest] [DEBUG] iteration=2311, ncalls=21265, regioncalls=92928, ndraw=128, logz=-120524.79, remainder_fraction=100.0000%, Lmin=-120505.41, Lmax=-10000.00
02:16:28 [ultranest] [DEBUG] iteration=2314, ncalls=21278, regioncalls=93184, ndraw=128, logz=-120508.67, remainder_fraction=100.0000%, Lmin=-120495.45, Lmax=-10000.00
02:16:34 [ultranest] [DEBUG] iteration=2315, ncalls=21289, regioncalls=93312, ndraw=128, logz=-120507.01, remainder_fraction=100.0000%, Lmin=-120483.45, Lmax=-10000.00
02:16:39 [ultranest] [DEBUG] iteration=2317, ncalls=21300, regioncalls=93440, ndraw=128, logz=-120493.78, remainder_fraction=100.0000%, Lmin=-120444.89, Lmax=-10000.00
02:16:49 [ultranest] [DEBUG] iteration=2318, ncalls=21320, regioncalls=93824, ndraw=128, logz=-120456.68, remainder_fraction=100.0000%, Lmin=-120425.69, Lmax=-10000.00
02:16:57 [ultranest] [DEBUG] iteration=2319, ncalls=21337, regioncalls=94080, ndraw=128, logz=-120437.48, remainder_fraction=100.0000%, Lmin=-120322.92, Lmax=-10000.00
02:17:09 [ultranest] [DEBUG] iteration=2320, ncalls=21361, regioncalls=94464, ndraw=128, logz=-120334.71, remainder_fraction=100.0000%, Lmin=-120302.14, Lmax=-10000.00
02:17:09 [ultranest] [INFO] Explored until L=-1e+04  
02:17:09 [ultranest] [INFO] Likelihood function evaluations: 21361
02:17:09 [ultranest] [INFO] Writing samples and results to disk ...
02:17:09 [ultranest] [INFO] Writing samples and results to disk ... done
02:17:09 [ultranest] [DEBUG] did a run_iter pass!
02:17:09 [ultranest] [INFO]   logZ = -1.001e+04 +- 0.09522
02:17:09 [ultranest] [INFO] Effective samples strategy satisfied (ESS = 400.0, need >400)
02:17:09 [ultranest] [INFO] Posterior uncertainty strategy is satisfied (KL: 0.46+-0.08 nat, need <0.50 nat)
02:17:09 [ultranest] [INFO] Evidency uncertainty strategy is satisfied (dlogz=0.70, need <0.5)
02:17:09 [ultranest] [INFO]   logZ error budget: single: 0.17 bs:0.10 tail:0.69 total:0.70 required:<0.50
02:17:09 [ultranest] [INFO] done iterating.
