06:36:37 [ultranest] [DEBUG] ReactiveNestedSampler: dims=3+0, resume=False, log_dir=logs_animal_1/run4, backend=hdf5, vectorized=True, nbootstraps=30, ndraw=128..65536
06:36:37 [ultranest] [INFO] Sampling 400 live points from prior ...
06:37:11 [ultranest] [DEBUG] run_iter dlogz=0.5, dKL=0.5, frac_remain=0.01, Lepsilon=0.0010, min_ess=400
06:37:11 [ultranest] [DEBUG] max_iters=-1, max_ncalls=-1, max_num_improvement_loops=3, min_num_live_points=400, cluster_num_live_points=40
06:37:11 [ultranest] [DEBUG] minimal_widths_sequence: [(-inf, 400.0), (inf, 400.0)]
06:37:22 [ultranest] [DEBUG] iteration=0, ncalls=528, regioncalls=128, ndraw=128, logz=-inf, remainder_fraction=100.0000%, Lmin=-1175084.72, Lmax=-135259.70
06:37:22 [ultranest] [DEBUG] iteration=40, ncalls=528, regioncalls=128, ndraw=128, logz=-269883.03, remainder_fraction=100.0000%, Lmin=-269731.47, Lmax=-135259.70
06:37:22 [ultranest] [DEBUG] iteration=80, ncalls=528, regioncalls=128, ndraw=128, logz=-216384.33, remainder_fraction=100.0000%, Lmin=-216263.37, Lmax=-135259.70
06:37:30 [ultranest] [DEBUG] iteration=115, ncalls=654, regioncalls=256, ndraw=128, logz=-184338.36, remainder_fraction=100.0000%, Lmin=-184207.38, Lmax=-10000.00
06:37:30 [ultranest] [DEBUG] iteration=120, ncalls=654, regioncalls=256, ndraw=128, logz=-183060.78, remainder_fraction=100.0000%, Lmin=-182995.65, Lmax=-10000.00
06:37:30 [ultranest] [DEBUG] iteration=160, ncalls=654, regioncalls=256, ndraw=128, logz=-173566.45, remainder_fraction=100.0000%, Lmin=-173455.75, Lmax=-10000.00
06:37:30 [ultranest] [DEBUG] clustering found some stray points [need_accept=False] (array([1, 2]), array([399,   1]))
06:37:30 [ultranest] [DEBUG] iteration=200, ncalls=654, regioncalls=256, ndraw=128, logz=-169225.67, remainder_fraction=100.0000%, Lmin=-169124.11, Lmax=-10000.00
06:37:35 [ultranest] [DEBUG] iteration=204, ncalls=770, regioncalls=384, ndraw=128, logz=-169030.92, remainder_fraction=100.0000%, Lmin=-169020.86, Lmax=-10000.00
06:37:35 [ultranest] [DEBUG] iteration=240, ncalls=770, regioncalls=384, ndraw=128, logz=-167243.89, remainder_fraction=100.0000%, Lmin=-167221.05, Lmax=-10000.00
06:37:35 [ultranest] [DEBUG] clustering found some stray points [need_accept=False] (array([1, 2]), array([399,   1]))
06:37:35 [ultranest] [DEBUG] iteration=280, ncalls=770, regioncalls=384, ndraw=128, logz=-165545.67, remainder_fraction=100.0000%, Lmin=-165521.20, Lmax=-10000.00
06:37:39 [ultranest] [DEBUG] iteration=286, ncalls=880, regioncalls=512, ndraw=128, logz=-165461.33, remainder_fraction=100.0000%, Lmin=-165417.76, Lmax=-10000.00
06:37:39 [ultranest] [DEBUG] iteration=320, ncalls=880, regioncalls=512, ndraw=128, logz=-164578.75, remainder_fraction=100.0000%, Lmin=-164496.88, Lmax=-10000.00
06:37:43 [ultranest] [DEBUG] iteration=346, ncalls=984, regioncalls=640, ndraw=128, logz=-164000.37, remainder_fraction=100.0000%, Lmin=-163984.68, Lmax=-10000.00
06:37:43 [ultranest] [DEBUG] clustering found some stray points [need_accept=False] (array([1, 2]), array([399,   1]))
06:37:43 [ultranest] [DEBUG] iteration=360, ncalls=984, regioncalls=640, ndraw=128, logz=-163729.23, remainder_fraction=100.0000%, Lmin=-163689.15, Lmax=-10000.00
06:37:45 [ultranest] [DEBUG] iteration=394, ncalls=1081, regioncalls=768, ndraw=128, logz=-163022.22, remainder_fraction=100.0000%, Lmin=-163005.92, Lmax=-10000.00
06:37:45 [ultranest] [DEBUG] iteration=400, ncalls=1081, regioncalls=768, ndraw=128, logz=-162780.85, remainder_fraction=100.0000%, Lmin=-162735.22, Lmax=-10000.00
06:37:45 [ultranest] [DEBUG] iteration=440, ncalls=1081, regioncalls=768, ndraw=128, logz=-162184.12, remainder_fraction=100.0000%, Lmin=-162174.95, Lmax=-10000.00
06:37:47 [ultranest] [DEBUG] iteration=443, ncalls=1164, regioncalls=896, ndraw=128, logz=-162144.70, remainder_fraction=100.0000%, Lmin=-162127.43, Lmax=-10000.00
06:37:47 [ultranest] [DEBUG] clustering found some stray points [need_accept=False] (array([1, 2]), array([399,   1]))
06:37:47 [ultranest] [DEBUG] iteration=480, ncalls=1164, regioncalls=896, ndraw=128, logz=-161230.64, remainder_fraction=100.0000%, Lmin=-161213.63, Lmax=-10000.00
06:37:49 [ultranest] [DEBUG] iteration=484, ncalls=1242, regioncalls=1024, ndraw=128, logz=-161116.05, remainder_fraction=100.0000%, Lmin=-161096.93, Lmax=-10000.00
06:37:49 [ultranest] [DEBUG] iteration=520, ncalls=1242, regioncalls=1024, ndraw=128, logz=-160338.31, remainder_fraction=100.0000%, Lmin=-160324.19, Lmax=-10000.00
06:37:51 [ultranest] [DEBUG] iteration=523, ncalls=1307, regioncalls=1152, ndraw=128, logz=-160318.37, remainder_fraction=100.0000%, Lmin=-160303.46, Lmax=-10000.00
06:37:51 [ultranest] [DEBUG] clustering found some stray points [need_accept=False] (array([1, 2]), array([399,   1]))
06:37:52 [ultranest] [DEBUG] iteration=549, ncalls=1384, regioncalls=1280, ndraw=128, logz=-159526.95, remainder_fraction=100.0000%, Lmin=-159471.84, Lmax=-10000.00
06:37:52 [ultranest] [DEBUG] iteration=560, ncalls=1384, regioncalls=1280, ndraw=128, logz=-159267.64, remainder_fraction=100.0000%, Lmin=-159246.44, Lmax=-10000.00
06:37:54 [ultranest] [DEBUG] iteration=583, ncalls=1452, regioncalls=1408, ndraw=128, logz=-158877.05, remainder_fraction=100.0000%, Lmin=-158865.29, Lmax=-10000.00
06:37:54 [ultranest] [DEBUG] iteration=600, ncalls=1452, regioncalls=1408, ndraw=128, logz=-158510.42, remainder_fraction=100.0000%, Lmin=-158496.69, Lmax=-10000.00
06:37:55 [ultranest] [DEBUG] iteration=610, ncalls=1511, regioncalls=1536, ndraw=128, logz=-158275.77, remainder_fraction=100.0000%, Lmin=-158223.78, Lmax=-10000.00
06:37:55 [ultranest] [DEBUG] clustering found some stray points [need_accept=False] (array([1, 2]), array([399,   1]))
06:37:56 [ultranest] [DEBUG] iteration=638, ncalls=1580, regioncalls=1664, ndraw=128, logz=-157661.22, remainder_fraction=100.0000%, Lmin=-157646.15, Lmax=-10000.00
06:37:56 [ultranest] [DEBUG] iteration=640, ncalls=1580, regioncalls=1664, ndraw=128, logz=-157595.83, remainder_fraction=100.0000%, Lmin=-157585.34, Lmax=-10000.00
06:37:57 [ultranest] [DEBUG] iteration=672, ncalls=1640, regioncalls=1792, ndraw=128, logz=-157243.22, remainder_fraction=100.0000%, Lmin=-157227.44, Lmax=-10000.00
06:37:57 [ultranest] [DEBUG] iteration=680, ncalls=1640, regioncalls=1792, ndraw=128, logz=-157150.60, remainder_fraction=100.0000%, Lmin=-157112.76, Lmax=-10000.00
06:37:58 [ultranest] [DEBUG] iteration=695, ncalls=1697, regioncalls=1920, ndraw=128, logz=-156877.45, remainder_fraction=100.0000%, Lmin=-156845.95, Lmax=-10000.00
06:37:59 [ultranest] [DEBUG] iteration=716, ncalls=1752, regioncalls=2048, ndraw=128, logz=-156520.95, remainder_fraction=100.0000%, Lmin=-156486.31, Lmax=-10000.00
06:37:59 [ultranest] [DEBUG] clustering found some stray points [need_accept=False] (array([1, 2]), array([399,   1]))
06:37:59 [ultranest] [DEBUG] iteration=720, ncalls=1752, regioncalls=2048, ndraw=128, logz=-156469.52, remainder_fraction=100.0000%, Lmin=-156460.53, Lmax=-10000.00
06:38:00 [ultranest] [DEBUG] iteration=739, ncalls=1806, regioncalls=2176, ndraw=128, logz=-156218.70, remainder_fraction=100.0000%, Lmin=-156207.12, Lmax=-10000.00
06:38:01 [ultranest] [DEBUG] iteration=759, ncalls=1871, regioncalls=2304, ndraw=128, logz=-156006.37, remainder_fraction=100.0000%, Lmin=-155988.64, Lmax=-10000.00
06:38:01 [ultranest] [DEBUG] iteration=760, ncalls=1871, regioncalls=2304, ndraw=128, logz=-155996.53, remainder_fraction=100.0000%, Lmin=-155982.06, Lmax=-10000.00
06:38:03 [ultranest] [DEBUG] iteration=773, ncalls=1930, regioncalls=2432, ndraw=128, logz=-155794.28, remainder_fraction=100.0000%, Lmin=-155772.01, Lmax=-10000.00
06:38:04 [ultranest] [DEBUG] iteration=788, ncalls=1985, regioncalls=2560, ndraw=128, logz=-155648.27, remainder_fraction=100.0000%, Lmin=-155625.70, Lmax=-10000.00
06:38:04 [ultranest] [DEBUG] iteration=800, ncalls=1985, regioncalls=2560, ndraw=128, logz=-155529.02, remainder_fraction=100.0000%, Lmin=-155518.25, Lmax=-10000.00
06:38:05 [ultranest] [DEBUG] iteration=804, ncalls=2040, regioncalls=2688, ndraw=128, logz=-155505.41, remainder_fraction=100.0000%, Lmin=-155490.86, Lmax=-10000.00
06:38:05 [ultranest] [DEBUG] clustering found some stray points [need_accept=False] (array([1, 2]), array([399,   1]))
06:38:06 [ultranest] [DEBUG] iteration=821, ncalls=2089, regioncalls=2816, ndraw=128, logz=-155367.41, remainder_fraction=100.0000%, Lmin=-155359.10, Lmax=-10000.00
06:38:06 [ultranest] [DEBUG] iteration=839, ncalls=2141, regioncalls=2944, ndraw=128, logz=-155275.30, remainder_fraction=100.0000%, Lmin=-155262.31, Lmax=-10000.00
06:38:06 [ultranest] [DEBUG] iteration=840, ncalls=2141, regioncalls=2944, ndraw=128, logz=-155270.40, remainder_fraction=100.0000%, Lmin=-155246.34, Lmax=-10000.00
06:38:07 [ultranest] [DEBUG] iteration=851, ncalls=2195, regioncalls=3072, ndraw=128, logz=-155131.14, remainder_fraction=100.0000%, Lmin=-155117.90, Lmax=-10000.00
06:38:08 [ultranest] [DEBUG] iteration=860, ncalls=2249, regioncalls=3200, ndraw=128, logz=-155021.89, remainder_fraction=100.0000%, Lmin=-154997.02, Lmax=-10000.00
06:38:09 [ultranest] [DEBUG] iteration=878, ncalls=2297, regioncalls=3328, ndraw=128, logz=-154850.70, remainder_fraction=100.0000%, Lmin=-154841.75, Lmax=-10000.00
06:38:09 [ultranest] [DEBUG] iteration=880, ncalls=2297, regioncalls=3328, ndraw=128, logz=-154846.43, remainder_fraction=100.0000%, Lmin=-154829.93, Lmax=-10000.00
06:38:10 [ultranest] [DEBUG] iteration=891, ncalls=2346, regioncalls=3456, ndraw=128, logz=-154736.78, remainder_fraction=100.0000%, Lmin=-154724.98, Lmax=-10000.00
06:38:10 [ultranest] [DEBUG] clustering found some stray points [need_accept=False] (array([1, 2]), array([399,   1]))
06:38:11 [ultranest] [DEBUG] iteration=906, ncalls=2405, regioncalls=3584, ndraw=128, logz=-154637.40, remainder_fraction=100.0000%, Lmin=-154614.66, Lmax=-10000.00
06:38:11 [ultranest] [DEBUG] iteration=920, ncalls=2405, regioncalls=3584, ndraw=128, logz=-154560.26, remainder_fraction=100.0000%, Lmin=-154545.82, Lmax=-10000.00
06:38:12 [ultranest] [DEBUG] iteration=925, ncalls=2458, regioncalls=3712, ndraw=128, logz=-154537.14, remainder_fraction=100.0000%, Lmin=-154520.53, Lmax=-10000.00
06:38:13 [ultranest] [DEBUG] iteration=939, ncalls=2505, regioncalls=3840, ndraw=128, logz=-154453.81, remainder_fraction=100.0000%, Lmin=-154435.07, Lmax=-10000.00
06:38:14 [ultranest] [DEBUG] iteration=951, ncalls=2555, regioncalls=3968, ndraw=128, logz=-154384.58, remainder_fraction=100.0000%, Lmin=-154372.62, Lmax=-10000.00
06:38:14 [ultranest] [DEBUG] iteration=960, ncalls=2555, regioncalls=3968, ndraw=128, logz=-154365.03, remainder_fraction=100.0000%, Lmin=-154351.62, Lmax=-10000.00
06:38:15 [ultranest] [DEBUG] iteration=969, ncalls=2613, regioncalls=4096, ndraw=128, logz=-154313.40, remainder_fraction=100.0000%, Lmin=-154296.56, Lmax=-10000.00
06:38:16 [ultranest] [DEBUG] iteration=976, ncalls=2668, regioncalls=4224, ndraw=128, logz=-154261.04, remainder_fraction=100.0000%, Lmin=-154248.43, Lmax=-10000.00
06:38:16 [ultranest] [DEBUG] iteration=988, ncalls=2711, regioncalls=4352, ndraw=128, logz=-154207.92, remainder_fraction=100.0000%, Lmin=-154196.04, Lmax=-10000.00
06:38:16 [ultranest] [DEBUG] clustering found some stray points [need_accept=False] (array([1, 2]), array([399,   1]))
06:38:17 [ultranest] [DEBUG] iteration=996, ncalls=2763, regioncalls=4480, ndraw=128, logz=-154159.62, remainder_fraction=100.0000%, Lmin=-154146.96, Lmax=-10000.00
06:38:17 [ultranest] [DEBUG] iteration=1000, ncalls=2763, regioncalls=4480, ndraw=128, logz=-154148.50, remainder_fraction=100.0000%, Lmin=-154137.79, Lmax=-10000.00
06:38:18 [ultranest] [DEBUG] iteration=1003, ncalls=2812, regioncalls=4608, ndraw=128, logz=-154134.80, remainder_fraction=100.0000%, Lmin=-154122.96, Lmax=-10000.00
06:38:19 [ultranest] [DEBUG] iteration=1014, ncalls=2857, regioncalls=4736, ndraw=128, logz=-154082.92, remainder_fraction=100.0000%, Lmin=-154074.17, Lmax=-10000.00
06:38:20 [ultranest] [DEBUG] iteration=1024, ncalls=2898, regioncalls=4864, ndraw=128, logz=-154031.96, remainder_fraction=100.0000%, Lmin=-154017.17, Lmax=-10000.00
06:38:21 [ultranest] [DEBUG] iteration=1029, ncalls=2951, regioncalls=4992, ndraw=128, logz=-153983.29, remainder_fraction=100.0000%, Lmin=-153965.44, Lmax=-10000.00
06:38:22 [ultranest] [DEBUG] iteration=1038, ncalls=3011, regioncalls=5120, ndraw=128, logz=-153945.70, remainder_fraction=100.0000%, Lmin=-153927.04, Lmax=-10000.00
06:38:22 [ultranest] [DEBUG] iteration=1040, ncalls=3011, regioncalls=5120, ndraw=128, logz=-153930.38, remainder_fraction=100.0000%, Lmin=-153907.69, Lmax=-10000.00
06:38:23 [ultranest] [DEBUG] iteration=1048, ncalls=3068, regioncalls=5248, ndraw=128, logz=-153894.36, remainder_fraction=100.0000%, Lmin=-153885.66, Lmax=-10000.00
06:38:24 [ultranest] [DEBUG] iteration=1063, ncalls=3130, regioncalls=5376, ndraw=128, logz=-153784.21, remainder_fraction=100.0000%, Lmin=-153769.15, Lmax=-10000.00
06:38:24 [ultranest] [DEBUG] iteration=1076, ncalls=3181, regioncalls=5504, ndraw=128, logz=-153713.63, remainder_fraction=100.0000%, Lmin=-153694.43, Lmax=-10000.00
06:38:24 [ultranest] [DEBUG] clustering found some stray points [need_accept=False] (array([1, 2]), array([399,   1]))
06:38:24 [ultranest] [DEBUG] iteration=1080, ncalls=3181, regioncalls=5504, ndraw=128, logz=-153698.75, remainder_fraction=100.0000%, Lmin=-153685.55, Lmax=-10000.00
06:38:25 [ultranest] [DEBUG] iteration=1084, ncalls=3234, regioncalls=5632, ndraw=128, logz=-153651.73, remainder_fraction=100.0000%, Lmin=-153635.99, Lmax=-10000.00
06:38:26 [ultranest] [DEBUG] iteration=1097, ncalls=3279, regioncalls=5760, ndraw=128, logz=-153602.21, remainder_fraction=100.0000%, Lmin=-153587.80, Lmax=-10000.00
06:38:27 [ultranest] [DEBUG] iteration=1108, ncalls=3325, regioncalls=5888, ndraw=128, logz=-153551.53, remainder_fraction=100.0000%, Lmin=-153538.15, Lmax=-10000.00
06:38:27 [ultranest] [DEBUG] iteration=1120, ncalls=3369, regioncalls=6016, ndraw=128, logz=-153467.78, remainder_fraction=100.0000%, Lmin=-153457.46, Lmax=-10000.00
06:38:28 [ultranest] [DEBUG] iteration=1129, ncalls=3415, regioncalls=6144, ndraw=128, logz=-153446.38, remainder_fraction=100.0000%, Lmin=-153434.23, Lmax=-10000.00
06:38:29 [ultranest] [DEBUG] iteration=1135, ncalls=3467, regioncalls=6272, ndraw=128, logz=-153435.15, remainder_fraction=100.0000%, Lmin=-153425.60, Lmax=-10000.00
06:38:30 [ultranest] [DEBUG] iteration=1140, ncalls=3515, regioncalls=6400, ndraw=128, logz=-153412.06, remainder_fraction=100.0000%, Lmin=-153396.00, Lmax=-10000.00
06:38:30 [ultranest] [DEBUG] iteration=1146, ncalls=3557, regioncalls=6528, ndraw=128, logz=-153387.74, remainder_fraction=100.0000%, Lmin=-153377.73, Lmax=-10000.00
06:38:31 [ultranest] [DEBUG] iteration=1154, ncalls=3618, regioncalls=6656, ndraw=128, logz=-153367.42, remainder_fraction=100.0000%, Lmin=-153354.70, Lmax=-10000.00
06:38:31 [ultranest] [DEBUG] iteration=1160, ncalls=3618, regioncalls=6656, ndraw=128, logz=-153338.85, remainder_fraction=100.0000%, Lmin=-153329.63, Lmax=-10000.00
06:38:32 [ultranest] [DEBUG] iteration=1169, ncalls=3663, regioncalls=6784, ndraw=128, logz=-153311.00, remainder_fraction=100.0000%, Lmin=-153301.23, Lmax=-10000.00
06:38:32 [ultranest] [DEBUG] clustering found some stray points [need_accept=False] (array([1, 2]), array([399,   1]))
06:38:33 [ultranest] [DEBUG] iteration=1176, ncalls=3704, regioncalls=6912, ndraw=128, logz=-153277.09, remainder_fraction=100.0000%, Lmin=-153267.12, Lmax=-10000.00
06:38:34 [ultranest] [DEBUG] iteration=1181, ncalls=3750, regioncalls=7040, ndraw=128, logz=-153259.12, remainder_fraction=100.0000%, Lmin=-153241.57, Lmax=-10000.00
06:38:34 [ultranest] [DEBUG] iteration=1187, ncalls=3794, regioncalls=7168, ndraw=128, logz=-153237.90, remainder_fraction=100.0000%, Lmin=-153228.89, Lmax=-10000.00
06:38:35 [ultranest] [DEBUG] iteration=1190, ncalls=3825, regioncalls=7296, ndraw=128, logz=-153230.20, remainder_fraction=100.0000%, Lmin=-153219.09, Lmax=-10000.00
06:38:35 [ultranest] [DEBUG] iteration=1194, ncalls=3863, regioncalls=7424, ndraw=128, logz=-153213.46, remainder_fraction=100.0000%, Lmin=-153204.18, Lmax=-10000.00
06:38:36 [ultranest] [DEBUG] iteration=1200, ncalls=3914, regioncalls=7552, ndraw=128, logz=-153207.03, remainder_fraction=100.0000%, Lmin=-153193.16, Lmax=-10000.00
06:38:37 [ultranest] [DEBUG] iteration=1204, ncalls=3958, regioncalls=7680, ndraw=128, logz=-153196.52, remainder_fraction=100.0000%, Lmin=-153186.41, Lmax=-10000.00
06:38:37 [ultranest] [DEBUG] iteration=1211, ncalls=3997, regioncalls=7808, ndraw=128, logz=-153182.52, remainder_fraction=100.0000%, Lmin=-153169.08, Lmax=-10000.00
06:38:38 [ultranest] [DEBUG] iteration=1217, ncalls=4037, regioncalls=7936, ndraw=128, logz=-153158.78, remainder_fraction=100.0000%, Lmin=-153146.88, Lmax=-10000.00
06:38:39 [ultranest] [DEBUG] iteration=1222, ncalls=4072, regioncalls=8064, ndraw=128, logz=-153138.63, remainder_fraction=100.0000%, Lmin=-153128.33, Lmax=-10000.00
06:38:39 [ultranest] [DEBUG] iteration=1230, ncalls=4113, regioncalls=8192, ndraw=128, logz=-153117.39, remainder_fraction=100.0000%, Lmin=-153107.51, Lmax=-10000.00
06:38:40 [ultranest] [DEBUG] iteration=1232, ncalls=4153, regioncalls=8320, ndraw=128, logz=-153113.63, remainder_fraction=100.0000%, Lmin=-153104.16, Lmax=-10000.00
06:38:41 [ultranest] [DEBUG] iteration=1236, ncalls=4202, regioncalls=8448, ndraw=128, logz=-153108.39, remainder_fraction=100.0000%, Lmin=-153098.73, Lmax=-10000.00
06:38:41 [ultranest] [DEBUG] iteration=1240, ncalls=4202, regioncalls=8448, ndraw=128, logz=-153099.68, remainder_fraction=100.0000%, Lmin=-153090.90, Lmax=-10000.00
06:38:42 [ultranest] [DEBUG] iteration=1247, ncalls=4260, regioncalls=8576, ndraw=128, logz=-153084.69, remainder_fraction=100.0000%, Lmin=-153072.93, Lmax=-10000.00
06:38:42 [ultranest] [DEBUG] iteration=1254, ncalls=4300, regioncalls=8704, ndraw=128, logz=-153056.51, remainder_fraction=100.0000%, Lmin=-153044.32, Lmax=-10000.00
06:38:42 [ultranest] [DEBUG] clustering found some stray points [need_accept=False] (array([1, 2]), array([399,   1]))
06:38:43 [ultranest] [DEBUG] iteration=1263, ncalls=4330, regioncalls=8832, ndraw=128, logz=-153027.56, remainder_fraction=100.0000%, Lmin=-153015.34, Lmax=-10000.00
06:38:44 [ultranest] [DEBUG] iteration=1266, ncalls=4388, regioncalls=8960, ndraw=128, logz=-153019.19, remainder_fraction=100.0000%, Lmin=-153004.11, Lmax=-10000.00
06:38:44 [ultranest] [DEBUG] iteration=1268, ncalls=4423, regioncalls=9088, ndraw=128, logz=-153005.56, remainder_fraction=100.0000%, Lmin=-152994.21, Lmax=-10000.00
06:38:45 [ultranest] [DEBUG] iteration=1273, ncalls=4461, regioncalls=9216, ndraw=128, logz=-152983.36, remainder_fraction=100.0000%, Lmin=-152973.72, Lmax=-10000.00
06:38:45 [ultranest] [DEBUG] iteration=1280, ncalls=4461, regioncalls=9216, ndraw=128, logz=-152963.88, remainder_fraction=100.0000%, Lmin=-152952.68, Lmax=-10000.00
06:38:46 [ultranest] [DEBUG] iteration=1281, ncalls=4507, regioncalls=9344, ndraw=128, logz=-152961.74, remainder_fraction=100.0000%, Lmin=-152947.49, Lmax=-10000.00
06:38:46 [ultranest] [DEBUG] iteration=1285, ncalls=4550, regioncalls=9472, ndraw=128, logz=-152945.34, remainder_fraction=100.0000%, Lmin=-152933.71, Lmax=-10000.00
06:38:47 [ultranest] [DEBUG] iteration=1287, ncalls=4589, regioncalls=9600, ndraw=128, logz=-152937.69, remainder_fraction=100.0000%, Lmin=-152924.15, Lmax=-10000.00
06:38:48 [ultranest] [DEBUG] iteration=1290, ncalls=4634, regioncalls=9728, ndraw=128, logz=-152921.18, remainder_fraction=100.0000%, Lmin=-152911.46, Lmax=-10000.00
06:38:48 [ultranest] [DEBUG] iteration=1296, ncalls=4681, regioncalls=9856, ndraw=128, logz=-152905.56, remainder_fraction=100.0000%, Lmin=-152895.74, Lmax=-10000.00
06:38:49 [ultranest] [DEBUG] iteration=1299, ncalls=4717, regioncalls=9984, ndraw=128, logz=-152901.30, remainder_fraction=100.0000%, Lmin=-152889.12, Lmax=-10000.00
06:38:50 [ultranest] [DEBUG] iteration=1303, ncalls=4772, regioncalls=10112, ndraw=128, logz=-152883.67, remainder_fraction=100.0000%, Lmin=-152871.62, Lmax=-10000.00
06:38:50 [ultranest] [DEBUG] iteration=1307, ncalls=4811, regioncalls=10240, ndraw=128, logz=-152857.94, remainder_fraction=100.0000%, Lmin=-152845.84, Lmax=-10000.00
06:38:51 [ultranest] [DEBUG] iteration=1309, ncalls=4844, regioncalls=10368, ndraw=128, logz=-152853.98, remainder_fraction=100.0000%, Lmin=-152843.33, Lmax=-10000.00
06:38:52 [ultranest] [DEBUG] iteration=1315, ncalls=4886, regioncalls=10496, ndraw=128, logz=-152818.09, remainder_fraction=100.0000%, Lmin=-152807.71, Lmax=-10000.00
06:38:52 [ultranest] [DEBUG] iteration=1317, ncalls=4937, regioncalls=10624, ndraw=128, logz=-152816.07, remainder_fraction=100.0000%, Lmin=-152806.83, Lmax=-10000.00
06:38:52 [ultranest] [DEBUG] iteration=1320, ncalls=4937, regioncalls=10624, ndraw=128, logz=-152801.48, remainder_fraction=100.0000%, Lmin=-152791.66, Lmax=-10000.00
06:38:53 [ultranest] [DEBUG] iteration=1323, ncalls=4985, regioncalls=10752, ndraw=128, logz=-152798.12, remainder_fraction=100.0000%, Lmin=-152787.06, Lmax=-10000.00
06:38:54 [ultranest] [DEBUG] iteration=1327, ncalls=5025, regioncalls=10880, ndraw=128, logz=-152785.32, remainder_fraction=100.0000%, Lmin=-152773.18, Lmax=-10000.00
06:38:54 [ultranest] [DEBUG] iteration=1329, ncalls=5055, regioncalls=11008, ndraw=128, logz=-152771.00, remainder_fraction=100.0000%, Lmin=-152759.24, Lmax=-10000.00
06:38:55 [ultranest] [DEBUG] iteration=1333, ncalls=5100, regioncalls=11136, ndraw=128, logz=-152763.78, remainder_fraction=100.0000%, Lmin=-152751.93, Lmax=-10000.00
06:38:56 [ultranest] [DEBUG] iteration=1335, ncalls=5147, regioncalls=11264, ndraw=128, logz=-152760.19, remainder_fraction=100.0000%, Lmin=-152750.83, Lmax=-10000.00
06:38:56 [ultranest] [DEBUG] iteration=1339, ncalls=5186, regioncalls=11392, ndraw=128, logz=-152751.86, remainder_fraction=100.0000%, Lmin=-152742.68, Lmax=-10000.00
06:38:57 [ultranest] [DEBUG] iteration=1345, ncalls=5226, regioncalls=11520, ndraw=128, logz=-152743.62, remainder_fraction=100.0000%, Lmin=-152731.65, Lmax=-10000.00
06:38:57 [ultranest] [DEBUG] clustering found some stray points [need_accept=False] (array([1, 2]), array([399,   1]))
06:38:57 [ultranest] [DEBUG] iteration=1350, ncalls=5269, regioncalls=11648, ndraw=128, logz=-152736.20, remainder_fraction=100.0000%, Lmin=-152725.24, Lmax=-10000.00
06:38:58 [ultranest] [DEBUG] iteration=1356, ncalls=5316, regioncalls=11776, ndraw=128, logz=-152720.40, remainder_fraction=100.0000%, Lmin=-152708.36, Lmax=-10000.00
06:38:58 [ultranest] [DEBUG] iteration=1360, ncalls=5316, regioncalls=11776, ndraw=128, logz=-152709.31, remainder_fraction=100.0000%, Lmin=-152699.69, Lmax=-10000.00
06:38:59 [ultranest] [DEBUG] iteration=1362, ncalls=5359, regioncalls=11904, ndraw=128, logz=-152707.94, remainder_fraction=100.0000%, Lmin=-152687.47, Lmax=-10000.00
06:39:00 [ultranest] [DEBUG] iteration=1364, ncalls=5405, regioncalls=12032, ndraw=128, logz=-152695.42, remainder_fraction=100.0000%, Lmin=-152685.25, Lmax=-10000.00
06:39:00 [ultranest] [DEBUG] iteration=1366, ncalls=5449, regioncalls=12160, ndraw=128, logz=-152688.87, remainder_fraction=100.0000%, Lmin=-152677.38, Lmax=-10000.00
06:39:01 [ultranest] [DEBUG] iteration=1371, ncalls=5494, regioncalls=12288, ndraw=128, logz=-152680.69, remainder_fraction=100.0000%, Lmin=-152668.94, Lmax=-10000.00
06:39:02 [ultranest] [DEBUG] iteration=1377, ncalls=5540, regioncalls=12416, ndraw=128, logz=-152659.63, remainder_fraction=100.0000%, Lmin=-152649.07, Lmax=-10000.00
06:39:02 [ultranest] [DEBUG] iteration=1385, ncalls=5578, regioncalls=12544, ndraw=128, logz=-152638.47, remainder_fraction=100.0000%, Lmin=-152627.96, Lmax=-10000.00
06:39:03 [ultranest] [DEBUG] iteration=1388, ncalls=5617, regioncalls=12672, ndraw=128, logz=-152630.05, remainder_fraction=100.0000%, Lmin=-152615.12, Lmax=-10000.00
06:39:03 [ultranest] [DEBUG] iteration=1391, ncalls=5647, regioncalls=12800, ndraw=128, logz=-152618.42, remainder_fraction=100.0000%, Lmin=-152605.26, Lmax=-10000.00
06:39:04 [ultranest] [DEBUG] iteration=1393, ncalls=5684, regioncalls=12928, ndraw=128, logz=-152611.98, remainder_fraction=100.0000%, Lmin=-152601.87, Lmax=-10000.00
06:39:04 [ultranest] [DEBUG] iteration=1395, ncalls=5720, regioncalls=13056, ndraw=128, logz=-152609.34, remainder_fraction=100.0000%, Lmin=-152599.89, Lmax=-10000.00
06:39:05 [ultranest] [DEBUG] iteration=1398, ncalls=5754, regioncalls=13184, ndraw=128, logz=-152601.64, remainder_fraction=100.0000%, Lmin=-152589.84, Lmax=-10000.00
06:39:05 [ultranest] [DEBUG] iteration=1400, ncalls=5754, regioncalls=13184, ndraw=128, logz=-152597.58, remainder_fraction=100.0000%, Lmin=-152588.02, Lmax=-10000.00
06:39:05 [ultranest] [DEBUG] iteration=1402, ncalls=5797, regioncalls=13312, ndraw=128, logz=-152589.68, remainder_fraction=100.0000%, Lmin=-152577.85, Lmax=-10000.00
06:39:06 [ultranest] [DEBUG] iteration=1409, ncalls=5843, regioncalls=13440, ndraw=128, logz=-152573.72, remainder_fraction=100.0000%, Lmin=-152564.62, Lmax=-10000.00
06:39:07 [ultranest] [DEBUG] iteration=1415, ncalls=5898, regioncalls=13568, ndraw=128, logz=-152560.68, remainder_fraction=100.0000%, Lmin=-152546.93, Lmax=-10000.00
06:39:08 [ultranest] [DEBUG] iteration=1427, ncalls=5938, regioncalls=13696, ndraw=128, logz=-152529.14, remainder_fraction=100.0000%, Lmin=-152518.55, Lmax=-10000.00
06:39:08 [ultranest] [DEBUG] iteration=1432, ncalls=5976, regioncalls=13824, ndraw=128, logz=-152516.28, remainder_fraction=100.0000%, Lmin=-152504.91, Lmax=-10000.00
06:39:09 [ultranest] [DEBUG] iteration=1435, ncalls=6021, regioncalls=13952, ndraw=128, logz=-152509.78, remainder_fraction=100.0000%, Lmin=-152499.36, Lmax=-10000.00
06:39:09 [ultranest] [DEBUG] iteration=1439, ncalls=6054, regioncalls=14080, ndraw=128, logz=-152501.02, remainder_fraction=100.0000%, Lmin=-152491.50, Lmax=-10000.00
06:39:09 [ultranest] [DEBUG] clustering found some stray points [need_accept=False] (array([1, 2]), array([399,   1]))
06:39:10 [ultranest] [DEBUG] iteration=1440, ncalls=6096, regioncalls=14208, ndraw=128, logz=-152500.36, remainder_fraction=100.0000%, Lmin=-152490.36, Lmax=-10000.00
06:39:11 [ultranest] [DEBUG] iteration=1444, ncalls=6138, regioncalls=14336, ndraw=128, logz=-152493.88, remainder_fraction=100.0000%, Lmin=-152484.40, Lmax=-10000.00
06:39:11 [ultranest] [DEBUG] iteration=1446, ncalls=6186, regioncalls=14464, ndraw=128, logz=-152492.86, remainder_fraction=100.0000%, Lmin=-152478.97, Lmax=-10000.00
06:39:12 [ultranest] [DEBUG] iteration=1450, ncalls=6214, regioncalls=14592, ndraw=128, logz=-152481.65, remainder_fraction=100.0000%, Lmin=-152470.96, Lmax=-10000.00
06:39:12 [ultranest] [DEBUG] iteration=1455, ncalls=6251, regioncalls=14720, ndraw=128, logz=-152472.77, remainder_fraction=100.0000%, Lmin=-152462.38, Lmax=-10000.00
06:39:13 [ultranest] [DEBUG] iteration=1463, ncalls=6285, regioncalls=14848, ndraw=128, logz=-152459.24, remainder_fraction=100.0000%, Lmin=-152449.89, Lmax=-10000.00
06:39:14 [ultranest] [DEBUG] iteration=1468, ncalls=6338, regioncalls=14976, ndraw=128, logz=-152451.27, remainder_fraction=100.0000%, Lmin=-152441.32, Lmax=-10000.00
06:39:14 [ultranest] [DEBUG] iteration=1471, ncalls=6372, regioncalls=15104, ndraw=128, logz=-152445.23, remainder_fraction=100.0000%, Lmin=-152435.09, Lmax=-10000.00
06:39:15 [ultranest] [DEBUG] iteration=1472, ncalls=6408, regioncalls=15232, ndraw=128, logz=-152444.28, remainder_fraction=100.0000%, Lmin=-152434.99, Lmax=-10000.00
06:39:15 [ultranest] [DEBUG] iteration=1475, ncalls=6439, regioncalls=15360, ndraw=128, logz=-152440.91, remainder_fraction=100.0000%, Lmin=-152426.38, Lmax=-10000.00
06:39:16 [ultranest] [DEBUG] iteration=1477, ncalls=6474, regioncalls=15488, ndraw=128, logz=-152427.98, remainder_fraction=100.0000%, Lmin=-152414.36, Lmax=-10000.00
06:39:16 [ultranest] [DEBUG] iteration=1478, ncalls=6509, regioncalls=15616, ndraw=128, logz=-152424.03, remainder_fraction=100.0000%, Lmin=-152414.31, Lmax=-10000.00
06:39:16 [ultranest] [DEBUG] iteration=1480, ncalls=6509, regioncalls=15616, ndraw=128, logz=-152416.04, remainder_fraction=100.0000%, Lmin=-152405.72, Lmax=-10000.00
06:39:17 [ultranest] [DEBUG] iteration=1482, ncalls=6545, regioncalls=15744, ndraw=128, logz=-152404.92, remainder_fraction=100.0000%, Lmin=-152381.93, Lmax=-10000.00
06:39:17 [ultranest] [DEBUG] iteration=1484, ncalls=6588, regioncalls=15872, ndraw=128, logz=-152389.35, remainder_fraction=100.0000%, Lmin=-152376.43, Lmax=-10000.00
06:39:18 [ultranest] [DEBUG] iteration=1490, ncalls=6626, regioncalls=16000, ndraw=128, logz=-152381.53, remainder_fraction=100.0000%, Lmin=-152370.61, Lmax=-10000.00
06:39:19 [ultranest] [DEBUG] iteration=1491, ncalls=6672, regioncalls=16128, ndraw=128, logz=-152380.07, remainder_fraction=100.0000%, Lmin=-152370.12, Lmax=-10000.00
06:39:19 [ultranest] [DEBUG] iteration=1494, ncalls=6708, regioncalls=16256, ndraw=128, logz=-152377.14, remainder_fraction=100.0000%, Lmin=-152366.89, Lmax=-10000.00
06:39:20 [ultranest] [DEBUG] iteration=1496, ncalls=6741, regioncalls=16384, ndraw=128, logz=-152375.07, remainder_fraction=100.0000%, Lmin=-152363.61, Lmax=-10000.00
06:39:20 [ultranest] [DEBUG] iteration=1497, ncalls=6785, regioncalls=16512, ndraw=128, logz=-152373.18, remainder_fraction=100.0000%, Lmin=-152362.61, Lmax=-10000.00
06:39:21 [ultranest] [DEBUG] iteration=1500, ncalls=6827, regioncalls=16640, ndraw=128, logz=-152366.79, remainder_fraction=100.0000%, Lmin=-152356.75, Lmax=-10000.00
06:39:22 [ultranest] [DEBUG] iteration=1503, ncalls=6865, regioncalls=16768, ndraw=128, logz=-152357.38, remainder_fraction=100.0000%, Lmin=-152347.11, Lmax=-10000.00
06:39:22 [ultranest] [DEBUG] iteration=1507, ncalls=6913, regioncalls=16896, ndraw=128, logz=-152349.32, remainder_fraction=100.0000%, Lmin=-152335.84, Lmax=-10000.00
06:39:23 [ultranest] [DEBUG] iteration=1509, ncalls=6949, regioncalls=17024, ndraw=128, logz=-152344.45, remainder_fraction=100.0000%, Lmin=-152334.46, Lmax=-10000.00
06:39:24 [ultranest] [DEBUG] iteration=1511, ncalls=6994, regioncalls=17152, ndraw=128, logz=-152342.47, remainder_fraction=100.0000%, Lmin=-152330.92, Lmax=-10000.00
06:39:24 [ultranest] [DEBUG] iteration=1517, ncalls=7029, regioncalls=17280, ndraw=128, logz=-152321.92, remainder_fraction=100.0000%, Lmin=-152312.49, Lmax=-10000.00
06:39:24 [ultranest] [DEBUG] iteration=1520, ncalls=7029, regioncalls=17280, ndraw=128, logz=-152317.92, remainder_fraction=100.0000%, Lmin=-152307.84, Lmax=-10000.00
06:39:25 [ultranest] [DEBUG] iteration=1521, ncalls=7069, regioncalls=17408, ndraw=128, logz=-152317.07, remainder_fraction=100.0000%, Lmin=-152304.59, Lmax=-10000.00
06:39:25 [ultranest] [DEBUG] iteration=1526, ncalls=7110, regioncalls=17536, ndraw=128, logz=-152300.30, remainder_fraction=100.0000%, Lmin=-152290.13, Lmax=-10000.00
06:39:25 [ultranest] [DEBUG] clustering found some stray points [need_accept=False] (array([1, 2]), array([399,   1]))
06:39:26 [ultranest] [DEBUG] iteration=1531, ncalls=7152, regioncalls=17664, ndraw=128, logz=-152293.69, remainder_fraction=100.0000%, Lmin=-152282.39, Lmax=-10000.00
06:39:27 [ultranest] [DEBUG] iteration=1534, ncalls=7199, regioncalls=17792, ndraw=128, logz=-152279.14, remainder_fraction=100.0000%, Lmin=-152269.81, Lmax=-10000.00
06:39:27 [ultranest] [DEBUG] iteration=1538, ncalls=7237, regioncalls=17920, ndraw=128, logz=-152272.90, remainder_fraction=100.0000%, Lmin=-152263.06, Lmax=-10000.00
06:39:28 [ultranest] [DEBUG] iteration=1541, ncalls=7263, regioncalls=18048, ndraw=128, logz=-152268.01, remainder_fraction=100.0000%, Lmin=-152256.12, Lmax=-10000.00
06:39:28 [ultranest] [DEBUG] iteration=1544, ncalls=7302, regioncalls=18176, ndraw=128, logz=-152263.29, remainder_fraction=100.0000%, Lmin=-152251.28, Lmax=-10000.00
06:39:29 [ultranest] [DEBUG] iteration=1547, ncalls=7341, regioncalls=18304, ndraw=128, logz=-152257.09, remainder_fraction=100.0000%, Lmin=-152246.41, Lmax=-10000.00
06:39:29 [ultranest] [DEBUG] iteration=1549, ncalls=7375, regioncalls=18432, ndraw=128, logz=-152248.53, remainder_fraction=100.0000%, Lmin=-152236.61, Lmax=-10000.00
06:39:30 [ultranest] [DEBUG] iteration=1552, ncalls=7427, regioncalls=18560, ndraw=128, logz=-152241.69, remainder_fraction=100.0000%, Lmin=-152230.58, Lmax=-10000.00
06:39:31 [ultranest] [DEBUG] iteration=1556, ncalls=7465, regioncalls=18688, ndraw=128, logz=-152237.26, remainder_fraction=100.0000%, Lmin=-152226.57, Lmax=-10000.00
06:39:31 [ultranest] [DEBUG] iteration=1557, ncalls=7498, regioncalls=18816, ndraw=128, logz=-152236.08, remainder_fraction=100.0000%, Lmin=-152226.39, Lmax=-10000.00
06:39:32 [ultranest] [DEBUG] iteration=1560, ncalls=7532, regioncalls=18944, ndraw=128, logz=-152230.40, remainder_fraction=100.0000%, Lmin=-152219.26, Lmax=-10000.00
06:39:32 [ultranest] [DEBUG] iteration=1562, ncalls=7565, regioncalls=19072, ndraw=128, logz=-152228.07, remainder_fraction=100.0000%, Lmin=-152213.97, Lmax=-10000.00
06:39:33 [ultranest] [DEBUG] iteration=1566, ncalls=7601, regioncalls=19200, ndraw=128, logz=-152216.52, remainder_fraction=100.0000%, Lmin=-152201.14, Lmax=-10000.00
06:39:33 [ultranest] [DEBUG] iteration=1568, ncalls=7633, regioncalls=19328, ndraw=128, logz=-152205.98, remainder_fraction=100.0000%, Lmin=-152192.85, Lmax=-10000.00
06:39:34 [ultranest] [DEBUG] iteration=1571, ncalls=7669, regioncalls=19456, ndraw=128, logz=-152200.86, remainder_fraction=100.0000%, Lmin=-152184.70, Lmax=-10000.00
06:39:34 [ultranest] [DEBUG] iteration=1572, ncalls=7715, regioncalls=19584, ndraw=128, logz=-152194.62, remainder_fraction=100.0000%, Lmin=-152182.20, Lmax=-10000.00
06:39:35 [ultranest] [DEBUG] iteration=1578, ncalls=7747, regioncalls=19712, ndraw=128, logz=-152183.90, remainder_fraction=100.0000%, Lmin=-152171.08, Lmax=-10000.00
06:39:35 [ultranest] [DEBUG] iteration=1579, ncalls=7781, regioncalls=19840, ndraw=128, logz=-152180.97, remainder_fraction=100.0000%, Lmin=-152169.99, Lmax=-10000.00
06:39:36 [ultranest] [DEBUG] iteration=1582, ncalls=7819, regioncalls=19968, ndraw=128, logz=-152178.18, remainder_fraction=100.0000%, Lmin=-152167.83, Lmax=-10000.00
06:39:36 [ultranest] [DEBUG] iteration=1584, ncalls=7856, regioncalls=20096, ndraw=128, logz=-152169.91, remainder_fraction=100.0000%, Lmin=-152157.01, Lmax=-10000.00
06:39:37 [ultranest] [DEBUG] iteration=1586, ncalls=7894, regioncalls=20224, ndraw=128, logz=-152166.16, remainder_fraction=100.0000%, Lmin=-152155.15, Lmax=-10000.00
06:39:37 [ultranest] [DEBUG] iteration=1587, ncalls=7934, regioncalls=20352, ndraw=128, logz=-152164.81, remainder_fraction=100.0000%, Lmin=-152151.14, Lmax=-10000.00
06:39:38 [ultranest] [DEBUG] iteration=1591, ncalls=7971, regioncalls=20480, ndraw=128, logz=-152156.42, remainder_fraction=100.0000%, Lmin=-152144.98, Lmax=-10000.00
06:39:38 [ultranest] [DEBUG] iteration=1594, ncalls=8002, regioncalls=20608, ndraw=128, logz=-152151.34, remainder_fraction=100.0000%, Lmin=-152139.82, Lmax=-10000.00
06:39:39 [ultranest] [DEBUG] iteration=1599, ncalls=8039, regioncalls=20736, ndraw=128, logz=-152138.21, remainder_fraction=100.0000%, Lmin=-152127.97, Lmax=-10000.00
06:39:39 [ultranest] [DEBUG] iteration=1600, ncalls=8039, regioncalls=20736, ndraw=128, logz=-152137.38, remainder_fraction=100.0000%, Lmin=-152125.37, Lmax=-10000.00
06:39:39 [ultranest] [DEBUG] iteration=1605, ncalls=8082, regioncalls=20864, ndraw=128, logz=-152128.07, remainder_fraction=100.0000%, Lmin=-152117.01, Lmax=-10000.00
06:39:40 [ultranest] [DEBUG] iteration=1609, ncalls=8113, regioncalls=20992, ndraw=128, logz=-152124.37, remainder_fraction=100.0000%, Lmin=-152112.22, Lmax=-10000.00
06:39:40 [ultranest] [DEBUG] iteration=1614, ncalls=8139, regioncalls=21120, ndraw=128, logz=-152110.97, remainder_fraction=100.0000%, Lmin=-152100.08, Lmax=-10000.00
06:39:41 [ultranest] [DEBUG] iteration=1618, ncalls=8172, regioncalls=21248, ndraw=128, logz=-152101.52, remainder_fraction=100.0000%, Lmin=-152091.40, Lmax=-10000.00
06:39:41 [ultranest] [DEBUG] clustering found some stray points [need_accept=False] (array([1, 2]), array([399,   1]))
06:39:41 [ultranest] [DEBUG] iteration=1622, ncalls=8209, regioncalls=21376, ndraw=128, logz=-152095.46, remainder_fraction=100.0000%, Lmin=-152084.52, Lmax=-10000.00
06:39:42 [ultranest] [DEBUG] iteration=1625, ncalls=8248, regioncalls=21504, ndraw=128, logz=-152091.74, remainder_fraction=100.0000%, Lmin=-152081.79, Lmax=-10000.00
06:39:42 [ultranest] [DEBUG] iteration=1628, ncalls=8276, regioncalls=21632, ndraw=128, logz=-152089.32, remainder_fraction=100.0000%, Lmin=-152073.58, Lmax=-10000.00
06:39:43 [ultranest] [DEBUG] iteration=1629, ncalls=8316, regioncalls=21760, ndraw=128, logz=-152083.64, remainder_fraction=100.0000%, Lmin=-152071.59, Lmax=-10000.00
06:39:44 [ultranest] [DEBUG] iteration=1630, ncalls=8351, regioncalls=21888, ndraw=128, logz=-152081.53, remainder_fraction=100.0000%, Lmin=-152071.11, Lmax=-10000.00
06:39:44 [ultranest] [DEBUG] iteration=1631, ncalls=8387, regioncalls=22016, ndraw=128, logz=-152080.65, remainder_fraction=100.0000%, Lmin=-152070.65, Lmax=-10000.00
06:39:45 [ultranest] [DEBUG] iteration=1634, ncalls=8429, regioncalls=22144, ndraw=128, logz=-152078.23, remainder_fraction=100.0000%, Lmin=-152066.57, Lmax=-10000.00
06:39:46 [ultranest] [DEBUG] iteration=1638, ncalls=8500, regioncalls=22400, ndraw=128, logz=-152071.56, remainder_fraction=100.0000%, Lmin=-152060.12, Lmax=-10000.00
06:39:47 [ultranest] [DEBUG] iteration=1640, ncalls=8611, regioncalls=22784, ndraw=128, logz=-152068.74, remainder_fraction=100.0000%, Lmin=-152057.53, Lmax=-10000.00
06:39:48 [ultranest] [DEBUG] iteration=1642, ncalls=8648, regioncalls=22912, ndraw=128, logz=-152064.99, remainder_fraction=100.0000%, Lmin=-152054.81, Lmax=-10000.00
06:39:49 [ultranest] [DEBUG] iteration=1644, ncalls=8726, regioncalls=23168, ndraw=128, logz=-152063.79, remainder_fraction=100.0000%, Lmin=-152049.81, Lmax=-10000.00
06:39:50 [ultranest] [DEBUG] iteration=1645, ncalls=8765, regioncalls=23296, ndraw=128, logz=-152059.89, remainder_fraction=100.0000%, Lmin=-152048.97, Lmax=-10000.00
06:39:50 [ultranest] [DEBUG] iteration=1648, ncalls=8803, regioncalls=23424, ndraw=128, logz=-152053.80, remainder_fraction=100.0000%, Lmin=-152038.66, Lmax=-10000.00
06:39:51 [ultranest] [DEBUG] iteration=1650, ncalls=8843, regioncalls=23552, ndraw=128, logz=-152045.20, remainder_fraction=100.0000%, Lmin=-152034.95, Lmax=-10000.00
06:39:51 [ultranest] [DEBUG] iteration=1652, ncalls=8878, regioncalls=23680, ndraw=128, logz=-152043.89, remainder_fraction=100.0000%, Lmin=-152034.61, Lmax=-10000.00
06:39:52 [ultranest] [DEBUG] iteration=1653, ncalls=8911, regioncalls=23808, ndraw=128, logz=-152043.53, remainder_fraction=100.0000%, Lmin=-152034.38, Lmax=-10000.00
06:39:52 [ultranest] [DEBUG] iteration=1656, ncalls=8944, regioncalls=23936, ndraw=128, logz=-152040.98, remainder_fraction=100.0000%, Lmin=-152029.51, Lmax=-10000.00
06:39:53 [ultranest] [DEBUG] iteration=1658, ncalls=8982, regioncalls=24064, ndraw=128, logz=-152037.32, remainder_fraction=100.0000%, Lmin=-152026.81, Lmax=-10000.00
06:39:54 [ultranest] [DEBUG] iteration=1659, ncalls=9024, regioncalls=24192, ndraw=128, logz=-152036.43, remainder_fraction=100.0000%, Lmin=-152025.41, Lmax=-10000.00
06:39:54 [ultranest] [DEBUG] iteration=1662, ncalls=9064, regioncalls=24320, ndraw=128, logz=-152030.12, remainder_fraction=100.0000%, Lmin=-152018.61, Lmax=-10000.00
06:39:55 [ultranest] [DEBUG] iteration=1664, ncalls=9138, regioncalls=24576, ndraw=128, logz=-152025.24, remainder_fraction=100.0000%, Lmin=-152014.58, Lmax=-10000.00
06:39:56 [ultranest] [DEBUG] iteration=1665, ncalls=9173, regioncalls=24704, ndraw=128, logz=-152024.26, remainder_fraction=100.0000%, Lmin=-152014.57, Lmax=-10000.00
06:39:56 [ultranest] [DEBUG] iteration=1669, ncalls=9209, regioncalls=24832, ndraw=128, logz=-152015.79, remainder_fraction=100.0000%, Lmin=-152003.66, Lmax=-10000.00
06:39:57 [ultranest] [DEBUG] iteration=1672, ncalls=9252, regioncalls=24960, ndraw=128, logz=-152010.90, remainder_fraction=100.0000%, Lmin=-151999.19, Lmax=-10000.00
06:39:57 [ultranest] [DEBUG] iteration=1674, ncalls=9278, regioncalls=25088, ndraw=128, logz=-152008.28, remainder_fraction=100.0000%, Lmin=-151996.61, Lmax=-10000.00
06:39:58 [ultranest] [DEBUG] iteration=1677, ncalls=9304, regioncalls=25216, ndraw=128, logz=-152003.75, remainder_fraction=100.0000%, Lmin=-151990.20, Lmax=-10000.00
06:39:58 [ultranest] [DEBUG] iteration=1678, ncalls=9348, regioncalls=25344, ndraw=128, logz=-152000.35, remainder_fraction=100.0000%, Lmin=-151990.11, Lmax=-10000.00
06:39:59 [ultranest] [DEBUG] iteration=1680, ncalls=9386, regioncalls=25472, ndraw=128, logz=-151999.19, remainder_fraction=100.0000%, Lmin=-151988.43, Lmax=-10000.00
06:40:00 [ultranest] [DEBUG] iteration=1684, ncalls=9448, regioncalls=25728, ndraw=128, logz=-151989.56, remainder_fraction=100.0000%, Lmin=-151978.03, Lmax=-10000.00
06:40:01 [ultranest] [DEBUG] iteration=1685, ncalls=9515, regioncalls=25984, ndraw=128, logz=-151988.00, remainder_fraction=100.0000%, Lmin=-151977.56, Lmax=-10000.00
06:40:01 [ultranest] [DEBUG] iteration=1687, ncalls=9545, regioncalls=26112, ndraw=128, logz=-151983.16, remainder_fraction=100.0000%, Lmin=-151969.05, Lmax=-10000.00
06:40:02 [ultranest] [DEBUG] iteration=1689, ncalls=9581, regioncalls=26240, ndraw=128, logz=-151976.26, remainder_fraction=100.0000%, Lmin=-151965.90, Lmax=-10000.00
06:40:02 [ultranest] [DEBUG] iteration=1690, ncalls=9620, regioncalls=26368, ndraw=128, logz=-151975.49, remainder_fraction=100.0000%, Lmin=-151964.18, Lmax=-10000.00
06:40:03 [ultranest] [DEBUG] iteration=1691, ncalls=9658, regioncalls=26496, ndraw=128, logz=-151974.11, remainder_fraction=100.0000%, Lmin=-151961.95, Lmax=-10000.00
06:40:04 [ultranest] [DEBUG] iteration=1694, ncalls=9693, regioncalls=26624, ndraw=128, logz=-151963.19, remainder_fraction=100.0000%, Lmin=-151952.58, Lmax=-10000.00
06:40:04 [ultranest] [DEBUG] iteration=1698, ncalls=9726, regioncalls=26752, ndraw=128, logz=-151960.69, remainder_fraction=100.0000%, Lmin=-151951.41, Lmax=-10000.00
06:40:05 [ultranest] [DEBUG] iteration=1700, ncalls=9764, regioncalls=26880, ndraw=128, logz=-151960.11, remainder_fraction=100.0000%, Lmin=-151950.31, Lmax=-10000.00
06:40:05 [ultranest] [DEBUG] iteration=1702, ncalls=9791, regioncalls=27008, ndraw=128, logz=-151958.53, remainder_fraction=100.0000%, Lmin=-151948.12, Lmax=-10000.00
06:40:05 [ultranest] [DEBUG] iteration=1704, ncalls=9823, regioncalls=27136, ndraw=128, logz=-151956.81, remainder_fraction=100.0000%, Lmin=-151945.81, Lmax=-10000.00
06:40:06 [ultranest] [DEBUG] iteration=1706, ncalls=9857, regioncalls=27264, ndraw=128, logz=-151953.66, remainder_fraction=100.0000%, Lmin=-151943.13, Lmax=-10000.00
06:40:07 [ultranest] [DEBUG] iteration=1707, ncalls=9926, regioncalls=27520, ndraw=128, logz=-151952.82, remainder_fraction=100.0000%, Lmin=-151941.87, Lmax=-10000.00
06:40:07 [ultranest] [DEBUG] clustering found some stray points [need_accept=False] (array([1, 2]), array([399,   1]))
06:40:07 [ultranest] [DEBUG] iteration=1710, ncalls=9960, regioncalls=27648, ndraw=128, logz=-151950.22, remainder_fraction=100.0000%, Lmin=-151940.15, Lmax=-10000.00
06:40:08 [ultranest] [DEBUG] iteration=1714, ncalls=10017, regioncalls=27904, ndraw=128, logz=-151947.23, remainder_fraction=100.0000%, Lmin=-151936.56, Lmax=-10000.00
06:40:09 [ultranest] [DEBUG] iteration=1716, ncalls=10057, regioncalls=28032, ndraw=128, logz=-151942.85, remainder_fraction=100.0000%, Lmin=-151931.82, Lmax=-10000.00
06:40:09 [ultranest] [DEBUG] iteration=1719, ncalls=10090, regioncalls=28160, ndraw=128, logz=-151940.14, remainder_fraction=100.0000%, Lmin=-151926.54, Lmax=-10000.00
06:40:10 [ultranest] [DEBUG] iteration=1720, ncalls=10121, regioncalls=28288, ndraw=128, logz=-151936.80, remainder_fraction=100.0000%, Lmin=-151922.82, Lmax=-10000.00
06:40:10 [ultranest] [DEBUG] iteration=1721, ncalls=10166, regioncalls=28416, ndraw=128, logz=-151933.09, remainder_fraction=100.0000%, Lmin=-151922.40, Lmax=-10000.00
06:40:11 [ultranest] [DEBUG] iteration=1725, ncalls=10218, regioncalls=28544, ndraw=128, logz=-151926.57, remainder_fraction=100.0000%, Lmin=-151912.85, Lmax=-10000.00
06:40:13 [ultranest] [DEBUG] iteration=1727, ncalls=10365, regioncalls=29056, ndraw=128, logz=-151922.38, remainder_fraction=100.0000%, Lmin=-151911.87, Lmax=-10000.00
06:40:14 [ultranest] [DEBUG] iteration=1730, ncalls=10401, regioncalls=29184, ndraw=128, logz=-151919.64, remainder_fraction=100.0000%, Lmin=-151909.68, Lmax=-10000.00
06:40:15 [ultranest] [DEBUG] iteration=1732, ncalls=10439, regioncalls=29312, ndraw=128, logz=-151918.30, remainder_fraction=100.0000%, Lmin=-151908.52, Lmax=-10000.00
06:40:15 [ultranest] [DEBUG] iteration=1734, ncalls=10474, regioncalls=29440, ndraw=128, logz=-151917.52, remainder_fraction=100.0000%, Lmin=-151906.49, Lmax=-10000.00
06:40:16 [ultranest] [DEBUG] iteration=1735, ncalls=10520, regioncalls=29568, ndraw=128, logz=-151916.41, remainder_fraction=100.0000%, Lmin=-151903.95, Lmax=-10000.00
06:40:16 [ultranest] [DEBUG] iteration=1737, ncalls=10560, regioncalls=29696, ndraw=128, logz=-151912.01, remainder_fraction=100.0000%, Lmin=-151898.29, Lmax=-10000.00
06:40:17 [ultranest] [DEBUG] iteration=1741, ncalls=10589, regioncalls=29824, ndraw=128, logz=-151896.83, remainder_fraction=100.0000%, Lmin=-151884.52, Lmax=-10000.00
06:40:17 [ultranest] [DEBUG] iteration=1742, ncalls=10629, regioncalls=29952, ndraw=128, logz=-151894.73, remainder_fraction=100.0000%, Lmin=-151882.98, Lmax=-10000.00
06:40:18 [ultranest] [DEBUG] iteration=1743, ncalls=10669, regioncalls=30080, ndraw=128, logz=-151893.11, remainder_fraction=100.0000%, Lmin=-151882.33, Lmax=-10000.00
06:40:19 [ultranest] [DEBUG] iteration=1744, ncalls=10711, regioncalls=30208, ndraw=128, logz=-151892.18, remainder_fraction=100.0000%, Lmin=-151881.66, Lmax=-10000.00
06:40:19 [ultranest] [DEBUG] iteration=1747, ncalls=10740, regioncalls=30336, ndraw=128, logz=-151889.86, remainder_fraction=100.0000%, Lmin=-151879.20, Lmax=-10000.00
06:40:20 [ultranest] [DEBUG] iteration=1748, ncalls=10845, regioncalls=30720, ndraw=128, logz=-151889.01, remainder_fraction=100.0000%, Lmin=-151878.38, Lmax=-10000.00
06:40:21 [ultranest] [DEBUG] iteration=1753, ncalls=10877, regioncalls=30848, ndraw=128, logz=-151882.89, remainder_fraction=100.0000%, Lmin=-151871.94, Lmax=-10000.00
06:40:21 [ultranest] [DEBUG] iteration=1756, ncalls=10915, regioncalls=30976, ndraw=128, logz=-151880.45, remainder_fraction=100.0000%, Lmin=-151868.71, Lmax=-10000.00
06:40:22 [ultranest] [DEBUG] iteration=1758, ncalls=10945, regioncalls=31104, ndraw=128, logz=-151874.38, remainder_fraction=100.0000%, Lmin=-151863.87, Lmax=-10000.00
06:40:22 [ultranest] [DEBUG] iteration=1759, ncalls=10973, regioncalls=31232, ndraw=128, logz=-151873.63, remainder_fraction=100.0000%, Lmin=-151862.01, Lmax=-10000.00
06:40:22 [ultranest] [DEBUG] iteration=1760, ncalls=10973, regioncalls=31232, ndraw=128, logz=-151872.15, remainder_fraction=100.0000%, Lmin=-151861.44, Lmax=-10000.00
06:40:23 [ultranest] [DEBUG] iteration=1761, ncalls=11007, regioncalls=31360, ndraw=128, logz=-151871.28, remainder_fraction=100.0000%, Lmin=-151860.63, Lmax=-10000.00
06:40:23 [ultranest] [DEBUG] iteration=1763, ncalls=11046, regioncalls=31488, ndraw=128, logz=-151869.78, remainder_fraction=100.0000%, Lmin=-151857.30, Lmax=-10000.00
06:40:24 [ultranest] [DEBUG] iteration=1766, ncalls=11086, regioncalls=31616, ndraw=128, logz=-151865.59, remainder_fraction=100.0000%, Lmin=-151854.77, Lmax=-10000.00
06:40:24 [ultranest] [DEBUG] iteration=1769, ncalls=11122, regioncalls=31744, ndraw=128, logz=-151859.18, remainder_fraction=100.0000%, Lmin=-151847.22, Lmax=-10000.00
06:40:26 [ultranest] [DEBUG] iteration=1770, ncalls=11199, regioncalls=32000, ndraw=128, logz=-151857.44, remainder_fraction=100.0000%, Lmin=-151844.75, Lmax=-10000.00
06:40:26 [ultranest] [DEBUG] iteration=1772, ncalls=11240, regioncalls=32128, ndraw=128, logz=-151853.05, remainder_fraction=100.0000%, Lmin=-151841.80, Lmax=-10000.00
06:40:27 [ultranest] [DEBUG] iteration=1773, ncalls=11278, regioncalls=32256, ndraw=128, logz=-151851.86, remainder_fraction=100.0000%, Lmin=-151840.16, Lmax=-10000.00
06:40:27 [ultranest] [DEBUG] iteration=1774, ncalls=11313, regioncalls=32384, ndraw=128, logz=-151850.34, remainder_fraction=100.0000%, Lmin=-151839.90, Lmax=-10000.00
06:40:28 [ultranest] [DEBUG] iteration=1777, ncalls=11352, regioncalls=32512, ndraw=128, logz=-151844.28, remainder_fraction=100.0000%, Lmin=-151834.33, Lmax=-10000.00
06:40:29 [ultranest] [DEBUG] iteration=1780, ncalls=11434, regioncalls=32768, ndraw=128, logz=-151841.30, remainder_fraction=100.0000%, Lmin=-151830.43, Lmax=-10000.00
06:40:30 [ultranest] [DEBUG] iteration=1781, ncalls=11486, regioncalls=33024, ndraw=128, logz=-151840.37, remainder_fraction=100.0000%, Lmin=-151827.07, Lmax=-10000.00
06:40:31 [ultranest] [DEBUG] iteration=1784, ncalls=11591, regioncalls=33408, ndraw=128, logz=-151835.10, remainder_fraction=100.0000%, Lmin=-151824.92, Lmax=-10000.00
06:40:32 [ultranest] [DEBUG] iteration=1785, ncalls=11627, regioncalls=33536, ndraw=128, logz=-151834.53, remainder_fraction=100.0000%, Lmin=-151824.91, Lmax=-10000.00
06:40:33 [ultranest] [DEBUG] iteration=1786, ncalls=11667, regioncalls=33664, ndraw=128, logz=-151834.17, remainder_fraction=100.0000%, Lmin=-151814.10, Lmax=-10000.00
06:40:33 [ultranest] [DEBUG] iteration=1789, ncalls=11699, regioncalls=33792, ndraw=128, logz=-151819.83, remainder_fraction=100.0000%, Lmin=-151809.24, Lmax=-10000.00
06:40:34 [ultranest] [DEBUG] iteration=1791, ncalls=11745, regioncalls=33920, ndraw=128, logz=-151818.62, remainder_fraction=100.0000%, Lmin=-151805.45, Lmax=-10000.00
06:40:34 [ultranest] [DEBUG] iteration=1793, ncalls=11777, regioncalls=34048, ndraw=128, logz=-151814.90, remainder_fraction=100.0000%, Lmin=-151804.90, Lmax=-10000.00
06:40:34 [ultranest] [DEBUG] iteration=1794, ncalls=11804, regioncalls=34176, ndraw=128, logz=-151814.42, remainder_fraction=100.0000%, Lmin=-151803.36, Lmax=-10000.00
06:40:35 [ultranest] [DEBUG] iteration=1796, ncalls=11842, regioncalls=34304, ndraw=128, logz=-151812.54, remainder_fraction=100.0000%, Lmin=-151800.77, Lmax=-10000.00
06:40:35 [ultranest] [DEBUG] clustering found some stray points [need_accept=False] (array([1, 2, 3]), array([303,  96,   1]))
06:40:35 [ultranest] [DEBUG] iteration=1800, ncalls=11876, regioncalls=34432, ndraw=128, logz=-151804.42, remainder_fraction=100.0000%, Lmin=-151793.93, Lmax=-10000.00
06:40:37 [ultranest] [DEBUG] iteration=1803, ncalls=11947, regioncalls=34688, ndraw=128, logz=-151801.29, remainder_fraction=100.0000%, Lmin=-151790.20, Lmax=-10000.00
06:40:37 [ultranest] [DEBUG] iteration=1804, ncalls=11989, regioncalls=34816, ndraw=128, logz=-151800.26, remainder_fraction=100.0000%, Lmin=-151788.11, Lmax=-10000.00
06:40:38 [ultranest] [DEBUG] iteration=1807, ncalls=12028, regioncalls=34944, ndraw=128, logz=-151796.83, remainder_fraction=100.0000%, Lmin=-151786.43, Lmax=-10000.00
06:40:38 [ultranest] [DEBUG] iteration=1808, ncalls=12065, regioncalls=35072, ndraw=128, logz=-151796.19, remainder_fraction=100.0000%, Lmin=-151783.21, Lmax=-10000.00
06:40:39 [ultranest] [DEBUG] iteration=1809, ncalls=12105, regioncalls=35200, ndraw=128, logz=-151793.64, remainder_fraction=100.0000%, Lmin=-151782.79, Lmax=-10000.00
06:40:39 [ultranest] [DEBUG] iteration=1811, ncalls=12146, regioncalls=35328, ndraw=128, logz=-151792.14, remainder_fraction=100.0000%, Lmin=-151781.80, Lmax=-10000.00
06:40:40 [ultranest] [DEBUG] iteration=1816, ncalls=12178, regioncalls=35456, ndraw=128, logz=-151786.29, remainder_fraction=100.0000%, Lmin=-151776.41, Lmax=-10000.00
06:40:41 [ultranest] [DEBUG] iteration=1817, ncalls=12244, regioncalls=35712, ndraw=128, logz=-151785.87, remainder_fraction=100.0000%, Lmin=-151775.90, Lmax=-10000.00
06:40:42 [ultranest] [DEBUG] iteration=1818, ncalls=12309, regioncalls=35968, ndraw=128, logz=-151785.42, remainder_fraction=100.0000%, Lmin=-151774.79, Lmax=-10000.00
06:40:43 [ultranest] [DEBUG] iteration=1820, ncalls=12386, regioncalls=36224, ndraw=128, logz=-151783.57, remainder_fraction=100.0000%, Lmin=-151773.42, Lmax=-10000.00
06:40:43 [ultranest] [DEBUG] iteration=1823, ncalls=12417, regioncalls=36352, ndraw=128, logz=-151782.33, remainder_fraction=100.0000%, Lmin=-151772.17, Lmax=-10000.00
06:40:44 [ultranest] [DEBUG] iteration=1824, ncalls=12475, regioncalls=36608, ndraw=128, logz=-151781.81, remainder_fraction=100.0000%, Lmin=-151770.57, Lmax=-10000.00
06:40:46 [ultranest] [DEBUG] iteration=1825, ncalls=12593, regioncalls=36992, ndraw=128, logz=-151780.71, remainder_fraction=100.0000%, Lmin=-151769.49, Lmax=-10000.00
06:40:46 [ultranest] [DEBUG] iteration=1827, ncalls=12621, regioncalls=37120, ndraw=128, logz=-151778.20, remainder_fraction=100.0000%, Lmin=-151767.76, Lmax=-10000.00
06:40:47 [ultranest] [DEBUG] iteration=1828, ncalls=12658, regioncalls=37248, ndraw=128, logz=-151777.56, remainder_fraction=100.0000%, Lmin=-151767.50, Lmax=-10000.00
06:40:47 [ultranest] [DEBUG] iteration=1829, ncalls=12701, regioncalls=37376, ndraw=128, logz=-151777.09, remainder_fraction=100.0000%, Lmin=-151767.48, Lmax=-10000.00
06:40:48 [ultranest] [DEBUG] iteration=1830, ncalls=12741, regioncalls=37504, ndraw=128, logz=-151776.76, remainder_fraction=100.0000%, Lmin=-151764.23, Lmax=-10000.00
06:40:49 [ultranest] [DEBUG] iteration=1833, ncalls=12777, regioncalls=37632, ndraw=128, logz=-151772.18, remainder_fraction=100.0000%, Lmin=-151758.87, Lmax=-10000.00
06:40:49 [ultranest] [DEBUG] iteration=1834, ncalls=12836, regioncalls=37888, ndraw=128, logz=-151769.38, remainder_fraction=100.0000%, Lmin=-151758.11, Lmax=-10000.00
06:40:50 [ultranest] [DEBUG] iteration=1835, ncalls=12879, regioncalls=38016, ndraw=128, logz=-151768.28, remainder_fraction=100.0000%, Lmin=-151755.89, Lmax=-10000.00
06:40:51 [ultranest] [DEBUG] iteration=1836, ncalls=12946, regioncalls=38272, ndraw=128, logz=-151766.32, remainder_fraction=100.0000%, Lmin=-151755.48, Lmax=-10000.00
06:40:52 [ultranest] [DEBUG] iteration=1837, ncalls=12984, regioncalls=38400, ndraw=128, logz=-151765.49, remainder_fraction=100.0000%, Lmin=-151755.17, Lmax=-10000.00
06:40:53 [ultranest] [DEBUG] iteration=1839, ncalls=13083, regioncalls=38784, ndraw=128, logz=-151764.54, remainder_fraction=100.0000%, Lmin=-151754.40, Lmax=-10000.00
06:40:53 [ultranest] [DEBUG] iteration=1840, ncalls=13113, regioncalls=38912, ndraw=128, logz=-151764.05, remainder_fraction=100.0000%, Lmin=-151754.18, Lmax=-10000.00
06:40:54 [ultranest] [DEBUG] iteration=1841, ncalls=13149, regioncalls=39040, ndraw=128, logz=-151763.65, remainder_fraction=100.0000%, Lmin=-151752.73, Lmax=-10000.00
06:40:54 [ultranest] [DEBUG] iteration=1843, ncalls=13185, regioncalls=39168, ndraw=128, logz=-151762.14, remainder_fraction=100.0000%, Lmin=-151752.19, Lmax=-10000.00
06:40:55 [ultranest] [DEBUG] iteration=1844, ncalls=13218, regioncalls=39296, ndraw=128, logz=-151761.72, remainder_fraction=100.0000%, Lmin=-151751.04, Lmax=-10000.00
06:40:55 [ultranest] [DEBUG] iteration=1845, ncalls=13249, regioncalls=39424, ndraw=128, logz=-151760.99, remainder_fraction=100.0000%, Lmin=-151748.73, Lmax=-10000.00
06:40:57 [ultranest] [DEBUG] iteration=1846, ncalls=13351, regioncalls=39808, ndraw=128, logz=-151759.16, remainder_fraction=100.0000%, Lmin=-151747.94, Lmax=-10000.00
06:40:57 [ultranest] [DEBUG] iteration=1849, ncalls=13389, regioncalls=39936, ndraw=128, logz=-151756.84, remainder_fraction=100.0000%, Lmin=-151746.07, Lmax=-10000.00
06:40:58 [ultranest] [DEBUG] iteration=1853, ncalls=13418, regioncalls=40064, ndraw=128, logz=-151750.89, remainder_fraction=100.0000%, Lmin=-151740.38, Lmax=-10000.00
06:40:59 [ultranest] [DEBUG] iteration=1854, ncalls=13485, regioncalls=40320, ndraw=128, logz=-151750.26, remainder_fraction=100.0000%, Lmin=-151738.37, Lmax=-10000.00
06:40:59 [ultranest] [DEBUG] iteration=1855, ncalls=13518, regioncalls=40448, ndraw=128, logz=-151748.75, remainder_fraction=100.0000%, Lmin=-151737.99, Lmax=-10000.00
06:41:00 [ultranest] [DEBUG] iteration=1857, ncalls=13557, regioncalls=40576, ndraw=128, logz=-151744.36, remainder_fraction=100.0000%, Lmin=-151732.33, Lmax=-10000.00
06:41:01 [ultranest] [DEBUG] iteration=1859, ncalls=13636, regioncalls=40832, ndraw=128, logz=-151741.60, remainder_fraction=100.0000%, Lmin=-151728.80, Lmax=-10000.00
06:41:02 [ultranest] [DEBUG] iteration=1860, ncalls=13752, regioncalls=41216, ndraw=128, logz=-151739.33, remainder_fraction=100.0000%, Lmin=-151727.59, Lmax=-10000.00
06:41:03 [ultranest] [DEBUG] iteration=1862, ncalls=13785, regioncalls=41344, ndraw=128, logz=-151737.09, remainder_fraction=100.0000%, Lmin=-151724.76, Lmax=-10000.00
06:41:03 [ultranest] [DEBUG] iteration=1866, ncalls=13821, regioncalls=41472, ndraw=128, logz=-151731.50, remainder_fraction=100.0000%, Lmin=-151721.02, Lmax=-10000.00
06:41:04 [ultranest] [DEBUG] iteration=1868, ncalls=13859, regioncalls=41600, ndraw=128, logz=-151730.19, remainder_fraction=100.0000%, Lmin=-151720.15, Lmax=-10000.00
06:41:05 [ultranest] [DEBUG] iteration=1869, ncalls=13933, regioncalls=41856, ndraw=128, logz=-151729.76, remainder_fraction=100.0000%, Lmin=-151719.12, Lmax=-10000.00
06:41:06 [ultranest] [DEBUG] iteration=1873, ncalls=13974, regioncalls=41984, ndraw=128, logz=-151727.14, remainder_fraction=100.0000%, Lmin=-151712.70, Lmax=-10000.00
06:41:06 [ultranest] [DEBUG] iteration=1875, ncalls=14007, regioncalls=42112, ndraw=128, logz=-151722.63, remainder_fraction=100.0000%, Lmin=-151711.99, Lmax=-10000.00
06:41:07 [ultranest] [DEBUG] iteration=1876, ncalls=14078, regioncalls=42368, ndraw=128, logz=-151721.96, remainder_fraction=100.0000%, Lmin=-151709.23, Lmax=-10000.00
06:41:08 [ultranest] [DEBUG] iteration=1877, ncalls=14151, regioncalls=42624, ndraw=128, logz=-151719.79, remainder_fraction=100.0000%, Lmin=-151708.44, Lmax=-10000.00
06:41:09 [ultranest] [DEBUG] iteration=1878, ncalls=14186, regioncalls=42752, ndraw=128, logz=-151718.71, remainder_fraction=100.0000%, Lmin=-151708.09, Lmax=-10000.00
06:41:10 [ultranest] [DEBUG] iteration=1879, ncalls=14264, regioncalls=43008, ndraw=128, logz=-151718.05, remainder_fraction=100.0000%, Lmin=-151707.69, Lmax=-10000.00
06:41:10 [ultranest] [DEBUG] iteration=1880, ncalls=14264, regioncalls=43008, ndraw=128, logz=-151717.51, remainder_fraction=100.0000%, Lmin=-151706.23, Lmax=-10000.00
06:41:10 [ultranest] [DEBUG] iteration=1881, ncalls=14310, regioncalls=43136, ndraw=128, logz=-151716.48, remainder_fraction=100.0000%, Lmin=-151706.03, Lmax=-10000.00
06:41:11 [ultranest] [DEBUG] iteration=1884, ncalls=14349, regioncalls=43264, ndraw=128, logz=-151714.65, remainder_fraction=100.0000%, Lmin=-151703.62, Lmax=-10000.00
06:41:13 [ultranest] [DEBUG] iteration=1885, ncalls=14457, regioncalls=43648, ndraw=128, logz=-151713.78, remainder_fraction=100.0000%, Lmin=-151702.14, Lmax=-10000.00
06:41:13 [ultranest] [DEBUG] iteration=1887, ncalls=14494, regioncalls=43776, ndraw=128, logz=-151711.65, remainder_fraction=100.0000%, Lmin=-151700.50, Lmax=-10000.00
06:41:13 [ultranest] [DEBUG] clustering found some stray points [need_accept=False] (array([1, 2, 3]), array([117, 282,   1]))
06:41:14 [ultranest] [DEBUG] iteration=1890, ncalls=14566, regioncalls=44032, ndraw=128, logz=-151708.36, remainder_fraction=100.0000%, Lmin=-151696.64, Lmax=-10000.00
06:41:16 [ultranest] [DEBUG] iteration=1892, ncalls=14701, regioncalls=44544, ndraw=128, logz=-151706.16, remainder_fraction=100.0000%, Lmin=-151694.16, Lmax=-10000.00
06:41:17 [ultranest] [DEBUG] iteration=1894, ncalls=14734, regioncalls=44672, ndraw=128, logz=-151703.83, remainder_fraction=100.0000%, Lmin=-151691.75, Lmax=-10000.00
06:41:17 [ultranest] [DEBUG] iteration=1895, ncalls=14766, regioncalls=44800, ndraw=128, logz=-151702.25, remainder_fraction=100.0000%, Lmin=-151691.20, Lmax=-10000.00
06:41:18 [ultranest] [DEBUG] iteration=1897, ncalls=14809, regioncalls=44928, ndraw=128, logz=-151700.72, remainder_fraction=100.0000%, Lmin=-151690.56, Lmax=-10000.00
06:41:18 [ultranest] [DEBUG] iteration=1898, ncalls=14846, regioncalls=45056, ndraw=128, logz=-151700.27, remainder_fraction=100.0000%, Lmin=-151690.35, Lmax=-10000.00
06:41:19 [ultranest] [DEBUG] iteration=1899, ncalls=14931, regioncalls=45312, ndraw=128, logz=-151699.91, remainder_fraction=100.0000%, Lmin=-151690.25, Lmax=-10000.00
06:41:20 [ultranest] [DEBUG] iteration=1900, ncalls=14971, regioncalls=45440, ndraw=128, logz=-151699.62, remainder_fraction=100.0000%, Lmin=-151689.65, Lmax=-10000.00
06:41:20 [ultranest] [DEBUG] iteration=1901, ncalls=15008, regioncalls=45568, ndraw=128, logz=-151699.24, remainder_fraction=100.0000%, Lmin=-151689.31, Lmax=-10000.00
06:41:21 [ultranest] [DEBUG] iteration=1903, ncalls=15070, regioncalls=45824, ndraw=128, logz=-151698.41, remainder_fraction=100.0000%, Lmin=-151688.36, Lmax=-10000.00
06:41:22 [ultranest] [DEBUG] iteration=1904, ncalls=15098, regioncalls=45952, ndraw=128, logz=-151698.01, remainder_fraction=100.0000%, Lmin=-151684.26, Lmax=-10000.00
