01:22:58 [ultranest] [DEBUG] ReactiveNestedSampler: dims=3+0, resume=False, log_dir=logs_animal_0/run2, backend=hdf5, vectorized=True, nbootstraps=30, ndraw=128..65536
01:22:59 [ultranest] [INFO] Sampling 400 live points from prior ...
01:23:30 [ultranest] [DEBUG] run_iter dlogz=0.5, dKL=0.5, frac_remain=0.01, Lepsilon=0.0010, min_ess=400
01:23:30 [ultranest] [DEBUG] max_iters=-1, max_ncalls=-1, max_num_improvement_loops=3, min_num_live_points=400, cluster_num_live_points=40
01:23:30 [ultranest] [DEBUG] minimal_widths_sequence: [(-inf, 400.0), (inf, 400.0)]
01:23:42 [ultranest] [DEBUG] iteration=0, ncalls=528, regioncalls=128, ndraw=128, logz=-inf, remainder_fraction=100.0000%, Lmin=-1147844.27, Lmax=-10000.00
01:23:42 [ultranest] [DEBUG] iteration=40, ncalls=528, regioncalls=128, ndraw=128, logz=-303128.40, remainder_fraction=100.0000%, Lmin=-301849.13, Lmax=-10000.00
01:23:42 [ultranest] [DEBUG] iteration=80, ncalls=528, regioncalls=128, ndraw=128, logz=-261267.07, remainder_fraction=100.0000%, Lmin=-258765.39, Lmax=-10000.00
01:23:50 [ultranest] [DEBUG] iteration=113, ncalls=655, regioncalls=256, ndraw=128, logz=-234546.72, remainder_fraction=100.0000%, Lmin=-234450.07, Lmax=-10000.00
01:23:50 [ultranest] [DEBUG] iteration=120, ncalls=655, regioncalls=256, ndraw=128, logz=-232124.02, remainder_fraction=100.0000%, Lmin=-231445.71, Lmax=-10000.00
01:23:50 [ultranest] [DEBUG] iteration=160, ncalls=655, regioncalls=256, ndraw=128, logz=-207667.40, remainder_fraction=100.0000%, Lmin=-207431.23, Lmax=-10000.00
01:23:50 [ultranest] [DEBUG] clustering found some stray points [need_accept=False] (array([1, 2, 3]), array([397,   1,   2]))
01:23:50 [ultranest] [DEBUG] iteration=200, ncalls=655, regioncalls=256, ndraw=128, logz=-189886.70, remainder_fraction=100.0000%, Lmin=-188675.94, Lmax=-10000.00
01:23:57 [ultranest] [DEBUG] iteration=205, ncalls=775, regioncalls=384, ndraw=128, logz=-187551.46, remainder_fraction=100.0000%, Lmin=-185433.17, Lmax=-10000.00
01:23:58 [ultranest] [DEBUG] iteration=240, ncalls=775, regioncalls=384, ndraw=128, logz=-172531.95, remainder_fraction=100.0000%, Lmin=-172494.57, Lmax=-10000.00
01:23:58 [ultranest] [DEBUG] clustering found some stray points [need_accept=False] (array([1, 2, 3]), array([397,   1,   2]))
01:24:05 [ultranest] [DEBUG] iteration=274, ncalls=884, regioncalls=512, ndraw=128, logz=-163999.12, remainder_fraction=100.0000%, Lmin=-163728.98, Lmax=-10000.00
01:24:05 [ultranest] [DEBUG] iteration=280, ncalls=884, regioncalls=512, ndraw=128, logz=-162878.15, remainder_fraction=100.0000%, Lmin=-162568.97, Lmax=-10000.00
01:24:05 [ultranest] [DEBUG] iteration=320, ncalls=884, regioncalls=512, ndraw=128, logz=-155070.58, remainder_fraction=100.0000%, Lmin=-155055.72, Lmax=-10000.00
01:24:10 [ultranest] [DEBUG] iteration=325, ncalls=983, regioncalls=640, ndraw=128, logz=-154348.30, remainder_fraction=100.0000%, Lmin=-153937.47, Lmax=-10000.00
01:24:10 [ultranest] [DEBUG] clustering found some stray points [need_accept=False] (array([1, 2, 3]), array([397,   1,   2]))
01:24:10 [ultranest] [DEBUG] iteration=360, ncalls=983, regioncalls=640, ndraw=128, logz=-150538.30, remainder_fraction=100.0000%, Lmin=-150488.86, Lmax=-10000.00
01:24:15 [ultranest] [DEBUG] iteration=380, ncalls=1084, regioncalls=768, ndraw=128, logz=-147211.19, remainder_fraction=100.0000%, Lmin=-146844.70, Lmax=-10000.00
01:24:15 [ultranest] [DEBUG] iteration=400, ncalls=1084, regioncalls=768, ndraw=128, logz=-144624.82, remainder_fraction=100.0000%, Lmin=-144604.75, Lmax=-10000.00
01:24:21 [ultranest] [DEBUG] iteration=431, ncalls=1191, regioncalls=896, ndraw=128, logz=-140996.51, remainder_fraction=100.0000%, Lmin=-140714.20, Lmax=-10000.00
01:24:21 [ultranest] [DEBUG] iteration=440, ncalls=1191, regioncalls=896, ndraw=128, logz=-139924.52, remainder_fraction=100.0000%, Lmin=-139904.67, Lmax=-10000.00
01:24:21 [ultranest] [DEBUG] clustering found some stray points [need_accept=False] (array([1, 2, 3, 4]), array([393,   3,   1,   3]))
01:24:26 [ultranest] [DEBUG] iteration=477, ncalls=1279, regioncalls=1024, ndraw=128, logz=-137264.96, remainder_fraction=100.0000%, Lmin=-137190.21, Lmax=-10000.00
01:24:26 [ultranest] [DEBUG] iteration=480, ncalls=1279, regioncalls=1024, ndraw=128, logz=-136973.31, remainder_fraction=100.0000%, Lmin=-136747.05, Lmax=-10000.00
01:24:26 [ultranest] [DEBUG] iteration=520, ncalls=1279, regioncalls=1024, ndraw=128, logz=-134442.76, remainder_fraction=100.0000%, Lmin=-134353.58, Lmax=-10000.00
01:24:31 [ultranest] [DEBUG] iteration=524, ncalls=1371, regioncalls=1152, ndraw=128, logz=-134271.95, remainder_fraction=100.0000%, Lmin=-134215.60, Lmax=-10000.00
01:24:31 [ultranest] [DEBUG] clustering found some stray points [need_accept=False] (array([1, 2, 3, 4]), array([393,   3,   1,   3]))
01:24:36 [ultranest] [DEBUG] iteration=559, ncalls=1459, regioncalls=1280, ndraw=128, logz=-132265.54, remainder_fraction=100.0000%, Lmin=-132236.04, Lmax=-10000.00
01:24:36 [ultranest] [DEBUG] iteration=560, ncalls=1459, regioncalls=1280, ndraw=128, logz=-132243.43, remainder_fraction=100.0000%, Lmin=-132170.08, Lmax=-10000.00
01:24:42 [ultranest] [DEBUG] iteration=593, ncalls=1548, regioncalls=1408, ndraw=128, logz=-130378.12, remainder_fraction=100.0000%, Lmin=-130367.80, Lmax=-10000.00
01:24:42 [ultranest] [DEBUG] iteration=600, ncalls=1548, regioncalls=1408, ndraw=128, logz=-130167.64, remainder_fraction=100.0000%, Lmin=-130140.41, Lmax=-10000.00
01:24:45 [ultranest] [DEBUG] iteration=622, ncalls=1631, regioncalls=1536, ndraw=128, logz=-129160.54, remainder_fraction=100.0000%, Lmin=-129084.70, Lmax=-10000.00
01:24:45 [ultranest] [DEBUG] clustering found some stray points [need_accept=False] (array([1, 2, 3, 4]), array([392,   4,   1,   3]))
01:24:45 [ultranest] [DEBUG] iteration=640, ncalls=1631, regioncalls=1536, ndraw=128, logz=-128149.10, remainder_fraction=100.0000%, Lmin=-128139.58, Lmax=-10000.00
01:24:50 [ultranest] [DEBUG] iteration=649, ncalls=1723, regioncalls=1664, ndraw=128, logz=-127847.46, remainder_fraction=100.0000%, Lmin=-127758.56, Lmax=-10000.00
01:24:57 [ultranest] [DEBUG] iteration=675, ncalls=1818, regioncalls=1792, ndraw=128, logz=-127000.24, remainder_fraction=100.0000%, Lmin=-126986.60, Lmax=-10000.00
01:24:57 [ultranest] [DEBUG] iteration=680, ncalls=1818, regioncalls=1792, ndraw=128, logz=-126846.80, remainder_fraction=100.0000%, Lmin=-126784.24, Lmax=-10000.00
01:25:00 [ultranest] [DEBUG] iteration=697, ncalls=1907, regioncalls=1920, ndraw=128, logz=-126392.41, remainder_fraction=100.0000%, Lmin=-126335.11, Lmax=-10000.00
01:25:06 [ultranest] [DEBUG] iteration=719, ncalls=1986, regioncalls=2048, ndraw=128, logz=-125993.06, remainder_fraction=100.0000%, Lmin=-125975.58, Lmax=-10000.00
01:25:06 [ultranest] [DEBUG] clustering found some stray points [need_accept=False] (array([1, 2, 3, 4]), array([390,   6,   1,   3]))
01:25:06 [ultranest] [DEBUG] iteration=720, ncalls=1986, regioncalls=2048, ndraw=128, logz=-125983.38, remainder_fraction=100.0000%, Lmin=-125965.22, Lmax=-10000.00
01:25:13 [ultranest] [DEBUG] iteration=739, ncalls=2070, regioncalls=2176, ndraw=128, logz=-125520.63, remainder_fraction=100.0000%, Lmin=-125496.87, Lmax=-10000.00
01:25:17 [ultranest] [DEBUG] iteration=753, ncalls=2143, regioncalls=2304, ndraw=128, logz=-125188.90, remainder_fraction=100.0000%, Lmin=-125176.03, Lmax=-10000.00
01:25:17 [ultranest] [DEBUG] iteration=760, ncalls=2143, regioncalls=2304, ndraw=128, logz=-125060.85, remainder_fraction=100.0000%, Lmin=-125046.13, Lmax=-10000.00
01:25:21 [ultranest] [DEBUG] iteration=766, ncalls=2220, regioncalls=2432, ndraw=128, logz=-125035.26, remainder_fraction=100.0000%, Lmin=-125008.52, Lmax=-10000.00
01:25:28 [ultranest] [DEBUG] iteration=788, ncalls=2301, regioncalls=2560, ndraw=128, logz=-124649.86, remainder_fraction=100.0000%, Lmin=-124625.29, Lmax=-10000.00
01:25:28 [ultranest] [DEBUG] iteration=800, ncalls=2301, regioncalls=2560, ndraw=128, logz=-124471.73, remainder_fraction=100.0000%, Lmin=-124460.65, Lmax=-10000.00
01:25:33 [ultranest] [DEBUG] iteration=808, ncalls=2394, regioncalls=2688, ndraw=128, logz=-124393.63, remainder_fraction=100.0000%, Lmin=-124374.48, Lmax=-10000.00
01:25:37 [ultranest] [DEBUG] iteration=824, ncalls=2473, regioncalls=2816, ndraw=128, logz=-124210.54, remainder_fraction=100.0000%, Lmin=-124196.88, Lmax=-10000.00
01:25:43 [ultranest] [DEBUG] iteration=838, ncalls=2546, regioncalls=2944, ndraw=128, logz=-124065.20, remainder_fraction=100.0000%, Lmin=-124054.92, Lmax=-10000.00
01:25:43 [ultranest] [DEBUG] iteration=840, ncalls=2546, regioncalls=2944, ndraw=128, logz=-124054.22, remainder_fraction=100.0000%, Lmin=-124043.94, Lmax=-10000.00
01:25:47 [ultranest] [DEBUG] iteration=848, ncalls=2630, regioncalls=3072, ndraw=128, logz=-123975.42, remainder_fraction=100.0000%, Lmin=-123963.47, Lmax=-10000.00
01:25:49 [ultranest] [DEBUG] iteration=859, ncalls=2708, regioncalls=3200, ndraw=128, logz=-123877.13, remainder_fraction=100.0000%, Lmin=-123863.73, Lmax=-10000.00
01:25:56 [ultranest] [DEBUG] iteration=875, ncalls=2787, regioncalls=3328, ndraw=128, logz=-123685.12, remainder_fraction=100.0000%, Lmin=-123662.19, Lmax=-10000.00
01:25:56 [ultranest] [DEBUG] iteration=880, ncalls=2787, regioncalls=3328, ndraw=128, logz=-123650.97, remainder_fraction=100.0000%, Lmin=-123635.64, Lmax=-10000.00
01:26:01 [ultranest] [DEBUG] iteration=887, ncalls=2863, regioncalls=3456, ndraw=128, logz=-123585.57, remainder_fraction=100.0000%, Lmin=-123574.88, Lmax=-10000.00
01:26:05 [ultranest] [DEBUG] iteration=900, ncalls=2939, regioncalls=3584, ndraw=128, logz=-123460.96, remainder_fraction=100.0000%, Lmin=-123445.41, Lmax=-10000.00
01:26:09 [ultranest] [DEBUG] iteration=912, ncalls=3018, regioncalls=3712, ndraw=128, logz=-123376.06, remainder_fraction=100.0000%, Lmin=-123364.29, Lmax=-10000.00
01:26:09 [ultranest] [DEBUG] iteration=920, ncalls=3018, regioncalls=3712, ndraw=128, logz=-123308.22, remainder_fraction=100.0000%, Lmin=-123266.29, Lmax=-10000.00
01:26:11 [ultranest] [DEBUG] iteration=922, ncalls=3088, regioncalls=3840, ndraw=128, logz=-123273.83, remainder_fraction=100.0000%, Lmin=-123265.94, Lmax=-10000.00
01:26:15 [ultranest] [DEBUG] iteration=936, ncalls=3161, regioncalls=3968, ndraw=128, logz=-123136.56, remainder_fraction=100.0000%, Lmin=-123125.34, Lmax=-10000.00
01:26:20 [ultranest] [DEBUG] iteration=952, ncalls=3248, regioncalls=4096, ndraw=128, logz=-123068.36, remainder_fraction=100.0000%, Lmin=-123057.51, Lmax=-10000.00
01:26:20 [ultranest] [DEBUG] iteration=960, ncalls=3248, regioncalls=4096, ndraw=128, logz=-123032.15, remainder_fraction=100.0000%, Lmin=-123017.81, Lmax=-10000.00
01:26:25 [ultranest] [DEBUG] iteration=963, ncalls=3318, regioncalls=4224, ndraw=128, logz=-122996.31, remainder_fraction=100.0000%, Lmin=-122985.27, Lmax=-10000.00
01:26:28 [ultranest] [DEBUG] iteration=973, ncalls=3385, regioncalls=4352, ndraw=128, logz=-122913.02, remainder_fraction=100.0000%, Lmin=-122893.76, Lmax=-10000.00
01:26:34 [ultranest] [DEBUG] iteration=980, ncalls=3459, regioncalls=4480, ndraw=128, logz=-122875.71, remainder_fraction=100.0000%, Lmin=-122860.91, Lmax=-10000.00
01:26:38 [ultranest] [DEBUG] iteration=990, ncalls=3532, regioncalls=4608, ndraw=128, logz=-122812.02, remainder_fraction=100.0000%, Lmin=-122795.56, Lmax=-10000.00
01:26:42 [ultranest] [DEBUG] iteration=997, ncalls=3606, regioncalls=4736, ndraw=128, logz=-122771.57, remainder_fraction=100.0000%, Lmin=-122762.35, Lmax=-10000.00
01:26:42 [ultranest] [DEBUG] iteration=1000, ncalls=3606, regioncalls=4736, ndraw=128, logz=-122761.56, remainder_fraction=100.0000%, Lmin=-122753.02, Lmax=-10000.00
01:26:45 [ultranest] [DEBUG] iteration=1006, ncalls=3675, regioncalls=4864, ndraw=128, logz=-122722.25, remainder_fraction=100.0000%, Lmin=-122713.40, Lmax=-10000.00
01:26:49 [ultranest] [DEBUG] iteration=1011, ncalls=3741, regioncalls=4992, ndraw=128, logz=-122712.55, remainder_fraction=100.0000%, Lmin=-122703.61, Lmax=-10000.00
01:26:54 [ultranest] [DEBUG] iteration=1025, ncalls=3823, regioncalls=5120, ndraw=128, logz=-122649.57, remainder_fraction=100.0000%, Lmin=-122629.60, Lmax=-10000.00
01:27:00 [ultranest] [DEBUG] iteration=1040, ncalls=3891, regioncalls=5248, ndraw=128, logz=-122570.49, remainder_fraction=100.0000%, Lmin=-122562.22, Lmax=-10000.00
01:27:06 [ultranest] [DEBUG] iteration=1047, ncalls=3963, regioncalls=5376, ndraw=128, logz=-122536.24, remainder_fraction=100.0000%, Lmin=-122523.96, Lmax=-10000.00
01:27:13 [ultranest] [DEBUG] iteration=1055, ncalls=4043, regioncalls=5504, ndraw=128, logz=-122487.15, remainder_fraction=100.0000%, Lmin=-122477.77, Lmax=-10000.00
01:27:18 [ultranest] [DEBUG] iteration=1064, ncalls=4121, regioncalls=5632, ndraw=128, logz=-122457.35, remainder_fraction=100.0000%, Lmin=-122442.63, Lmax=-10000.00
01:27:22 [ultranest] [DEBUG] iteration=1070, ncalls=4200, regioncalls=5760, ndraw=128, logz=-122419.44, remainder_fraction=100.0000%, Lmin=-122408.60, Lmax=-10000.00
01:27:26 [ultranest] [DEBUG] iteration=1079, ncalls=4280, regioncalls=5888, ndraw=128, logz=-122363.82, remainder_fraction=100.0000%, Lmin=-122352.85, Lmax=-10000.00
01:27:26 [ultranest] [DEBUG] iteration=1080, ncalls=4280, regioncalls=5888, ndraw=128, logz=-122361.44, remainder_fraction=100.0000%, Lmin=-122351.76, Lmax=-10000.00
01:27:31 [ultranest] [DEBUG] iteration=1091, ncalls=4363, regioncalls=6016, ndraw=128, logz=-122310.58, remainder_fraction=100.0000%, Lmin=-122298.99, Lmax=-10000.00
01:27:36 [ultranest] [DEBUG] iteration=1097, ncalls=4432, regioncalls=6144, ndraw=128, logz=-122284.43, remainder_fraction=100.0000%, Lmin=-122275.70, Lmax=-10000.00
01:27:39 [ultranest] [DEBUG] iteration=1106, ncalls=4510, regioncalls=6272, ndraw=128, logz=-122262.88, remainder_fraction=100.0000%, Lmin=-122250.88, Lmax=-10000.00
01:27:44 [ultranest] [DEBUG] iteration=1118, ncalls=4582, regioncalls=6400, ndraw=128, logz=-122206.31, remainder_fraction=100.0000%, Lmin=-122197.88, Lmax=-10000.00
01:27:44 [ultranest] [DEBUG] iteration=1120, ncalls=4582, regioncalls=6400, ndraw=128, logz=-122203.56, remainder_fraction=100.0000%, Lmin=-122193.23, Lmax=-10000.00
01:27:51 [ultranest] [DEBUG] iteration=1121, ncalls=4662, regioncalls=6528, ndraw=128, logz=-122201.83, remainder_fraction=100.0000%, Lmin=-122190.59, Lmax=-10000.00
01:27:57 [ultranest] [DEBUG] iteration=1129, ncalls=4736, regioncalls=6656, ndraw=128, logz=-122176.29, remainder_fraction=100.0000%, Lmin=-122161.49, Lmax=-10000.00
01:28:02 [ultranest] [DEBUG] iteration=1132, ncalls=4813, regioncalls=6784, ndraw=128, logz=-122167.78, remainder_fraction=100.0000%, Lmin=-122154.77, Lmax=-10000.00
01:28:09 [ultranest] [DEBUG] iteration=1140, ncalls=4898, regioncalls=6912, ndraw=128, logz=-122121.71, remainder_fraction=100.0000%, Lmin=-122109.19, Lmax=-10000.00
01:28:13 [ultranest] [DEBUG] iteration=1148, ncalls=4968, regioncalls=7040, ndraw=128, logz=-122098.04, remainder_fraction=100.0000%, Lmin=-122089.53, Lmax=-10000.00
01:28:21 [ultranest] [DEBUG] iteration=1153, ncalls=5041, regioncalls=7168, ndraw=128, logz=-122089.68, remainder_fraction=100.0000%, Lmin=-122075.55, Lmax=-10000.00
01:28:26 [ultranest] [DEBUG] iteration=1157, ncalls=5106, regioncalls=7296, ndraw=128, logz=-122079.11, remainder_fraction=100.0000%, Lmin=-122066.14, Lmax=-10000.00
01:28:26 [ultranest] [DEBUG] iteration=1160, ncalls=5106, regioncalls=7296, ndraw=128, logz=-122072.27, remainder_fraction=100.0000%, Lmin=-122061.77, Lmax=-10000.00
01:28:31 [ultranest] [DEBUG] iteration=1165, ncalls=5179, regioncalls=7424, ndraw=128, logz=-122060.86, remainder_fraction=100.0000%, Lmin=-122049.79, Lmax=-10000.00
01:28:38 [ultranest] [DEBUG] iteration=1170, ncalls=5249, regioncalls=7552, ndraw=128, logz=-122047.59, remainder_fraction=100.0000%, Lmin=-122034.57, Lmax=-10000.00
01:28:41 [ultranest] [DEBUG] iteration=1175, ncalls=5323, regioncalls=7680, ndraw=128, logz=-122028.09, remainder_fraction=100.0000%, Lmin=-122010.73, Lmax=-10000.00
01:28:47 [ultranest] [DEBUG] iteration=1184, ncalls=5401, regioncalls=7808, ndraw=128, logz=-121995.75, remainder_fraction=100.0000%, Lmin=-121985.02, Lmax=-10000.00
01:28:51 [ultranest] [DEBUG] iteration=1189, ncalls=5470, regioncalls=7936, ndraw=128, logz=-121984.34, remainder_fraction=100.0000%, Lmin=-121971.86, Lmax=-10000.00
01:28:55 [ultranest] [DEBUG] iteration=1195, ncalls=5536, regioncalls=8064, ndraw=128, logz=-121957.34, remainder_fraction=100.0000%, Lmin=-121946.17, Lmax=-10000.00
01:29:01 [ultranest] [DEBUG] iteration=1199, ncalls=5613, regioncalls=8192, ndraw=128, logz=-121950.17, remainder_fraction=100.0000%, Lmin=-121940.91, Lmax=-10000.00
01:29:01 [ultranest] [DEBUG] iteration=1200, ncalls=5613, regioncalls=8192, ndraw=128, logz=-121949.33, remainder_fraction=100.0000%, Lmin=-121934.76, Lmax=-10000.00
01:29:08 [ultranest] [DEBUG] iteration=1202, ncalls=5693, regioncalls=8320, ndraw=128, logz=-121942.61, remainder_fraction=100.0000%, Lmin=-121930.53, Lmax=-10000.00
01:29:12 [ultranest] [DEBUG] iteration=1212, ncalls=5768, regioncalls=8448, ndraw=128, logz=-121921.54, remainder_fraction=100.0000%, Lmin=-121912.21, Lmax=-10000.00
01:29:18 [ultranest] [DEBUG] iteration=1216, ncalls=5844, regioncalls=8576, ndraw=128, logz=-121918.92, remainder_fraction=100.0000%, Lmin=-121910.26, Lmax=-10000.00
01:29:24 [ultranest] [DEBUG] iteration=1225, ncalls=5916, regioncalls=8704, ndraw=128, logz=-121902.52, remainder_fraction=100.0000%, Lmin=-121893.73, Lmax=-10000.00
01:29:29 [ultranest] [DEBUG] iteration=1230, ncalls=5985, regioncalls=8832, ndraw=128, logz=-121894.51, remainder_fraction=100.0000%, Lmin=-121882.46, Lmax=-10000.00
01:29:33 [ultranest] [DEBUG] iteration=1238, ncalls=6061, regioncalls=8960, ndraw=128, logz=-121876.86, remainder_fraction=100.0000%, Lmin=-121867.16, Lmax=-10000.00
01:29:33 [ultranest] [DEBUG] iteration=1240, ncalls=6061, regioncalls=8960, ndraw=128, logz=-121874.02, remainder_fraction=100.0000%, Lmin=-121864.14, Lmax=-10000.00
01:29:38 [ultranest] [DEBUG] iteration=1245, ncalls=6138, regioncalls=9088, ndraw=128, logz=-121869.20, remainder_fraction=100.0000%, Lmin=-121859.66, Lmax=-10000.00
01:29:45 [ultranest] [DEBUG] iteration=1251, ncalls=6223, regioncalls=9216, ndraw=128, logz=-121854.27, remainder_fraction=100.0000%, Lmin=-121843.97, Lmax=-10000.00
01:29:51 [ultranest] [DEBUG] iteration=1258, ncalls=6292, regioncalls=9344, ndraw=128, logz=-121845.02, remainder_fraction=100.0000%, Lmin=-121835.91, Lmax=-10000.00
01:29:51 [ultranest] [DEBUG] iteration=1260, ncalls=6292, regioncalls=9344, ndraw=128, logz=-121843.85, remainder_fraction=100.0000%, Lmin=-121834.61, Lmax=-10000.00
01:29:55 [ultranest] [DEBUG] iteration=1261, ncalls=6327, regioncalls=9472, ndraw=128, logz=-121843.11, remainder_fraction=100.0000%, Lmin=-121834.57, Lmax=-10000.00
01:30:00 [ultranest] [DEBUG] iteration=1264, ncalls=6359, regioncalls=9600, ndraw=128, logz=-121832.47, remainder_fraction=100.0000%, Lmin=-121821.99, Lmax=-10000.00
01:30:07 [ultranest] [DEBUG] iteration=1272, ncalls=6395, regioncalls=9728, ndraw=128, logz=-121817.62, remainder_fraction=100.0000%, Lmin=-121808.38, Lmax=-10000.00
01:30:17 [ultranest] [DEBUG] iteration=1278, ncalls=6437, regioncalls=9856, ndraw=128, logz=-121813.68, remainder_fraction=100.0000%, Lmin=-121803.42, Lmax=-10000.00
01:30:17 [ultranest] [DEBUG] iteration=1280, ncalls=6437, regioncalls=9856, ndraw=128, logz=-121811.22, remainder_fraction=100.0000%, Lmin=-121800.05, Lmax=-10000.00
01:30:23 [ultranest] [DEBUG] iteration=1284, ncalls=6469, regioncalls=9984, ndraw=128, logz=-121798.69, remainder_fraction=100.0000%, Lmin=-121788.79, Lmax=-10000.00
01:30:27 [ultranest] [DEBUG] iteration=1288, ncalls=6510, regioncalls=10112, ndraw=128, logz=-121796.03, remainder_fraction=100.0000%, Lmin=-121787.13, Lmax=-10000.00
01:30:32 [ultranest] [DEBUG] iteration=1294, ncalls=6551, regioncalls=10240, ndraw=128, logz=-121786.97, remainder_fraction=100.0000%, Lmin=-121774.31, Lmax=-10000.00
01:30:36 [ultranest] [DEBUG] iteration=1300, ncalls=6586, regioncalls=10368, ndraw=128, logz=-121778.06, remainder_fraction=100.0000%, Lmin=-121768.46, Lmax=-10000.00
01:30:41 [ultranest] [DEBUG] iteration=1309, ncalls=6623, regioncalls=10496, ndraw=128, logz=-121756.55, remainder_fraction=100.0000%, Lmin=-121746.76, Lmax=-10000.00
01:30:47 [ultranest] [DEBUG] iteration=1315, ncalls=6655, regioncalls=10624, ndraw=128, logz=-121751.66, remainder_fraction=100.0000%, Lmin=-121742.90, Lmax=-10000.00
01:30:52 [ultranest] [DEBUG] iteration=1317, ncalls=6686, regioncalls=10752, ndraw=128, logz=-121750.10, remainder_fraction=100.0000%, Lmin=-121739.17, Lmax=-10000.00
01:30:52 [ultranest] [DEBUG] iteration=1320, ncalls=6686, regioncalls=10752, ndraw=128, logz=-121746.83, remainder_fraction=100.0000%, Lmin=-121736.86, Lmax=-10000.00
01:30:59 [ultranest] [DEBUG] iteration=1321, ncalls=6719, regioncalls=10880, ndraw=128, logz=-121745.74, remainder_fraction=100.0000%, Lmin=-121735.31, Lmax=-10000.00
01:31:03 [ultranest] [DEBUG] iteration=1326, ncalls=6759, regioncalls=11008, ndraw=128, logz=-121739.13, remainder_fraction=100.0000%, Lmin=-121730.15, Lmax=-10000.00
01:31:07 [ultranest] [DEBUG] iteration=1331, ncalls=6799, regioncalls=11136, ndraw=128, logz=-121734.34, remainder_fraction=100.0000%, Lmin=-121717.58, Lmax=-10000.00
01:31:14 [ultranest] [DEBUG] iteration=1336, ncalls=6843, regioncalls=11264, ndraw=128, logz=-121720.50, remainder_fraction=100.0000%, Lmin=-121707.76, Lmax=-10000.00
01:31:21 [ultranest] [DEBUG] iteration=1338, ncalls=6887, regioncalls=11392, ndraw=128, logz=-121714.61, remainder_fraction=100.0000%, Lmin=-121705.11, Lmax=-10000.00
01:31:25 [ultranest] [DEBUG] iteration=1342, ncalls=6924, regioncalls=11520, ndraw=128, logz=-121711.54, remainder_fraction=100.0000%, Lmin=-121702.70, Lmax=-10000.00
01:31:31 [ultranest] [DEBUG] iteration=1347, ncalls=6965, regioncalls=11648, ndraw=128, logz=-121706.84, remainder_fraction=100.0000%, Lmin=-121696.91, Lmax=-10000.00
01:31:38 [ultranest] [DEBUG] iteration=1352, ncalls=7002, regioncalls=11776, ndraw=128, logz=-121698.80, remainder_fraction=100.0000%, Lmin=-121688.37, Lmax=-10000.00
01:31:44 [ultranest] [DEBUG] iteration=1354, ncalls=7041, regioncalls=11904, ndraw=128, logz=-121695.50, remainder_fraction=100.0000%, Lmin=-121683.76, Lmax=-10000.00
01:31:49 [ultranest] [DEBUG] iteration=1360, ncalls=7077, regioncalls=12032, ndraw=128, logz=-121688.60, remainder_fraction=100.0000%, Lmin=-121678.73, Lmax=-10000.00
01:31:54 [ultranest] [DEBUG] iteration=1362, ncalls=7113, regioncalls=12160, ndraw=128, logz=-121686.98, remainder_fraction=100.0000%, Lmin=-121677.83, Lmax=-10000.00
01:31:59 [ultranest] [DEBUG] iteration=1365, ncalls=7147, regioncalls=12288, ndraw=128, logz=-121685.11, remainder_fraction=100.0000%, Lmin=-121674.99, Lmax=-10000.00
01:32:08 [ultranest] [DEBUG] iteration=1367, ncalls=7190, regioncalls=12416, ndraw=128, logz=-121680.08, remainder_fraction=100.0000%, Lmin=-121669.77, Lmax=-10000.00
01:32:14 [ultranest] [DEBUG] iteration=1369, ncalls=7227, regioncalls=12544, ndraw=128, logz=-121677.20, remainder_fraction=100.0000%, Lmin=-121667.59, Lmax=-10000.00
01:32:19 [ultranest] [DEBUG] iteration=1373, ncalls=7276, regioncalls=12672, ndraw=128, logz=-121674.12, remainder_fraction=100.0000%, Lmin=-121664.33, Lmax=-10000.00
01:32:28 [ultranest] [DEBUG] iteration=1377, ncalls=7319, regioncalls=12800, ndraw=128, logz=-121666.87, remainder_fraction=100.0000%, Lmin=-121653.70, Lmax=-10000.00
01:32:34 [ultranest] [DEBUG] iteration=1383, ncalls=7356, regioncalls=12928, ndraw=128, logz=-121657.01, remainder_fraction=100.0000%, Lmin=-121647.10, Lmax=-10000.00
01:32:37 [ultranest] [DEBUG] iteration=1387, ncalls=7389, regioncalls=13056, ndraw=128, logz=-121654.18, remainder_fraction=100.0000%, Lmin=-121644.07, Lmax=-10000.00
01:32:45 [ultranest] [DEBUG] iteration=1391, ncalls=7423, regioncalls=13184, ndraw=128, logz=-121649.02, remainder_fraction=100.0000%, Lmin=-121635.57, Lmax=-10000.00
01:32:51 [ultranest] [DEBUG] iteration=1393, ncalls=7457, regioncalls=13312, ndraw=128, logz=-121642.20, remainder_fraction=100.0000%, Lmin=-121632.67, Lmax=-10000.00
01:32:58 [ultranest] [DEBUG] iteration=1400, ncalls=7498, regioncalls=13440, ndraw=128, logz=-121628.45, remainder_fraction=100.0000%, Lmin=-121619.52, Lmax=-10000.00
01:33:03 [ultranest] [DEBUG] iteration=1405, ncalls=7538, regioncalls=13568, ndraw=128, logz=-121618.47, remainder_fraction=100.0000%, Lmin=-121608.47, Lmax=-10000.00
01:33:08 [ultranest] [DEBUG] iteration=1409, ncalls=7572, regioncalls=13696, ndraw=128, logz=-121612.22, remainder_fraction=100.0000%, Lmin=-121603.05, Lmax=-10000.00
01:33:12 [ultranest] [DEBUG] iteration=1410, ncalls=7603, regioncalls=13824, ndraw=128, logz=-121611.69, remainder_fraction=100.0000%, Lmin=-121602.63, Lmax=-10000.00
01:33:19 [ultranest] [DEBUG] iteration=1414, ncalls=7642, regioncalls=13952, ndraw=128, logz=-121608.24, remainder_fraction=100.0000%, Lmin=-121597.69, Lmax=-10000.00
01:33:24 [ultranest] [DEBUG] iteration=1418, ncalls=7673, regioncalls=14080, ndraw=128, logz=-121603.17, remainder_fraction=100.0000%, Lmin=-121591.16, Lmax=-10000.00
01:33:32 [ultranest] [DEBUG] iteration=1421, ncalls=7716, regioncalls=14208, ndraw=128, logz=-121599.48, remainder_fraction=100.0000%, Lmin=-121588.82, Lmax=-10000.00
01:33:40 [ultranest] [DEBUG] iteration=1425, ncalls=7758, regioncalls=14336, ndraw=128, logz=-121589.42, remainder_fraction=100.0000%, Lmin=-121578.47, Lmax=-10000.00
01:33:46 [ultranest] [DEBUG] iteration=1432, ncalls=7798, regioncalls=14464, ndraw=128, logz=-121582.30, remainder_fraction=100.0000%, Lmin=-121568.10, Lmax=-10000.00
01:33:52 [ultranest] [DEBUG] iteration=1436, ncalls=7838, regioncalls=14592, ndraw=128, logz=-121575.79, remainder_fraction=100.0000%, Lmin=-121566.89, Lmax=-10000.00
01:33:52 [ultranest] [DEBUG] iteration=1440, ncalls=7838, regioncalls=14592, ndraw=128, logz=-121572.39, remainder_fraction=100.0000%, Lmin=-121561.13, Lmax=-10000.00
01:33:57 [ultranest] [DEBUG] iteration=1445, ncalls=7870, regioncalls=14720, ndraw=128, logz=-121563.85, remainder_fraction=100.0000%, Lmin=-121551.35, Lmax=-10000.00
01:34:02 [ultranest] [DEBUG] iteration=1448, ncalls=7905, regioncalls=14848, ndraw=128, logz=-121558.76, remainder_fraction=100.0000%, Lmin=-121549.10, Lmax=-10000.00
01:34:09 [ultranest] [DEBUG] iteration=1449, ncalls=7938, regioncalls=14976, ndraw=128, logz=-121558.04, remainder_fraction=100.0000%, Lmin=-121547.46, Lmax=-10000.00
01:34:15 [ultranest] [DEBUG] iteration=1452, ncalls=7970, regioncalls=15104, ndraw=128, logz=-121551.82, remainder_fraction=100.0000%, Lmin=-121537.58, Lmax=-10000.00
01:34:23 [ultranest] [DEBUG] iteration=1456, ncalls=8000, regioncalls=15232, ndraw=128, logz=-121543.05, remainder_fraction=100.0000%, Lmin=-121531.82, Lmax=-10000.00
01:34:29 [ultranest] [DEBUG] iteration=1458, ncalls=8031, regioncalls=15360, ndraw=128, logz=-121539.53, remainder_fraction=100.0000%, Lmin=-121528.88, Lmax=-10000.00
01:34:35 [ultranest] [DEBUG] iteration=1460, ncalls=8069, regioncalls=15488, ndraw=128, logz=-121537.59, remainder_fraction=100.0000%, Lmin=-121526.88, Lmax=-10000.00
01:34:40 [ultranest] [DEBUG] iteration=1463, ncalls=8099, regioncalls=15616, ndraw=128, logz=-121534.76, remainder_fraction=100.0000%, Lmin=-121524.87, Lmax=-10000.00
01:34:45 [ultranest] [DEBUG] iteration=1465, ncalls=8128, regioncalls=15744, ndraw=128, logz=-121533.39, remainder_fraction=100.0000%, Lmin=-121522.99, Lmax=-10000.00
01:34:50 [ultranest] [DEBUG] iteration=1467, ncalls=8168, regioncalls=15872, ndraw=128, logz=-121531.33, remainder_fraction=100.0000%, Lmin=-121521.64, Lmax=-10000.00
01:34:55 [ultranest] [DEBUG] iteration=1471, ncalls=8200, regioncalls=16000, ndraw=128, logz=-121528.48, remainder_fraction=100.0000%, Lmin=-121519.19, Lmax=-10000.00
01:35:01 [ultranest] [DEBUG] iteration=1474, ncalls=8224, regioncalls=16128, ndraw=128, logz=-121527.20, remainder_fraction=100.0000%, Lmin=-121517.39, Lmax=-10000.00
01:35:08 [ultranest] [DEBUG] iteration=1477, ncalls=8260, regioncalls=16256, ndraw=128, logz=-121524.06, remainder_fraction=100.0000%, Lmin=-121514.78, Lmax=-10000.00
01:35:14 [ultranest] [DEBUG] iteration=1479, ncalls=8293, regioncalls=16384, ndraw=128, logz=-121523.18, remainder_fraction=100.0000%, Lmin=-121513.23, Lmax=-10000.00
01:35:14 [ultranest] [DEBUG] iteration=1480, ncalls=8293, regioncalls=16384, ndraw=128, logz=-121522.35, remainder_fraction=100.0000%, Lmin=-121513.11, Lmax=-10000.00
01:35:25 [ultranest] [DEBUG] iteration=1481, ncalls=8337, regioncalls=16512, ndraw=128, logz=-121521.85, remainder_fraction=100.0000%, Lmin=-121512.92, Lmax=-10000.00
01:35:31 [ultranest] [DEBUG] iteration=1489, ncalls=8372, regioncalls=16640, ndraw=128, logz=-121510.95, remainder_fraction=100.0000%, Lmin=-121500.97, Lmax=-10000.00
01:35:35 [ultranest] [DEBUG] iteration=1495, ncalls=8395, regioncalls=16768, ndraw=128, logz=-121504.63, remainder_fraction=100.0000%, Lmin=-121492.88, Lmax=-10000.00
01:35:39 [ultranest] [DEBUG] iteration=1497, ncalls=8427, regioncalls=16896, ndraw=128, logz=-121501.83, remainder_fraction=100.0000%, Lmin=-121488.59, Lmax=-10000.00
01:35:45 [ultranest] [DEBUG] iteration=1498, ncalls=8462, regioncalls=17024, ndraw=128, logz=-121498.30, remainder_fraction=100.0000%, Lmin=-121486.24, Lmax=-10000.00
01:35:52 [ultranest] [DEBUG] iteration=1502, ncalls=8501, regioncalls=17152, ndraw=128, logz=-121490.79, remainder_fraction=100.0000%, Lmin=-121481.04, Lmax=-10000.00
01:35:55 [ultranest] [DEBUG] iteration=1504, ncalls=8529, regioncalls=17280, ndraw=128, logz=-121488.94, remainder_fraction=100.0000%, Lmin=-121478.28, Lmax=-10000.00
01:36:04 [ultranest] [DEBUG] iteration=1505, ncalls=8577, regioncalls=17408, ndraw=128, logz=-121487.70, remainder_fraction=100.0000%, Lmin=-121474.58, Lmax=-10000.00
01:36:13 [ultranest] [DEBUG] iteration=1512, ncalls=8620, regioncalls=17536, ndraw=128, logz=-121479.93, remainder_fraction=100.0000%, Lmin=-121470.63, Lmax=-10000.00
01:36:19 [ultranest] [DEBUG] iteration=1517, ncalls=8653, regioncalls=17664, ndraw=128, logz=-121476.22, remainder_fraction=100.0000%, Lmin=-121467.00, Lmax=-10000.00
01:36:19 [ultranest] [DEBUG] iteration=1520, ncalls=8653, regioncalls=17664, ndraw=128, logz=-121471.91, remainder_fraction=100.0000%, Lmin=-121461.52, Lmax=-10000.00
01:36:22 [ultranest] [DEBUG] iteration=1521, ncalls=8683, regioncalls=17792, ndraw=128, logz=-121470.87, remainder_fraction=100.0000%, Lmin=-121457.58, Lmax=-10000.00
01:36:29 [ultranest] [DEBUG] iteration=1522, ncalls=8714, regioncalls=17920, ndraw=128, logz=-121467.34, remainder_fraction=100.0000%, Lmin=-121456.16, Lmax=-10000.00
01:36:34 [ultranest] [DEBUG] iteration=1524, ncalls=8748, regioncalls=18048, ndraw=128, logz=-121464.70, remainder_fraction=100.0000%, Lmin=-121455.24, Lmax=-10000.00
01:36:38 [ultranest] [DEBUG] iteration=1526, ncalls=8773, regioncalls=18176, ndraw=128, logz=-121463.80, remainder_fraction=100.0000%, Lmin=-121455.17, Lmax=-10000.00
01:36:45 [ultranest] [DEBUG] iteration=1529, ncalls=8829, regioncalls=18432, ndraw=128, logz=-121459.16, remainder_fraction=100.0000%, Lmin=-121449.18, Lmax=-10000.00
01:36:49 [ultranest] [DEBUG] iteration=1530, ncalls=8852, regioncalls=18560, ndraw=128, logz=-121458.38, remainder_fraction=100.0000%, Lmin=-121446.97, Lmax=-10000.00
01:36:53 [ultranest] [DEBUG] iteration=1533, ncalls=8876, regioncalls=18688, ndraw=128, logz=-121453.28, remainder_fraction=100.0000%, Lmin=-121441.83, Lmax=-10000.00
01:36:58 [ultranest] [DEBUG] iteration=1537, ncalls=8893, regioncalls=18816, ndraw=128, logz=-121443.82, remainder_fraction=100.0000%, Lmin=-121431.34, Lmax=-10000.00
01:37:02 [ultranest] [DEBUG] iteration=1538, ncalls=8923, regioncalls=18944, ndraw=128, logz=-121441.11, remainder_fraction=100.0000%, Lmin=-121430.09, Lmax=-10000.00
01:37:11 [ultranest] [DEBUG] iteration=1541, ncalls=8959, regioncalls=19072, ndraw=128, logz=-121437.02, remainder_fraction=100.0000%, Lmin=-121427.79, Lmax=-10000.00
01:37:16 [ultranest] [DEBUG] iteration=1543, ncalls=8989, regioncalls=19200, ndraw=128, logz=-121436.23, remainder_fraction=100.0000%, Lmin=-121425.27, Lmax=-10000.00
01:37:18 [ultranest] [DEBUG] iteration=1545, ncalls=9010, regioncalls=19328, ndraw=128, logz=-121433.96, remainder_fraction=100.0000%, Lmin=-121424.54, Lmax=-10000.00
01:37:23 [ultranest] [DEBUG] iteration=1548, ncalls=9040, regioncalls=19456, ndraw=128, logz=-121428.14, remainder_fraction=100.0000%, Lmin=-121415.77, Lmax=-10000.00
01:37:32 [ultranest] [DEBUG] iteration=1551, ncalls=9072, regioncalls=19584, ndraw=128, logz=-121424.33, remainder_fraction=100.0000%, Lmin=-121414.88, Lmax=-10000.00
01:37:34 [ultranest] [DEBUG] iteration=1553, ncalls=9104, regioncalls=19712, ndraw=128, logz=-121423.46, remainder_fraction=100.0000%, Lmin=-121413.58, Lmax=-10000.00
01:37:37 [ultranest] [DEBUG] iteration=1554, ncalls=9128, regioncalls=19840, ndraw=128, logz=-121422.76, remainder_fraction=100.0000%, Lmin=-121413.20, Lmax=-10000.00
01:37:49 [ultranest] [DEBUG] iteration=1555, ncalls=9192, regioncalls=20096, ndraw=128, logz=-121422.22, remainder_fraction=100.0000%, Lmin=-121412.81, Lmax=-10000.00
01:37:49 [ultranest] [DEBUG] iteration=1560, ncalls=9192, regioncalls=20096, ndraw=128, logz=-121420.44, remainder_fraction=100.0000%, Lmin=-121411.90, Lmax=-10000.00
01:37:54 [ultranest] [DEBUG] iteration=1562, ncalls=9215, regioncalls=20224, ndraw=128, logz=-121419.87, remainder_fraction=100.0000%, Lmin=-121408.84, Lmax=-10000.00
01:38:00 [ultranest] [DEBUG] iteration=1566, ncalls=9242, regioncalls=20352, ndraw=128, logz=-121413.53, remainder_fraction=100.0000%, Lmin=-121403.59, Lmax=-10000.00
01:38:05 [ultranest] [DEBUG] iteration=1570, ncalls=9268, regioncalls=20480, ndraw=128, logz=-121409.99, remainder_fraction=100.0000%, Lmin=-121400.43, Lmax=-10000.00
01:38:11 [ultranest] [DEBUG] iteration=1572, ncalls=9300, regioncalls=20608, ndraw=128, logz=-121408.09, remainder_fraction=100.0000%, Lmin=-121396.80, Lmax=-10000.00
01:38:19 [ultranest] [DEBUG] iteration=1573, ncalls=9330, regioncalls=20736, ndraw=128, logz=-121406.50, remainder_fraction=100.0000%, Lmin=-121390.94, Lmax=-10000.00
01:38:22 [ultranest] [DEBUG] iteration=1575, ncalls=9356, regioncalls=20864, ndraw=128, logz=-121399.17, remainder_fraction=100.0000%, Lmin=-121389.05, Lmax=-10000.00
01:38:26 [ultranest] [DEBUG] iteration=1577, ncalls=9386, regioncalls=20992, ndraw=128, logz=-121396.01, remainder_fraction=100.0000%, Lmin=-121385.36, Lmax=-10000.00
01:38:33 [ultranest] [DEBUG] iteration=1582, ncalls=9416, regioncalls=21120, ndraw=128, logz=-121392.37, remainder_fraction=100.0000%, Lmin=-121380.98, Lmax=-10000.00
01:38:38 [ultranest] [DEBUG] iteration=1585, ncalls=9442, regioncalls=21248, ndraw=128, logz=-121389.02, remainder_fraction=100.0000%, Lmin=-121379.63, Lmax=-10000.00
01:38:44 [ultranest] [DEBUG] iteration=1586, ncalls=9466, regioncalls=21376, ndraw=128, logz=-121388.57, remainder_fraction=100.0000%, Lmin=-121378.54, Lmax=-10000.00
01:38:47 [ultranest] [DEBUG] iteration=1588, ncalls=9493, regioncalls=21504, ndraw=128, logz=-121387.28, remainder_fraction=100.0000%, Lmin=-121377.77, Lmax=-10000.00
01:38:55 [ultranest] [DEBUG] iteration=1593, ncalls=9523, regioncalls=21632, ndraw=128, logz=-121384.61, remainder_fraction=100.0000%, Lmin=-121375.52, Lmax=-10000.00
01:39:05 [ultranest] [DEBUG] iteration=1595, ncalls=9569, regioncalls=21888, ndraw=128, logz=-121383.55, remainder_fraction=100.0000%, Lmin=-121372.85, Lmax=-10000.00
01:39:10 [ultranest] [DEBUG] iteration=1596, ncalls=9593, regioncalls=22016, ndraw=128, logz=-121382.44, remainder_fraction=100.0000%, Lmin=-121372.68, Lmax=-10000.00
01:39:16 [ultranest] [DEBUG] iteration=1597, ncalls=9624, regioncalls=22144, ndraw=128, logz=-121381.85, remainder_fraction=100.0000%, Lmin=-121372.27, Lmax=-10000.00
01:39:21 [ultranest] [DEBUG] iteration=1600, ncalls=9649, regioncalls=22272, ndraw=128, logz=-121380.58, remainder_fraction=100.0000%, Lmin=-121370.22, Lmax=-10000.00
01:39:27 [ultranest] [DEBUG] iteration=1601, ncalls=9682, regioncalls=22400, ndraw=128, logz=-121379.69, remainder_fraction=100.0000%, Lmin=-121369.13, Lmax=-10000.00
01:39:36 [ultranest] [DEBUG] iteration=1605, ncalls=9724, regioncalls=22528, ndraw=128, logz=-121371.11, remainder_fraction=100.0000%, Lmin=-121360.70, Lmax=-10000.00
01:39:44 [ultranest] [DEBUG] iteration=1610, ncalls=9757, regioncalls=22656, ndraw=128, logz=-121368.05, remainder_fraction=100.0000%, Lmin=-121357.67, Lmax=-10000.00
01:39:48 [ultranest] [DEBUG] iteration=1612, ncalls=9793, regioncalls=22784, ndraw=128, logz=-121365.65, remainder_fraction=100.0000%, Lmin=-121355.67, Lmax=-10000.00
01:39:52 [ultranest] [DEBUG] iteration=1614, ncalls=9822, regioncalls=22912, ndraw=128, logz=-121364.36, remainder_fraction=100.0000%, Lmin=-121354.23, Lmax=-10000.00
01:39:56 [ultranest] [DEBUG] iteration=1617, ncalls=9848, regioncalls=23040, ndraw=128, logz=-121362.33, remainder_fraction=100.0000%, Lmin=-121352.02, Lmax=-10000.00
01:39:59 [ultranest] [DEBUG] iteration=1618, ncalls=9882, regioncalls=23168, ndraw=128, logz=-121361.49, remainder_fraction=100.0000%, Lmin=-121351.91, Lmax=-10000.00
01:40:04 [ultranest] [DEBUG] iteration=1620, ncalls=9911, regioncalls=23296, ndraw=128, logz=-121360.51, remainder_fraction=100.0000%, Lmin=-121350.90, Lmax=-10000.00
01:40:09 [ultranest] [DEBUG] iteration=1621, ncalls=9939, regioncalls=23424, ndraw=128, logz=-121360.01, remainder_fraction=100.0000%, Lmin=-121350.30, Lmax=-10000.00
01:40:15 [ultranest] [DEBUG] iteration=1623, ncalls=9969, regioncalls=23552, ndraw=128, logz=-121359.09, remainder_fraction=100.0000%, Lmin=-121349.96, Lmax=-10000.00
01:40:22 [ultranest] [DEBUG] iteration=1626, ncalls=9995, regioncalls=23680, ndraw=128, logz=-121355.82, remainder_fraction=100.0000%, Lmin=-121344.42, Lmax=-10000.00
01:40:25 [ultranest] [DEBUG] iteration=1630, ncalls=10026, regioncalls=23808, ndraw=128, logz=-121351.47, remainder_fraction=100.0000%, Lmin=-121341.51, Lmax=-10000.00
01:40:32 [ultranest] [DEBUG] iteration=1632, ncalls=10049, regioncalls=23936, ndraw=128, logz=-121349.55, remainder_fraction=100.0000%, Lmin=-121337.38, Lmax=-10000.00
01:40:40 [ultranest] [DEBUG] iteration=1634, ncalls=10081, regioncalls=24064, ndraw=128, logz=-121346.64, remainder_fraction=100.0000%, Lmin=-121336.86, Lmax=-10000.00
01:40:46 [ultranest] [DEBUG] iteration=1637, ncalls=10114, regioncalls=24192, ndraw=128, logz=-121343.38, remainder_fraction=100.0000%, Lmin=-121333.23, Lmax=-10000.00
01:40:46 [ultranest] [DEBUG] iteration=1640, ncalls=10114, regioncalls=24192, ndraw=128, logz=-121341.20, remainder_fraction=100.0000%, Lmin=-121329.37, Lmax=-10000.00
01:40:50 [ultranest] [DEBUG] iteration=1641, ncalls=10139, regioncalls=24320, ndraw=128, logz=-121339.30, remainder_fraction=100.0000%, Lmin=-121329.01, Lmax=-10000.00
01:40:53 [ultranest] [DEBUG] iteration=1643, ncalls=10158, regioncalls=24448, ndraw=128, logz=-121337.90, remainder_fraction=100.0000%, Lmin=-121328.16, Lmax=-10000.00
01:41:00 [ultranest] [DEBUG] iteration=1645, ncalls=10186, regioncalls=24576, ndraw=128, logz=-121336.81, remainder_fraction=100.0000%, Lmin=-121327.42, Lmax=-10000.00
01:41:02 [ultranest] [DEBUG] iteration=1649, ncalls=10210, regioncalls=24704, ndraw=128, logz=-121334.97, remainder_fraction=100.0000%, Lmin=-121323.50, Lmax=-10000.00
01:41:06 [ultranest] [DEBUG] iteration=1650, ncalls=10241, regioncalls=24832, ndraw=128, logz=-121333.38, remainder_fraction=100.0000%, Lmin=-121319.42, Lmax=-10000.00
01:41:11 [ultranest] [DEBUG] iteration=1653, ncalls=10261, regioncalls=24960, ndraw=128, logz=-121328.06, remainder_fraction=100.0000%, Lmin=-121317.57, Lmax=-10000.00
01:41:13 [ultranest] [DEBUG] iteration=1654, ncalls=10284, regioncalls=25088, ndraw=128, logz=-121327.17, remainder_fraction=100.0000%, Lmin=-121314.92, Lmax=-10000.00
01:41:20 [ultranest] [DEBUG] iteration=1656, ncalls=10309, regioncalls=25216, ndraw=128, logz=-121324.19, remainder_fraction=100.0000%, Lmin=-121314.58, Lmax=-10000.00
01:41:37 [ultranest] [DEBUG] iteration=1657, ncalls=10388, regioncalls=25600, ndraw=128, logz=-121323.72, remainder_fraction=100.0000%, Lmin=-121312.39, Lmax=-10000.00
01:41:42 [ultranest] [DEBUG] iteration=1659, ncalls=10410, regioncalls=25728, ndraw=128, logz=-121321.09, remainder_fraction=100.0000%, Lmin=-121310.63, Lmax=-10000.00
01:41:47 [ultranest] [DEBUG] iteration=1661, ncalls=10437, regioncalls=25856, ndraw=128, logz=-121319.56, remainder_fraction=100.0000%, Lmin=-121309.67, Lmax=-10000.00
01:41:51 [ultranest] [DEBUG] iteration=1664, ncalls=10463, regioncalls=25984, ndraw=128, logz=-121318.10, remainder_fraction=100.0000%, Lmin=-121307.70, Lmax=-10000.00
01:41:54 [ultranest] [DEBUG] iteration=1666, ncalls=10484, regioncalls=26112, ndraw=128, logz=-121316.73, remainder_fraction=100.0000%, Lmin=-121305.85, Lmax=-10000.00
01:41:57 [ultranest] [DEBUG] iteration=1669, ncalls=10508, regioncalls=26240, ndraw=128, logz=-121314.16, remainder_fraction=100.0000%, Lmin=-121303.63, Lmax=-10000.00
01:42:03 [ultranest] [DEBUG] iteration=1670, ncalls=10534, regioncalls=26368, ndraw=128, logz=-121313.27, remainder_fraction=100.0000%, Lmin=-121303.05, Lmax=-10000.00
01:42:10 [ultranest] [DEBUG] iteration=1672, ncalls=10566, regioncalls=26496, ndraw=128, logz=-121312.02, remainder_fraction=100.0000%, Lmin=-121302.62, Lmax=-10000.00
01:42:15 [ultranest] [DEBUG] iteration=1673, ncalls=10588, regioncalls=26624, ndraw=128, logz=-121311.64, remainder_fraction=100.0000%, Lmin=-121302.25, Lmax=-10000.00
01:42:19 [ultranest] [DEBUG] iteration=1675, ncalls=10616, regioncalls=26752, ndraw=128, logz=-121310.35, remainder_fraction=100.0000%, Lmin=-121300.19, Lmax=-10000.00
01:42:23 [ultranest] [DEBUG] iteration=1676, ncalls=10646, regioncalls=26880, ndraw=128, logz=-121309.67, remainder_fraction=100.0000%, Lmin=-121299.91, Lmax=-10000.00
01:42:27 [ultranest] [DEBUG] iteration=1678, ncalls=10674, regioncalls=27008, ndraw=128, logz=-121308.80, remainder_fraction=100.0000%, Lmin=-121298.83, Lmax=-10000.00
01:42:34 [ultranest] [DEBUG] iteration=1679, ncalls=10705, regioncalls=27136, ndraw=128, logz=-121308.21, remainder_fraction=100.0000%, Lmin=-121297.08, Lmax=-10000.00
01:42:44 [ultranest] [DEBUG] iteration=1680, ncalls=10741, regioncalls=27264, ndraw=128, logz=-121306.94, remainder_fraction=100.0000%, Lmin=-121297.08, Lmax=-10000.00
01:42:52 [ultranest] [DEBUG] iteration=1683, ncalls=10763, regioncalls=27392, ndraw=128, logz=-121305.34, remainder_fraction=100.0000%, Lmin=-121295.31, Lmax=-10000.00
01:42:58 [ultranest] [DEBUG] iteration=1686, ncalls=10786, regioncalls=27520, ndraw=128, logz=-121303.83, remainder_fraction=100.0000%, Lmin=-121294.41, Lmax=-10000.00
01:43:05 [ultranest] [DEBUG] iteration=1687, ncalls=10815, regioncalls=27648, ndraw=128, logz=-121303.46, remainder_fraction=100.0000%, Lmin=-121293.98, Lmax=-10000.00
01:43:07 [ultranest] [DEBUG] iteration=1689, ncalls=10836, regioncalls=27776, ndraw=128, logz=-121302.22, remainder_fraction=100.0000%, Lmin=-121292.10, Lmax=-10000.00
01:43:12 [ultranest] [DEBUG] iteration=1693, ncalls=10862, regioncalls=27904, ndraw=128, logz=-121300.12, remainder_fraction=100.0000%, Lmin=-121290.64, Lmax=-10000.00
01:43:20 [ultranest] [DEBUG] iteration=1695, ncalls=10895, regioncalls=28032, ndraw=128, logz=-121299.22, remainder_fraction=100.0000%, Lmin=-121288.63, Lmax=-10000.00
01:43:23 [ultranest] [DEBUG] iteration=1696, ncalls=10921, regioncalls=28160, ndraw=128, logz=-121298.33, remainder_fraction=100.0000%, Lmin=-121288.18, Lmax=-10000.00
01:43:34 [ultranest] [DEBUG] iteration=1697, ncalls=10952, regioncalls=28288, ndraw=128, logz=-121297.67, remainder_fraction=100.0000%, Lmin=-121285.91, Lmax=-10000.00
01:43:43 [ultranest] [DEBUG] iteration=1700, ncalls=10983, regioncalls=28416, ndraw=128, logz=-121294.24, remainder_fraction=100.0000%, Lmin=-121283.93, Lmax=-10000.00
01:43:49 [ultranest] [DEBUG] iteration=1702, ncalls=11025, regioncalls=28672, ndraw=128, logz=-121292.15, remainder_fraction=100.0000%, Lmin=-121280.50, Lmax=-10000.00
01:43:54 [ultranest] [DEBUG] iteration=1704, ncalls=11047, regioncalls=28800, ndraw=128, logz=-121289.63, remainder_fraction=100.0000%, Lmin=-121278.94, Lmax=-10000.00
01:44:04 [ultranest] [DEBUG] iteration=1705, ncalls=11100, regioncalls=29056, ndraw=128, logz=-121288.70, remainder_fraction=100.0000%, Lmin=-121278.00, Lmax=-10000.00
01:44:09 [ultranest] [DEBUG] iteration=1708, ncalls=11130, regioncalls=29184, ndraw=128, logz=-121285.84, remainder_fraction=100.0000%, Lmin=-121275.36, Lmax=-10000.00
01:44:18 [ultranest] [DEBUG] iteration=1710, ncalls=11180, regioncalls=29440, ndraw=128, logz=-121284.51, remainder_fraction=100.0000%, Lmin=-121274.80, Lmax=-10000.00
01:44:21 [ultranest] [DEBUG] iteration=1712, ncalls=11198, regioncalls=29568, ndraw=128, logz=-121283.67, remainder_fraction=100.0000%, Lmin=-121273.39, Lmax=-10000.00
01:44:25 [ultranest] [DEBUG] iteration=1713, ncalls=11221, regioncalls=29696, ndraw=128, logz=-121282.97, remainder_fraction=100.0000%, Lmin=-121271.77, Lmax=-10000.00
01:44:29 [ultranest] [DEBUG] iteration=1716, ncalls=11244, regioncalls=29824, ndraw=128, logz=-121279.40, remainder_fraction=100.0000%, Lmin=-121269.30, Lmax=-10000.00
01:44:32 [ultranest] [DEBUG] iteration=1719, ncalls=11268, regioncalls=29952, ndraw=128, logz=-121277.75, remainder_fraction=100.0000%, Lmin=-121266.97, Lmax=-10000.00
01:44:32 [ultranest] [DEBUG] iteration=1720, ncalls=11268, regioncalls=29952, ndraw=128, logz=-121276.78, remainder_fraction=100.0000%, Lmin=-121266.20, Lmax=-10000.00
01:44:38 [ultranest] [DEBUG] iteration=1721, ncalls=11296, regioncalls=30080, ndraw=128, logz=-121275.93, remainder_fraction=100.0000%, Lmin=-121265.77, Lmax=-10000.00
01:44:44 [ultranest] [DEBUG] iteration=1722, ncalls=11323, regioncalls=30208, ndraw=128, logz=-121275.30, remainder_fraction=100.0000%, Lmin=-121264.97, Lmax=-10000.00
01:44:52 [ultranest] [DEBUG] iteration=1726, ncalls=11367, regioncalls=30464, ndraw=128, logz=-121273.08, remainder_fraction=100.0000%, Lmin=-121263.56, Lmax=-10000.00
01:44:57 [ultranest] [DEBUG] iteration=1730, ncalls=11386, regioncalls=30592, ndraw=128, logz=-121271.67, remainder_fraction=100.0000%, Lmin=-121262.36, Lmax=-10000.00
01:45:02 [ultranest] [DEBUG] iteration=1732, ncalls=11410, regioncalls=30720, ndraw=128, logz=-121271.08, remainder_fraction=100.0000%, Lmin=-121261.96, Lmax=-10000.00
01:45:09 [ultranest] [DEBUG] iteration=1736, ncalls=11431, regioncalls=30848, ndraw=128, logz=-121268.73, remainder_fraction=100.0000%, Lmin=-121258.39, Lmax=-10000.00
01:45:12 [ultranest] [DEBUG] iteration=1738, ncalls=11456, regioncalls=30976, ndraw=128, logz=-121267.61, remainder_fraction=100.0000%, Lmin=-121258.24, Lmax=-10000.00
01:45:18 [ultranest] [DEBUG] iteration=1740, ncalls=11481, regioncalls=31104, ndraw=128, logz=-121266.77, remainder_fraction=100.0000%, Lmin=-121257.07, Lmax=-10000.00
01:45:25 [ultranest] [DEBUG] iteration=1742, ncalls=11506, regioncalls=31232, ndraw=128, logz=-121264.43, remainder_fraction=100.0000%, Lmin=-121254.19, Lmax=-10000.00
01:45:30 [ultranest] [DEBUG] iteration=1743, ncalls=11530, regioncalls=31360, ndraw=128, logz=-121263.79, remainder_fraction=100.0000%, Lmin=-121252.43, Lmax=-10000.00
01:45:41 [ultranest] [DEBUG] iteration=1745, ncalls=11585, regioncalls=31616, ndraw=128, logz=-121261.76, remainder_fraction=100.0000%, Lmin=-121251.98, Lmax=-10000.00
01:45:44 [ultranest] [DEBUG] iteration=1747, ncalls=11616, regioncalls=31744, ndraw=128, logz=-121260.98, remainder_fraction=100.0000%, Lmin=-121251.74, Lmax=-10000.00
01:45:48 [ultranest] [DEBUG] iteration=1749, ncalls=11637, regioncalls=31872, ndraw=128, logz=-121260.39, remainder_fraction=100.0000%, Lmin=-121251.32, Lmax=-10000.00
01:45:55 [ultranest] [DEBUG] iteration=1751, ncalls=11660, regioncalls=32000, ndraw=128, logz=-121259.85, remainder_fraction=100.0000%, Lmin=-121250.19, Lmax=-10000.00
01:46:01 [ultranest] [DEBUG] iteration=1752, ncalls=11685, regioncalls=32128, ndraw=128, logz=-121259.45, remainder_fraction=100.0000%, Lmin=-121250.02, Lmax=-10000.00
01:46:07 [ultranest] [DEBUG] iteration=1754, ncalls=11711, regioncalls=32256, ndraw=128, logz=-121258.84, remainder_fraction=100.0000%, Lmin=-121248.10, Lmax=-10000.00
01:46:14 [ultranest] [DEBUG] iteration=1755, ncalls=11739, regioncalls=32384, ndraw=128, logz=-121257.95, remainder_fraction=100.0000%, Lmin=-121247.57, Lmax=-10000.00
01:46:20 [ultranest] [DEBUG] iteration=1758, ncalls=11762, regioncalls=32512, ndraw=128, logz=-121255.38, remainder_fraction=100.0000%, Lmin=-121244.85, Lmax=-10000.00
01:46:25 [ultranest] [DEBUG] iteration=1760, ncalls=11782, regioncalls=32640, ndraw=128, logz=-121252.61, remainder_fraction=100.0000%, Lmin=-121241.06, Lmax=-10000.00
01:46:30 [ultranest] [DEBUG] iteration=1763, ncalls=11803, regioncalls=32768, ndraw=128, logz=-121248.89, remainder_fraction=100.0000%, Lmin=-121236.76, Lmax=-10000.00
01:46:42 [ultranest] [DEBUG] iteration=1766, ncalls=11867, regioncalls=33152, ndraw=128, logz=-121245.51, remainder_fraction=100.0000%, Lmin=-121235.59, Lmax=-10000.00
01:46:46 [ultranest] [DEBUG] iteration=1769, ncalls=11887, regioncalls=33280, ndraw=128, logz=-121243.26, remainder_fraction=100.0000%, Lmin=-121232.03, Lmax=-10000.00
01:46:54 [ultranest] [DEBUG] iteration=1772, ncalls=11920, regioncalls=33536, ndraw=128, logz=-121240.02, remainder_fraction=100.0000%, Lmin=-121229.93, Lmax=-10000.00
01:46:58 [ultranest] [DEBUG] iteration=1773, ncalls=11939, regioncalls=33664, ndraw=128, logz=-121239.48, remainder_fraction=100.0000%, Lmin=-121226.73, Lmax=-10000.00
01:47:03 [ultranest] [DEBUG] iteration=1775, ncalls=11960, regioncalls=33792, ndraw=128, logz=-121235.86, remainder_fraction=100.0000%, Lmin=-121218.70, Lmax=-10000.00
01:47:10 [ultranest] [DEBUG] iteration=1778, ncalls=11983, regioncalls=33920, ndraw=128, logz=-121227.81, remainder_fraction=100.0000%, Lmin=-121218.05, Lmax=-10000.00
01:47:15 [ultranest] [DEBUG] iteration=1780, ncalls=12005, regioncalls=34048, ndraw=128, logz=-121226.89, remainder_fraction=100.0000%, Lmin=-121216.72, Lmax=-10000.00
01:47:20 [ultranest] [DEBUG] iteration=1781, ncalls=12022, regioncalls=34176, ndraw=128, logz=-121226.32, remainder_fraction=100.0000%, Lmin=-121215.77, Lmax=-10000.00
01:47:25 [ultranest] [DEBUG] iteration=1782, ncalls=12045, regioncalls=34304, ndraw=128, logz=-121225.57, remainder_fraction=100.0000%, Lmin=-121215.24, Lmax=-10000.00
01:47:28 [ultranest] [DEBUG] iteration=1783, ncalls=12067, regioncalls=34432, ndraw=128, logz=-121224.94, remainder_fraction=100.0000%, Lmin=-121215.24, Lmax=-10000.00
01:47:33 [ultranest] [DEBUG] iteration=1784, ncalls=12094, regioncalls=34560, ndraw=128, logz=-121224.55, remainder_fraction=100.0000%, Lmin=-121213.83, Lmax=-10000.00
01:47:39 [ultranest] [DEBUG] iteration=1785, ncalls=12116, regioncalls=34688, ndraw=128, logz=-121223.72, remainder_fraction=100.0000%, Lmin=-121212.54, Lmax=-10000.00
01:47:42 [ultranest] [DEBUG] iteration=1786, ncalls=12131, regioncalls=34816, ndraw=128, logz=-121222.60, remainder_fraction=100.0000%, Lmin=-121210.76, Lmax=-10000.00
01:47:48 [ultranest] [DEBUG] iteration=1788, ncalls=12155, regioncalls=34944, ndraw=128, logz=-121220.41, remainder_fraction=100.0000%, Lmin=-121210.34, Lmax=-10000.00
01:47:53 [ultranest] [DEBUG] iteration=1790, ncalls=12186, regioncalls=35200, ndraw=128, logz=-121219.44, remainder_fraction=100.0000%, Lmin=-121209.87, Lmax=-10000.00
01:47:57 [ultranest] [DEBUG] iteration=1791, ncalls=12202, regioncalls=35328, ndraw=128, logz=-121219.09, remainder_fraction=100.0000%, Lmin=-121209.68, Lmax=-10000.00
01:48:13 [ultranest] [DEBUG] iteration=1793, ncalls=12259, regioncalls=35712, ndraw=128, logz=-121217.87, remainder_fraction=100.0000%, Lmin=-121206.83, Lmax=-10000.00
01:48:18 [ultranest] [DEBUG] iteration=1795, ncalls=12280, regioncalls=35840, ndraw=128, logz=-121215.51, remainder_fraction=100.0000%, Lmin=-121204.67, Lmax=-10000.00
01:48:25 [ultranest] [DEBUG] iteration=1796, ncalls=12321, regioncalls=36096, ndraw=128, logz=-121214.62, remainder_fraction=100.0000%, Lmin=-121202.90, Lmax=-10000.00
01:48:31 [ultranest] [DEBUG] iteration=1798, ncalls=12344, regioncalls=36224, ndraw=128, logz=-121212.12, remainder_fraction=100.0000%, Lmin=-121201.37, Lmax=-10000.00
01:48:34 [ultranest] [DEBUG] iteration=1800, ncalls=12357, regioncalls=36352, ndraw=128, logz=-121210.23, remainder_fraction=100.0000%, Lmin=-121198.69, Lmax=-10000.00
01:48:38 [ultranest] [DEBUG] iteration=1801, ncalls=12370, regioncalls=36480, ndraw=128, logz=-121208.88, remainder_fraction=100.0000%, Lmin=-121198.68, Lmax=-10000.00
01:48:43 [ultranest] [DEBUG] iteration=1803, ncalls=12389, regioncalls=36608, ndraw=128, logz=-121205.52, remainder_fraction=100.0000%, Lmin=-121194.58, Lmax=-10000.00
01:48:48 [ultranest] [DEBUG] iteration=1804, ncalls=12407, regioncalls=36736, ndraw=128, logz=-121204.58, remainder_fraction=100.0000%, Lmin=-121194.42, Lmax=-10000.00
01:48:51 [ultranest] [DEBUG] iteration=1805, ncalls=12423, regioncalls=36864, ndraw=128, logz=-121204.04, remainder_fraction=100.0000%, Lmin=-121194.02, Lmax=-10000.00
01:48:58 [ultranest] [DEBUG] iteration=1806, ncalls=12440, regioncalls=36992, ndraw=128, logz=-121203.56, remainder_fraction=100.0000%, Lmin=-121192.44, Lmax=-10000.00
01:49:03 [ultranest] [DEBUG] iteration=1810, ncalls=12467, regioncalls=37248, ndraw=128, logz=-121197.02, remainder_fraction=100.0000%, Lmin=-121186.01, Lmax=-10000.00
01:49:08 [ultranest] [DEBUG] iteration=1812, ncalls=12485, regioncalls=37376, ndraw=128, logz=-121195.47, remainder_fraction=100.0000%, Lmin=-121184.84, Lmax=-10000.00
01:49:12 [ultranest] [DEBUG] iteration=1813, ncalls=12514, regioncalls=37632, ndraw=128, logz=-121194.72, remainder_fraction=100.0000%, Lmin=-121184.73, Lmax=-10000.00
01:49:21 [ultranest] [DEBUG] iteration=1814, ncalls=12540, regioncalls=37760, ndraw=128, logz=-121194.26, remainder_fraction=100.0000%, Lmin=-121184.60, Lmax=-10000.00
01:49:24 [ultranest] [DEBUG] iteration=1817, ncalls=12555, regioncalls=37888, ndraw=128, logz=-121193.38, remainder_fraction=100.0000%, Lmin=-121184.04, Lmax=-10000.00
01:49:28 [ultranest] [DEBUG] iteration=1818, ncalls=12571, regioncalls=38016, ndraw=128, logz=-121193.12, remainder_fraction=100.0000%, Lmin=-121183.18, Lmax=-10000.00
01:49:33 [ultranest] [DEBUG] iteration=1820, ncalls=12588, regioncalls=38144, ndraw=128, logz=-121192.37, remainder_fraction=100.0000%, Lmin=-121183.13, Lmax=-10000.00
01:49:37 [ultranest] [DEBUG] iteration=1821, ncalls=12605, regioncalls=38272, ndraw=128, logz=-121192.13, remainder_fraction=100.0000%, Lmin=-121176.86, Lmax=-10000.00
01:49:41 [ultranest] [DEBUG] iteration=1824, ncalls=12619, regioncalls=38400, ndraw=128, logz=-121185.71, remainder_fraction=100.0000%, Lmin=-121175.55, Lmax=-10000.00
01:49:49 [ultranest] [DEBUG] iteration=1827, ncalls=12661, regioncalls=38656, ndraw=128, logz=-121182.48, remainder_fraction=100.0000%, Lmin=-121171.30, Lmax=-10000.00
01:49:57 [ultranest] [DEBUG] iteration=1830, ncalls=12686, regioncalls=38912, ndraw=128, logz=-121180.22, remainder_fraction=100.0000%, Lmin=-121168.03, Lmax=-10000.00
01:49:58 [ultranest] [DEBUG] iteration=1831, ncalls=12694, regioncalls=39040, ndraw=128, logz=-121178.41, remainder_fraction=100.0000%, Lmin=-121167.78, Lmax=-10000.00
01:50:00 [ultranest] [DEBUG] iteration=1833, ncalls=12705, regioncalls=39168, ndraw=128, logz=-121177.25, remainder_fraction=100.0000%, Lmin=-121167.44, Lmax=-10000.00
01:50:02 [ultranest] [DEBUG] iteration=1834, ncalls=12713, regioncalls=39296, ndraw=128, logz=-121176.87, remainder_fraction=100.0000%, Lmin=-121167.02, Lmax=-10000.00
01:50:12 [ultranest] [DEBUG] iteration=1835, ncalls=12753, regioncalls=39680, ndraw=128, logz=-121176.48, remainder_fraction=100.0000%, Lmin=-121166.84, Lmax=-10000.00
01:50:16 [ultranest] [DEBUG] iteration=1838, ncalls=12767, regioncalls=39808, ndraw=128, logz=-121175.41, remainder_fraction=100.0000%, Lmin=-121163.93, Lmax=-10000.00
01:50:19 [ultranest] [DEBUG] iteration=1839, ncalls=12780, regioncalls=39936, ndraw=128, logz=-121174.17, remainder_fraction=100.0000%, Lmin=-121163.64, Lmax=-10000.00
01:50:21 [ultranest] [DEBUG] iteration=1840, ncalls=12794, regioncalls=40064, ndraw=128, logz=-121173.51, remainder_fraction=100.0000%, Lmin=-121162.91, Lmax=-10000.00
01:50:28 [ultranest] [DEBUG] iteration=1841, ncalls=12819, regioncalls=40320, ndraw=128, logz=-121172.81, remainder_fraction=100.0000%, Lmin=-121162.57, Lmax=-10000.00
01:50:37 [ultranest] [DEBUG] iteration=1842, ncalls=12849, regioncalls=40576, ndraw=128, logz=-121172.28, remainder_fraction=100.0000%, Lmin=-121160.71, Lmax=-10000.00
01:50:46 [ultranest] [DEBUG] iteration=1843, ncalls=12882, regioncalls=40832, ndraw=128, logz=-121170.98, remainder_fraction=100.0000%, Lmin=-121156.72, Lmax=-10000.00
01:50:48 [ultranest] [DEBUG] iteration=1845, ncalls=12896, regioncalls=40960, ndraw=128, logz=-121165.90, remainder_fraction=100.0000%, Lmin=-121153.35, Lmax=-10000.00
01:50:53 [ultranest] [DEBUG] iteration=1846, ncalls=12913, regioncalls=41088, ndraw=128, logz=-121163.82, remainder_fraction=100.0000%, Lmin=-121152.47, Lmax=-10000.00
01:50:59 [ultranest] [DEBUG] iteration=1848, ncalls=12933, regioncalls=41216, ndraw=128, logz=-121161.33, remainder_fraction=100.0000%, Lmin=-121150.27, Lmax=-10000.00
01:51:01 [ultranest] [DEBUG] iteration=1849, ncalls=12947, regioncalls=41344, ndraw=128, logz=-121160.39, remainder_fraction=100.0000%, Lmin=-121149.87, Lmax=-10000.00
01:51:05 [ultranest] [DEBUG] iteration=1850, ncalls=12962, regioncalls=41472, ndraw=128, logz=-121159.74, remainder_fraction=100.0000%, Lmin=-121148.22, Lmax=-10000.00
01:51:08 [ultranest] [DEBUG] iteration=1852, ncalls=12973, regioncalls=41600, ndraw=128, logz=-121157.92, remainder_fraction=100.0000%, Lmin=-121146.05, Lmax=-10000.00
01:51:13 [ultranest] [DEBUG] iteration=1853, ncalls=12998, regioncalls=41728, ndraw=128, logz=-121156.42, remainder_fraction=100.0000%, Lmin=-121142.92, Lmax=-10000.00
01:51:17 [ultranest] [DEBUG] iteration=1854, ncalls=13016, regioncalls=41856, ndraw=128, logz=-121153.49, remainder_fraction=100.0000%, Lmin=-121142.89, Lmax=-10000.00
01:51:23 [ultranest] [DEBUG] iteration=1856, ncalls=13034, regioncalls=41984, ndraw=128, logz=-121150.25, remainder_fraction=100.0000%, Lmin=-121138.12, Lmax=-10000.00
01:51:26 [ultranest] [DEBUG] iteration=1858, ncalls=13051, regioncalls=42112, ndraw=128, logz=-121147.16, remainder_fraction=100.0000%, Lmin=-121133.53, Lmax=-10000.00
01:51:31 [ultranest] [DEBUG] iteration=1861, ncalls=13065, regioncalls=42240, ndraw=128, logz=-121142.78, remainder_fraction=100.0000%, Lmin=-121132.04, Lmax=-10000.00
01:51:45 [ultranest] [DEBUG] iteration=1862, ncalls=13111, regioncalls=42624, ndraw=128, logz=-121142.04, remainder_fraction=100.0000%, Lmin=-121131.26, Lmax=-10000.00
01:51:49 [ultranest] [DEBUG] iteration=1865, ncalls=13128, regioncalls=42752, ndraw=128, logz=-121138.21, remainder_fraction=100.0000%, Lmin=-121127.95, Lmax=-10000.00
01:51:53 [ultranest] [DEBUG] iteration=1868, ncalls=13147, regioncalls=42880, ndraw=128, logz=-121134.04, remainder_fraction=100.0000%, Lmin=-121123.33, Lmax=-10000.00
01:51:57 [ultranest] [DEBUG] iteration=1870, ncalls=13162, regioncalls=43008, ndraw=128, logz=-121131.88, remainder_fraction=100.0000%, Lmin=-121119.31, Lmax=-10000.00
01:52:04 [ultranest] [DEBUG] iteration=1871, ncalls=13178, regioncalls=43136, ndraw=128, logz=-121129.84, remainder_fraction=100.0000%, Lmin=-121119.02, Lmax=-10000.00
01:52:07 [ultranest] [DEBUG] iteration=1875, ncalls=13192, regioncalls=43264, ndraw=128, logz=-121125.00, remainder_fraction=100.0000%, Lmin=-121114.54, Lmax=-10000.00
01:52:17 [ultranest] [DEBUG] iteration=1876, ncalls=13225, regioncalls=43520, ndraw=128, logz=-121124.41, remainder_fraction=100.0000%, Lmin=-121113.93, Lmax=-10000.00
01:52:20 [ultranest] [DEBUG] iteration=1880, ncalls=13237, regioncalls=43648, ndraw=128, logz=-121120.89, remainder_fraction=100.0000%, Lmin=-121108.42, Lmax=-10000.00
01:52:24 [ultranest] [DEBUG] iteration=1881, ncalls=13259, regioncalls=43904, ndraw=128, logz=-121118.95, remainder_fraction=100.0000%, Lmin=-121107.84, Lmax=-10000.00
01:52:35 [ultranest] [DEBUG] iteration=1882, ncalls=13284, regioncalls=44160, ndraw=128, logz=-121118.03, remainder_fraction=100.0000%, Lmin=-121105.61, Lmax=-10000.00
01:52:39 [ultranest] [DEBUG] iteration=1884, ncalls=13293, regioncalls=44288, ndraw=128, logz=-121115.20, remainder_fraction=100.0000%, Lmin=-121104.29, Lmax=-10000.00
01:52:43 [ultranest] [DEBUG] iteration=1886, ncalls=13307, regioncalls=44416, ndraw=128, logz=-121112.70, remainder_fraction=100.0000%, Lmin=-121098.88, Lmax=-10000.00
01:52:45 [ultranest] [DEBUG] iteration=1887, ncalls=13316, regioncalls=44544, ndraw=128, logz=-121109.54, remainder_fraction=100.0000%, Lmin=-121098.19, Lmax=-10000.00
01:52:56 [ultranest] [DEBUG] iteration=1888, ncalls=13355, regioncalls=44800, ndraw=128, logz=-121108.48, remainder_fraction=100.0000%, Lmin=-121097.81, Lmax=-10000.00
01:53:00 [ultranest] [DEBUG] iteration=1889, ncalls=13371, regioncalls=44928, ndraw=128, logz=-121107.80, remainder_fraction=100.0000%, Lmin=-121097.30, Lmax=-10000.00
01:53:00 [ultranest] [DEBUG] iteration=1890, ncalls=13371, regioncalls=44928, ndraw=128, logz=-121107.21, remainder_fraction=100.0000%, Lmin=-121096.75, Lmax=-10000.00
01:53:04 [ultranest] [DEBUG] iteration=1892, ncalls=13381, regioncalls=45056, ndraw=128, logz=-121106.07, remainder_fraction=100.0000%, Lmin=-121095.71, Lmax=-10000.00
01:53:10 [ultranest] [DEBUG] iteration=1893, ncalls=13397, regioncalls=45312, ndraw=128, logz=-121105.54, remainder_fraction=100.0000%, Lmin=-121095.31, Lmax=-10000.00
01:53:11 [ultranest] [DEBUG] iteration=1895, ncalls=13405, regioncalls=45440, ndraw=128, logz=-121103.83, remainder_fraction=100.0000%, Lmin=-121092.64, Lmax=-10000.00
01:53:13 [ultranest] [DEBUG] iteration=1896, ncalls=13412, regioncalls=45568, ndraw=128, logz=-121102.88, remainder_fraction=100.0000%, Lmin=-121091.47, Lmax=-10000.00
01:53:20 [ultranest] [DEBUG] iteration=1898, ncalls=13437, regioncalls=45824, ndraw=128, logz=-121100.68, remainder_fraction=100.0000%, Lmin=-121089.63, Lmax=-10000.00
01:53:25 [ultranest] [DEBUG] iteration=1901, ncalls=13451, regioncalls=45952, ndraw=128, logz=-121096.61, remainder_fraction=100.0000%, Lmin=-121086.24, Lmax=-10000.00
01:53:28 [ultranest] [DEBUG] iteration=1903, ncalls=13462, regioncalls=46080, ndraw=128, logz=-121095.66, remainder_fraction=100.0000%, Lmin=-121085.12, Lmax=-10000.00
01:53:39 [ultranest] [DEBUG] iteration=1905, ncalls=13487, regioncalls=46336, ndraw=128, logz=-121094.25, remainder_fraction=100.0000%, Lmin=-121081.36, Lmax=-10000.00
01:53:42 [ultranest] [DEBUG] iteration=1906, ncalls=13497, regioncalls=46464, ndraw=128, logz=-121092.01, remainder_fraction=100.0000%, Lmin=-121080.82, Lmax=-10000.00
01:53:47 [ultranest] [DEBUG] iteration=1907, ncalls=13512, regioncalls=46592, ndraw=128, logz=-121091.07, remainder_fraction=100.0000%, Lmin=-121078.71, Lmax=-10000.00
01:53:51 [ultranest] [DEBUG] iteration=1910, ncalls=13525, regioncalls=46720, ndraw=128, logz=-121088.26, remainder_fraction=100.0000%, Lmin=-121076.90, Lmax=-10000.00
01:54:06 [ultranest] [DEBUG] iteration=1913, ncalls=13579, regioncalls=47360, ndraw=128, logz=-121084.90, remainder_fraction=100.0000%, Lmin=-121073.64, Lmax=-10000.00
01:54:09 [ultranest] [DEBUG] iteration=1915, ncalls=13591, regioncalls=47488, ndraw=128, logz=-121083.38, remainder_fraction=100.0000%, Lmin=-121072.23, Lmax=-10000.00
01:54:19 [ultranest] [DEBUG] iteration=1917, ncalls=13631, regioncalls=47872, ndraw=128, logz=-121081.56, remainder_fraction=100.0000%, Lmin=-121070.84, Lmax=-10000.00
01:54:19 [ultranest] [DEBUG] iteration=1920, ncalls=13631, regioncalls=47872, ndraw=128, logz=-121079.34, remainder_fraction=100.0000%, Lmin=-121068.46, Lmax=-10000.00
01:54:20 [ultranest] [DEBUG] iteration=1921, ncalls=13642, regioncalls=48000, ndraw=128, logz=-121078.60, remainder_fraction=100.0000%, Lmin=-121067.67, Lmax=-10000.00
01:54:25 [ultranest] [DEBUG] iteration=1922, ncalls=13656, regioncalls=48128, ndraw=128, logz=-121077.84, remainder_fraction=100.0000%, Lmin=-121066.93, Lmax=-10000.00
01:54:34 [ultranest] [DEBUG] iteration=1923, ncalls=13693, regioncalls=48640, ndraw=128, logz=-121077.09, remainder_fraction=100.0000%, Lmin=-121066.34, Lmax=-10000.00
01:54:40 [ultranest] [DEBUG] iteration=1925, ncalls=13710, regioncalls=48896, ndraw=128, logz=-121075.90, remainder_fraction=100.0000%, Lmin=-121064.45, Lmax=-10000.00
01:54:46 [ultranest] [DEBUG] iteration=1926, ncalls=13743, regioncalls=49280, ndraw=128, logz=-121074.83, remainder_fraction=100.0000%, Lmin=-121061.27, Lmax=-10000.00
01:54:49 [ultranest] [DEBUG] iteration=1927, ncalls=13752, regioncalls=49408, ndraw=128, logz=-121072.01, remainder_fraction=100.0000%, Lmin=-121060.40, Lmax=-10000.00
01:54:58 [ultranest] [DEBUG] iteration=1928, ncalls=13783, regioncalls=49792, ndraw=128, logz=-121070.84, remainder_fraction=100.0000%, Lmin=-121059.30, Lmax=-10000.00
01:55:01 [ultranest] [DEBUG] iteration=1930, ncalls=13794, regioncalls=49920, ndraw=128, logz=-121069.16, remainder_fraction=100.0000%, Lmin=-121058.80, Lmax=-10000.00
01:55:05 [ultranest] [DEBUG] iteration=1931, ncalls=13806, regioncalls=50048, ndraw=128, logz=-121068.67, remainder_fraction=100.0000%, Lmin=-121056.77, Lmax=-10000.00
01:55:10 [ultranest] [DEBUG] iteration=1932, ncalls=13816, regioncalls=50176, ndraw=128, logz=-121067.30, remainder_fraction=100.0000%, Lmin=-121053.10, Lmax=-10000.00
01:55:14 [ultranest] [DEBUG] iteration=1933, ncalls=13833, regioncalls=50432, ndraw=128, logz=-121063.88, remainder_fraction=100.0000%, Lmin=-121052.00, Lmax=-10000.00
01:55:21 [ultranest] [DEBUG] iteration=1934, ncalls=13855, regioncalls=50688, ndraw=128, logz=-121062.53, remainder_fraction=100.0000%, Lmin=-121049.90, Lmax=-10000.00
01:55:25 [ultranest] [DEBUG] iteration=1936, ncalls=13866, regioncalls=50816, ndraw=128, logz=-121059.70, remainder_fraction=100.0000%, Lmin=-121048.91, Lmax=-10000.00
01:55:29 [ultranest] [DEBUG] iteration=1937, ncalls=13876, regioncalls=50944, ndraw=128, logz=-121059.03, remainder_fraction=100.0000%, Lmin=-121048.86, Lmax=-10000.00
01:55:33 [ultranest] [DEBUG] iteration=1942, ncalls=13886, regioncalls=51072, ndraw=128, logz=-121052.32, remainder_fraction=100.0000%, Lmin=-121041.88, Lmax=-10000.00
01:55:35 [ultranest] [DEBUG] iteration=1944, ncalls=13896, regioncalls=51200, ndraw=128, logz=-121051.33, remainder_fraction=100.0000%, Lmin=-121040.98, Lmax=-10000.00
01:55:47 [ultranest] [DEBUG] iteration=1945, ncalls=13924, regioncalls=51456, ndraw=128, logz=-121050.86, remainder_fraction=100.0000%, Lmin=-121040.34, Lmax=-10000.00
01:55:51 [ultranest] [DEBUG] iteration=1948, ncalls=13937, regioncalls=51584, ndraw=128, logz=-121049.39, remainder_fraction=100.0000%, Lmin=-121039.30, Lmax=-10000.00
01:55:55 [ultranest] [DEBUG] iteration=1949, ncalls=13951, regioncalls=51712, ndraw=128, logz=-121049.01, remainder_fraction=100.0000%, Lmin=-121038.75, Lmax=-10000.00
01:56:02 [ultranest] [DEBUG] iteration=1950, ncalls=13974, regioncalls=51968, ndraw=128, logz=-121048.57, remainder_fraction=100.0000%, Lmin=-121034.79, Lmax=-10000.00
01:56:07 [ultranest] [DEBUG] iteration=1951, ncalls=13990, regioncalls=52096, ndraw=128, logz=-121045.61, remainder_fraction=100.0000%, Lmin=-121034.47, Lmax=-10000.00
01:56:16 [ultranest] [DEBUG] iteration=1954, ncalls=14017, regioncalls=52352, ndraw=128, logz=-121043.59, remainder_fraction=100.0000%, Lmin=-121033.53, Lmax=-10000.00
01:56:20 [ultranest] [DEBUG] iteration=1958, ncalls=14033, regioncalls=52608, ndraw=128, logz=-121042.16, remainder_fraction=100.0000%, Lmin=-121031.42, Lmax=-10000.00
01:56:24 [ultranest] [DEBUG] iteration=1960, ncalls=14044, regioncalls=52736, ndraw=128, logz=-121038.65, remainder_fraction=100.0000%, Lmin=-121027.73, Lmax=-10000.00
01:56:28 [ultranest] [DEBUG] iteration=1962, ncalls=14057, regioncalls=52864, ndraw=128, logz=-121037.20, remainder_fraction=100.0000%, Lmin=-121026.25, Lmax=-10000.00
01:56:32 [ultranest] [DEBUG] iteration=1963, ncalls=14069, regioncalls=52992, ndraw=128, logz=-121036.48, remainder_fraction=100.0000%, Lmin=-121025.07, Lmax=-10000.00
01:56:47 [ultranest] [DEBUG] iteration=1964, ncalls=14110, regioncalls=53504, ndraw=128, logz=-121035.50, remainder_fraction=100.0000%, Lmin=-121024.67, Lmax=-10000.00
01:56:58 [ultranest] [DEBUG] iteration=1965, ncalls=14148, regioncalls=54016, ndraw=128, logz=-121034.84, remainder_fraction=100.0000%, Lmin=-121023.94, Lmax=-10000.00
01:57:01 [ultranest] [DEBUG] iteration=1966, ncalls=14160, regioncalls=54144, ndraw=128, logz=-121034.15, remainder_fraction=100.0000%, Lmin=-121023.33, Lmax=-10000.00
01:57:03 [ultranest] [DEBUG] iteration=1967, ncalls=14173, regioncalls=54272, ndraw=128, logz=-121033.50, remainder_fraction=100.0000%, Lmin=-121022.43, Lmax=-10000.00
01:57:14 [ultranest] [DEBUG] iteration=1971, ncalls=14211, regioncalls=54784, ndraw=128, logz=-121031.04, remainder_fraction=100.0000%, Lmin=-121019.97, Lmax=-10000.00
01:57:18 [ultranest] [DEBUG] iteration=1972, ncalls=14223, regioncalls=54912, ndraw=128, logz=-121030.27, remainder_fraction=100.0000%, Lmin=-121018.59, Lmax=-10000.00
01:57:29 [ultranest] [DEBUG] iteration=1974, ncalls=14252, regioncalls=55168, ndraw=128, logz=-121028.16, remainder_fraction=100.0000%, Lmin=-121017.33, Lmax=-10000.00
01:57:39 [ultranest] [DEBUG] iteration=1977, ncalls=14282, regioncalls=55424, ndraw=128, logz=-121024.77, remainder_fraction=100.0000%, Lmin=-121013.88, Lmax=-10000.00
01:57:40 [ultranest] [DEBUG] iteration=1979, ncalls=14293, regioncalls=55552, ndraw=128, logz=-121023.54, remainder_fraction=100.0000%, Lmin=-121012.85, Lmax=-10000.00
01:57:40 [ultranest] [DEBUG] iteration=1980, ncalls=14293, regioncalls=55552, ndraw=128, logz=-121022.96, remainder_fraction=100.0000%, Lmin=-121011.98, Lmax=-10000.00
01:57:48 [ultranest] [DEBUG] iteration=1981, ncalls=14319, regioncalls=55936, ndraw=128, logz=-121022.25, remainder_fraction=100.0000%, Lmin=-121006.72, Lmax=-10000.00
01:57:51 [ultranest] [DEBUG] iteration=1982, ncalls=14331, regioncalls=56064, ndraw=128, logz=-121017.66, remainder_fraction=100.0000%, Lmin=-121006.53, Lmax=-10000.00
01:57:54 [ultranest] [DEBUG] iteration=1983, ncalls=14348, regioncalls=56320, ndraw=128, logz=-121016.87, remainder_fraction=100.0000%, Lmin=-121005.85, Lmax=-10000.00
01:57:56 [ultranest] [DEBUG] iteration=1984, ncalls=14359, regioncalls=56448, ndraw=128, logz=-121016.14, remainder_fraction=100.0000%, Lmin=-121004.12, Lmax=-10000.00
01:58:03 [ultranest] [DEBUG] iteration=1987, ncalls=14377, regioncalls=56704, ndraw=128, logz=-121012.91, remainder_fraction=100.0000%, Lmin=-121000.62, Lmax=-10000.00
01:58:15 [ultranest] [DEBUG] iteration=1989, ncalls=14418, regioncalls=57216, ndraw=128, logz=-121008.10, remainder_fraction=100.0000%, Lmin=-120996.70, Lmax=-10000.00
01:58:18 [ultranest] [DEBUG] iteration=1990, ncalls=14428, regioncalls=57344, ndraw=128, logz=-121007.17, remainder_fraction=100.0000%, Lmin=-120996.38, Lmax=-10000.00
01:58:24 [ultranest] [DEBUG] iteration=1992, ncalls=14439, regioncalls=57472, ndraw=128, logz=-121006.14, remainder_fraction=100.0000%, Lmin=-120996.10, Lmax=-10000.00
01:58:30 [ultranest] [DEBUG] iteration=1994, ncalls=14456, regioncalls=57600, ndraw=128, logz=-121005.34, remainder_fraction=100.0000%, Lmin=-120994.26, Lmax=-10000.00
01:58:34 [ultranest] [DEBUG] iteration=1995, ncalls=14464, regioncalls=57728, ndraw=128, logz=-121004.59, remainder_fraction=100.0000%, Lmin=-120992.81, Lmax=-10000.00
01:58:48 [ultranest] [DEBUG] iteration=1997, ncalls=14502, regioncalls=58112, ndraw=128, logz=-121002.46, remainder_fraction=100.0000%, Lmin=-120991.64, Lmax=-10000.00
01:58:55 [ultranest] [DEBUG] iteration=2000, ncalls=14520, regioncalls=58240, ndraw=128, logz=-121000.73, remainder_fraction=100.0000%, Lmin=-120989.06, Lmax=-10000.00
01:59:04 [ultranest] [DEBUG] iteration=2003, ncalls=14538, regioncalls=58496, ndraw=128, logz=-120997.97, remainder_fraction=100.0000%, Lmin=-120985.78, Lmax=-10000.00
01:59:09 [ultranest] [DEBUG] iteration=2005, ncalls=14553, regioncalls=58752, ndraw=128, logz=-120995.55, remainder_fraction=100.0000%, Lmin=-120984.83, Lmax=-10000.00
01:59:15 [ultranest] [DEBUG] iteration=2006, ncalls=14565, regioncalls=58880, ndraw=128, logz=-120994.99, remainder_fraction=100.0000%, Lmin=-120983.55, Lmax=-10000.00
01:59:20 [ultranest] [DEBUG] iteration=2008, ncalls=14583, regioncalls=59136, ndraw=128, logz=-120993.19, remainder_fraction=100.0000%, Lmin=-120978.68, Lmax=-10000.00
01:59:24 [ultranest] [DEBUG] iteration=2010, ncalls=14591, regioncalls=59264, ndraw=128, logz=-120987.88, remainder_fraction=100.0000%, Lmin=-120975.69, Lmax=-10000.00
01:59:41 [ultranest] [DEBUG] iteration=2011, ncalls=14643, regioncalls=60032, ndraw=128, logz=-120986.44, remainder_fraction=100.0000%, Lmin=-120975.42, Lmax=-10000.00
02:00:00 [ultranest] [DEBUG] iteration=2012, ncalls=14684, regioncalls=60672, ndraw=128, logz=-120985.75, remainder_fraction=100.0000%, Lmin=-120972.07, Lmax=-10000.00
02:00:03 [ultranest] [DEBUG] iteration=2013, ncalls=14696, regioncalls=60800, ndraw=128, logz=-120983.02, remainder_fraction=100.0000%, Lmin=-120972.06, Lmax=-10000.00
02:00:07 [ultranest] [DEBUG] iteration=2015, ncalls=14710, regioncalls=60928, ndraw=128, logz=-120981.90, remainder_fraction=100.0000%, Lmin=-120970.39, Lmax=-10000.00
02:00:13 [ultranest] [DEBUG] iteration=2016, ncalls=14724, regioncalls=61056, ndraw=128, logz=-120980.94, remainder_fraction=100.0000%, Lmin=-120970.06, Lmax=-10000.00
02:00:15 [ultranest] [DEBUG] iteration=2017, ncalls=14731, regioncalls=61184, ndraw=128, logz=-120980.32, remainder_fraction=100.0000%, Lmin=-120970.03, Lmax=-10000.00
02:00:21 [ultranest] [DEBUG] iteration=2019, ncalls=14740, regioncalls=61312, ndraw=128, logz=-120978.65, remainder_fraction=100.0000%, Lmin=-120965.99, Lmax=-10000.00
02:00:23 [ultranest] [DEBUG] iteration=2021, ncalls=14747, regioncalls=61440, ndraw=128, logz=-120974.22, remainder_fraction=100.0000%, Lmin=-120962.56, Lmax=-10000.00
02:00:39 [ultranest] [DEBUG] iteration=2022, ncalls=14784, regioncalls=61952, ndraw=128, logz=-120973.17, remainder_fraction=100.0000%, Lmin=-120962.50, Lmax=-10000.00
02:00:45 [ultranest] [DEBUG] iteration=2024, ncalls=14798, regioncalls=62080, ndraw=128, logz=-120971.14, remainder_fraction=100.0000%, Lmin=-120959.35, Lmax=-10000.00
02:01:07 [ultranest] [DEBUG] iteration=2027, ncalls=14856, regioncalls=62976, ndraw=128, logz=-120965.74, remainder_fraction=100.0000%, Lmin=-120954.79, Lmax=-10000.00
02:01:11 [ultranest] [DEBUG] iteration=2028, ncalls=14866, regioncalls=63104, ndraw=128, logz=-120965.10, remainder_fraction=100.0000%, Lmin=-120953.09, Lmax=-10000.00
02:01:13 [ultranest] [DEBUG] iteration=2029, ncalls=14870, regioncalls=63232, ndraw=128, logz=-120963.83, remainder_fraction=100.0000%, Lmin=-120951.14, Lmax=-10000.00
02:01:18 [ultranest] [DEBUG] iteration=2030, ncalls=14881, regioncalls=63360, ndraw=128, logz=-120962.02, remainder_fraction=100.0000%, Lmin=-120948.84, Lmax=-10000.00
02:01:28 [ultranest] [DEBUG] iteration=2031, ncalls=14908, regioncalls=63744, ndraw=128, logz=-120959.80, remainder_fraction=100.0000%, Lmin=-120948.08, Lmax=-10000.00
02:01:32 [ultranest] [DEBUG] iteration=2032, ncalls=14918, regioncalls=63872, ndraw=128, logz=-120958.73, remainder_fraction=100.0000%, Lmin=-120946.65, Lmax=-10000.00
02:01:37 [ultranest] [DEBUG] iteration=2033, ncalls=14927, regioncalls=64000, ndraw=128, logz=-120957.41, remainder_fraction=100.0000%, Lmin=-120945.25, Lmax=-10000.00
02:01:46 [ultranest] [DEBUG] iteration=2035, ncalls=14958, regioncalls=64512, ndraw=128, logz=-120955.27, remainder_fraction=100.0000%, Lmin=-120942.16, Lmax=-10000.00
02:01:51 [ultranest] [DEBUG] iteration=2037, ncalls=14968, regioncalls=64640, ndraw=128, logz=-120950.10, remainder_fraction=100.0000%, Lmin=-120938.14, Lmax=-10000.00
02:01:58 [ultranest] [DEBUG] iteration=2039, ncalls=14984, regioncalls=64896, ndraw=128, logz=-120948.07, remainder_fraction=100.0000%, Lmin=-120935.76, Lmax=-10000.00
02:02:00 [ultranest] [DEBUG] iteration=2040, ncalls=14991, regioncalls=65024, ndraw=128, logz=-120946.59, remainder_fraction=100.0000%, Lmin=-120935.61, Lmax=-10000.00
02:02:02 [ultranest] [DEBUG] iteration=2041, ncalls=14997, regioncalls=65152, ndraw=128, logz=-120945.95, remainder_fraction=100.0000%, Lmin=-120934.13, Lmax=-10000.00
02:02:05 [ultranest] [DEBUG] iteration=2042, ncalls=15005, regioncalls=65280, ndraw=128, logz=-120944.83, remainder_fraction=100.0000%, Lmin=-120930.55, Lmax=-10000.00
02:02:08 [ultranest] [DEBUG] iteration=2045, ncalls=15015, regioncalls=65408, ndraw=128, logz=-120938.11, remainder_fraction=100.0000%, Lmin=-120925.44, Lmax=-10000.00
02:02:12 [ultranest] [DEBUG] iteration=2046, ncalls=15028, regioncalls=65664, ndraw=128, logz=-120936.36, remainder_fraction=100.0000%, Lmin=-120924.48, Lmax=-10000.00
02:02:15 [ultranest] [DEBUG] iteration=2047, ncalls=15041, regioncalls=65792, ndraw=128, logz=-120935.21, remainder_fraction=100.0000%, Lmin=-120922.07, Lmax=-10000.00
02:02:17 [ultranest] [DEBUG] iteration=2050, ncalls=15046, regioncalls=65920, ndraw=128, logz=-120924.01, remainder_fraction=100.0000%, Lmin=-120912.69, Lmax=-10000.00
02:02:19 [ultranest] [DEBUG] iteration=2051, ncalls=15051, regioncalls=66048, ndraw=128, logz=-120923.21, remainder_fraction=100.0000%, Lmin=-120911.53, Lmax=-10000.00
02:02:23 [ultranest] [DEBUG] iteration=2053, ncalls=15060, regioncalls=66176, ndraw=128, logz=-120921.20, remainder_fraction=100.0000%, Lmin=-120909.19, Lmax=-10000.00
02:02:29 [ultranest] [DEBUG] iteration=2054, ncalls=15075, regioncalls=66432, ndraw=128, logz=-120919.97, remainder_fraction=100.0000%, Lmin=-120908.63, Lmax=-10000.00
02:02:37 [ultranest] [DEBUG] iteration=2056, ncalls=15094, regioncalls=66560, ndraw=128, logz=-120916.92, remainder_fraction=100.0000%, Lmin=-120904.62, Lmax=-10000.00
02:02:41 [ultranest] [DEBUG] iteration=2057, ncalls=15108, regioncalls=66688, ndraw=128, logz=-120915.49, remainder_fraction=100.0000%, Lmin=-120904.14, Lmax=-10000.00
02:02:47 [ultranest] [DEBUG] iteration=2059, ncalls=15121, regioncalls=66944, ndraw=128, logz=-120914.05, remainder_fraction=100.0000%, Lmin=-120903.00, Lmax=-10000.00
02:03:04 [ultranest] [DEBUG] iteration=2061, ncalls=15168, regioncalls=67584, ndraw=128, logz=-120912.15, remainder_fraction=100.0000%, Lmin=-120900.33, Lmax=-10000.00
02:03:14 [ultranest] [DEBUG] iteration=2062, ncalls=15191, regioncalls=67968, ndraw=128, logz=-120911.07, remainder_fraction=100.0000%, Lmin=-120900.32, Lmax=-10000.00
02:03:18 [ultranest] [DEBUG] iteration=2063, ncalls=15201, regioncalls=68096, ndraw=128, logz=-120910.55, remainder_fraction=100.0000%, Lmin=-120900.19, Lmax=-10000.00
02:03:35 [ultranest] [DEBUG] iteration=2064, ncalls=15242, regioncalls=68864, ndraw=128, logz=-120910.18, remainder_fraction=100.0000%, Lmin=-120898.84, Lmax=-10000.00
02:03:38 [ultranest] [DEBUG] iteration=2066, ncalls=15249, regioncalls=68992, ndraw=128, logz=-120908.86, remainder_fraction=100.0000%, Lmin=-120896.65, Lmax=-10000.00
02:03:54 [ultranest] [DEBUG] iteration=2068, ncalls=15288, regioncalls=69504, ndraw=128, logz=-120906.80, remainder_fraction=100.0000%, Lmin=-120896.07, Lmax=-10000.00
02:03:58 [ultranest] [DEBUG] iteration=2069, ncalls=15300, regioncalls=69632, ndraw=128, logz=-120906.30, remainder_fraction=100.0000%, Lmin=-120895.60, Lmax=-10000.00
02:04:07 [ultranest] [DEBUG] iteration=2070, ncalls=15326, regioncalls=70016, ndraw=128, logz=-120905.81, remainder_fraction=100.0000%, Lmin=-120894.65, Lmax=-10000.00
02:04:13 [ultranest] [DEBUG] iteration=2072, ncalls=15337, regioncalls=70144, ndraw=128, logz=-120903.45, remainder_fraction=100.0000%, Lmin=-120891.19, Lmax=-10000.00
02:04:16 [ultranest] [DEBUG] iteration=2073, ncalls=15345, regioncalls=70272, ndraw=128, logz=-120902.07, remainder_fraction=100.0000%, Lmin=-120890.99, Lmax=-10000.00
02:04:25 [ultranest] [DEBUG] iteration=2074, ncalls=15364, regioncalls=70656, ndraw=128, logz=-120901.43, remainder_fraction=100.0000%, Lmin=-120888.82, Lmax=-10000.00
02:04:37 [ultranest] [DEBUG] iteration=2075, ncalls=15398, regioncalls=71168, ndraw=128, logz=-120899.78, remainder_fraction=100.0000%, Lmin=-120886.83, Lmax=-10000.00
02:04:58 [ultranest] [DEBUG] iteration=2078, ncalls=15451, regioncalls=71936, ndraw=128, logz=-120896.60, remainder_fraction=100.0000%, Lmin=-120884.72, Lmax=-10000.00
02:05:02 [ultranest] [DEBUG] iteration=2079, ncalls=15464, regioncalls=72192, ndraw=128, logz=-120895.51, remainder_fraction=100.0000%, Lmin=-120876.44, Lmax=-10000.00
02:05:07 [ultranest] [DEBUG] iteration=2080, ncalls=15475, regioncalls=72448, ndraw=128, logz=-120887.63, remainder_fraction=100.0000%, Lmin=-120874.90, Lmax=-10000.00
02:05:26 [ultranest] [DEBUG] iteration=2081, ncalls=15518, regioncalls=72960, ndraw=128, logz=-120885.89, remainder_fraction=100.0000%, Lmin=-120873.10, Lmax=-10000.00
02:05:35 [ultranest] [DEBUG] iteration=2082, ncalls=15543, regioncalls=73216, ndraw=128, logz=-120884.12, remainder_fraction=100.0000%, Lmin=-120871.29, Lmax=-10000.00
02:05:40 [ultranest] [DEBUG] iteration=2085, ncalls=15551, regioncalls=73344, ndraw=128, logz=-120877.92, remainder_fraction=100.0000%, Lmin=-120865.37, Lmax=-10000.00
02:05:49 [ultranest] [DEBUG] iteration=2086, ncalls=15569, regioncalls=73600, ndraw=128, logz=-120876.34, remainder_fraction=100.0000%, Lmin=-120864.88, Lmax=-10000.00
02:05:55 [ultranest] [DEBUG] iteration=2088, ncalls=15582, regioncalls=73728, ndraw=128, logz=-120872.95, remainder_fraction=100.0000%, Lmin=-120861.12, Lmax=-10000.00
02:05:59 [ultranest] [DEBUG] iteration=2089, ncalls=15591, regioncalls=73856, ndraw=128, logz=-120871.90, remainder_fraction=100.0000%, Lmin=-120859.38, Lmax=-10000.00
02:06:09 [ultranest] [DEBUG] iteration=2091, ncalls=15613, regioncalls=74112, ndraw=128, logz=-120867.19, remainder_fraction=100.0000%, Lmin=-120855.50, Lmax=-10000.00
02:06:17 [ultranest] [DEBUG] iteration=2093, ncalls=15632, regioncalls=74368, ndraw=128, logz=-120865.75, remainder_fraction=100.0000%, Lmin=-120851.91, Lmax=-10000.00
02:06:21 [ultranest] [DEBUG] iteration=2094, ncalls=15639, regioncalls=74496, ndraw=128, logz=-120863.07, remainder_fraction=100.0000%, Lmin=-120850.43, Lmax=-10000.00
02:06:27 [ultranest] [DEBUG] iteration=2096, ncalls=15650, regioncalls=74624, ndraw=128, logz=-120860.25, remainder_fraction=100.0000%, Lmin=-120848.84, Lmax=-10000.00
02:06:34 [ultranest] [DEBUG] iteration=2097, ncalls=15667, regioncalls=74880, ndraw=128, logz=-120859.46, remainder_fraction=100.0000%, Lmin=-120848.22, Lmax=-10000.00
02:06:37 [ultranest] [DEBUG] iteration=2098, ncalls=15673, regioncalls=75008, ndraw=128, logz=-120858.77, remainder_fraction=100.0000%, Lmin=-120845.64, Lmax=-10000.00
02:06:43 [ultranest] [DEBUG] iteration=2099, ncalls=15697, regioncalls=75392, ndraw=128, logz=-120856.74, remainder_fraction=100.0000%, Lmin=-120842.14, Lmax=-10000.00
02:06:51 [ultranest] [DEBUG] iteration=2100, ncalls=15715, regioncalls=75904, ndraw=128, logz=-120853.34, remainder_fraction=100.0000%, Lmin=-120841.69, Lmax=-10000.00
02:06:59 [ultranest] [DEBUG] iteration=2101, ncalls=15739, regioncalls=76288, ndraw=128, logz=-120852.42, remainder_fraction=100.0000%, Lmin=-120839.33, Lmax=-10000.00
02:07:07 [ultranest] [DEBUG] iteration=2103, ncalls=15759, regioncalls=76672, ndraw=128, logz=-120849.22, remainder_fraction=100.0000%, Lmin=-120835.76, Lmax=-10000.00
02:07:14 [ultranest] [DEBUG] iteration=2104, ncalls=15777, regioncalls=76928, ndraw=128, logz=-120846.90, remainder_fraction=100.0000%, Lmin=-120834.52, Lmax=-10000.00
02:07:16 [ultranest] [DEBUG] iteration=2106, ncalls=15783, regioncalls=77056, ndraw=128, logz=-120844.48, remainder_fraction=100.0000%, Lmin=-120833.42, Lmax=-10000.00
02:07:28 [ultranest] [DEBUG] iteration=2107, ncalls=15808, regioncalls=77440, ndraw=128, logz=-120843.88, remainder_fraction=100.0000%, Lmin=-120832.84, Lmax=-10000.00
02:07:32 [ultranest] [DEBUG] iteration=2109, ncalls=15815, regioncalls=77568, ndraw=128, logz=-120842.41, remainder_fraction=100.0000%, Lmin=-120831.33, Lmax=-10000.00
02:07:33 [ultranest] [DEBUG] iteration=2110, ncalls=15823, regioncalls=77696, ndraw=128, logz=-120841.80, remainder_fraction=100.0000%, Lmin=-120831.15, Lmax=-10000.00
02:07:40 [ultranest] [DEBUG] iteration=2111, ncalls=15840, regioncalls=77952, ndraw=128, logz=-120841.37, remainder_fraction=100.0000%, Lmin=-120825.54, Lmax=-10000.00
02:07:47 [ultranest] [DEBUG] iteration=2114, ncalls=15855, regioncalls=78208, ndraw=128, logz=-120828.30, remainder_fraction=100.0000%, Lmin=-120816.52, Lmax=-10000.00
02:07:55 [ultranest] [DEBUG] iteration=2116, ncalls=15879, regioncalls=78464, ndraw=128, logz=-120823.89, remainder_fraction=100.0000%, Lmin=-120812.30, Lmax=-10000.00
02:08:04 [ultranest] [DEBUG] iteration=2119, ncalls=15893, regioncalls=78720, ndraw=128, logz=-120818.22, remainder_fraction=100.0000%, Lmin=-120803.62, Lmax=-10000.00
02:08:04 [ultranest] [DEBUG] iteration=2120, ncalls=15893, regioncalls=78720, ndraw=128, logz=-120814.87, remainder_fraction=100.0000%, Lmin=-120798.63, Lmax=-10000.00
02:08:06 [ultranest] [DEBUG] iteration=2121, ncalls=15900, regioncalls=78848, ndraw=128, logz=-120809.91, remainder_fraction=100.0000%, Lmin=-120797.44, Lmax=-10000.00
02:08:08 [ultranest] [DEBUG] iteration=2122, ncalls=15905, regioncalls=78976, ndraw=128, logz=-120808.47, remainder_fraction=100.0000%, Lmin=-120797.04, Lmax=-10000.00
02:08:12 [ultranest] [DEBUG] iteration=2123, ncalls=15913, regioncalls=79104, ndraw=128, logz=-120807.71, remainder_fraction=100.0000%, Lmin=-120795.32, Lmax=-10000.00
02:08:17 [ultranest] [DEBUG] iteration=2124, ncalls=15926, regioncalls=79232, ndraw=128, logz=-120806.33, remainder_fraction=100.0000%, Lmin=-120794.35, Lmax=-10000.00
02:08:23 [ultranest] [DEBUG] iteration=2125, ncalls=15937, regioncalls=79488, ndraw=128, logz=-120805.24, remainder_fraction=100.0000%, Lmin=-120793.32, Lmax=-10000.00
02:08:25 [ultranest] [DEBUG] iteration=2126, ncalls=15943, regioncalls=79744, ndraw=128, logz=-120804.19, remainder_fraction=100.0000%, Lmin=-120790.93, Lmax=-10000.00
02:08:31 [ultranest] [DEBUG] iteration=2128, ncalls=15956, regioncalls=80000, ndraw=128, logz=-120800.96, remainder_fraction=100.0000%, Lmin=-120786.84, Lmax=-10000.00
02:08:36 [ultranest] [DEBUG] iteration=2129, ncalls=15964, regioncalls=80128, ndraw=128, logz=-120798.10, remainder_fraction=100.0000%, Lmin=-120780.05, Lmax=-10000.00
02:08:42 [ultranest] [DEBUG] iteration=2130, ncalls=15975, regioncalls=80256, ndraw=128, logz=-120791.36, remainder_fraction=100.0000%, Lmin=-120778.01, Lmax=-10000.00
02:09:08 [ultranest] [DEBUG] iteration=2131, ncalls=16031, regioncalls=81152, ndraw=128, logz=-120789.21, remainder_fraction=100.0000%, Lmin=-120776.14, Lmax=-10000.00
02:09:13 [ultranest] [DEBUG] iteration=2133, ncalls=16040, regioncalls=81408, ndraw=128, logz=-120786.64, remainder_fraction=100.0000%, Lmin=-120774.57, Lmax=-10000.00
02:09:25 [ultranest] [DEBUG] iteration=2134, ncalls=16073, regioncalls=82048, ndraw=128, logz=-120785.51, remainder_fraction=100.0000%, Lmin=-120772.52, Lmax=-10000.00
02:09:37 [ultranest] [DEBUG] iteration=2135, ncalls=16100, regioncalls=82432, ndraw=128, logz=-120783.67, remainder_fraction=100.0000%, Lmin=-120771.41, Lmax=-10000.00
02:09:41 [ultranest] [DEBUG] iteration=2136, ncalls=16108, regioncalls=82560, ndraw=128, logz=-120782.41, remainder_fraction=100.0000%, Lmin=-120767.43, Lmax=-10000.00
02:09:49 [ultranest] [DEBUG] iteration=2137, ncalls=16124, regioncalls=82816, ndraw=128, logz=-120778.74, remainder_fraction=100.0000%, Lmin=-120765.78, Lmax=-10000.00
02:10:01 [ultranest] [DEBUG] iteration=2138, ncalls=16153, regioncalls=83328, ndraw=128, logz=-120776.93, remainder_fraction=100.0000%, Lmin=-120762.57, Lmax=-10000.00
02:10:07 [ultranest] [DEBUG] iteration=2139, ncalls=16164, regioncalls=83456, ndraw=128, logz=-120773.86, remainder_fraction=100.0000%, Lmin=-120760.81, Lmax=-10000.00
02:10:10 [ultranest] [DEBUG] iteration=2141, ncalls=16171, regioncalls=83584, ndraw=128, logz=-120763.54, remainder_fraction=100.0000%, Lmin=-120746.55, Lmax=-10000.00
02:10:20 [ultranest] [DEBUG] iteration=2142, ncalls=16188, regioncalls=83968, ndraw=128, logz=-120757.89, remainder_fraction=100.0000%, Lmin=-120745.24, Lmax=-10000.00
02:10:25 [ultranest] [DEBUG] iteration=2143, ncalls=16205, regioncalls=84224, ndraw=128, logz=-120756.34, remainder_fraction=100.0000%, Lmin=-120742.01, Lmax=-10000.00
02:10:35 [ultranest] [DEBUG] iteration=2144, ncalls=16226, regioncalls=84608, ndraw=128, logz=-120753.31, remainder_fraction=100.0000%, Lmin=-120740.94, Lmax=-10000.00
02:10:40 [ultranest] [DEBUG] iteration=2145, ncalls=16236, regioncalls=84736, ndraw=128, logz=-120751.99, remainder_fraction=100.0000%, Lmin=-120739.21, Lmax=-10000.00
02:10:45 [ultranest] [DEBUG] iteration=2147, ncalls=16248, regioncalls=84864, ndraw=128, logz=-120743.60, remainder_fraction=100.0000%, Lmin=-120732.20, Lmax=-10000.00
02:10:50 [ultranest] [DEBUG] iteration=2150, ncalls=16256, regioncalls=84992, ndraw=128, logz=-120738.15, remainder_fraction=100.0000%, Lmin=-120719.03, Lmax=-10000.00
02:10:54 [ultranest] [DEBUG] iteration=2151, ncalls=16267, regioncalls=85120, ndraw=128, logz=-120730.40, remainder_fraction=100.0000%, Lmin=-120718.50, Lmax=-10000.00
02:11:07 [ultranest] [DEBUG] iteration=2152, ncalls=16291, regioncalls=85504, ndraw=128, logz=-120729.41, remainder_fraction=100.0000%, Lmin=-120715.99, Lmax=-10000.00
02:11:13 [ultranest] [DEBUG] iteration=2154, ncalls=16303, regioncalls=85632, ndraw=128, logz=-120724.39, remainder_fraction=100.0000%, Lmin=-120711.63, Lmax=-10000.00
02:11:22 [ultranest] [DEBUG] iteration=2155, ncalls=16320, regioncalls=85888, ndraw=128, logz=-120722.78, remainder_fraction=100.0000%, Lmin=-120710.20, Lmax=-10000.00
02:11:26 [ultranest] [DEBUG] iteration=2157, ncalls=16326, regioncalls=86016, ndraw=128, logz=-120715.98, remainder_fraction=100.0000%, Lmin=-120703.47, Lmax=-10000.00
02:11:27 [ultranest] [DEBUG] iteration=2158, ncalls=16329, regioncalls=86144, ndraw=128, logz=-120714.57, remainder_fraction=100.0000%, Lmin=-120702.78, Lmax=-10000.00
02:11:33 [ultranest] [DEBUG] iteration=2159, ncalls=16338, regioncalls=86272, ndraw=128, logz=-120713.65, remainder_fraction=100.0000%, Lmin=-120684.98, Lmax=-10000.00
02:11:33 [ultranest] [DEBUG] iteration=2160, ncalls=16338, regioncalls=86272, ndraw=128, logz=-120696.37, remainder_fraction=100.0000%, Lmin=-120683.41, Lmax=-10000.00
02:11:50 [ultranest] [DEBUG] iteration=2161, ncalls=16374, regioncalls=87040, ndraw=128, logz=-120694.61, remainder_fraction=100.0000%, Lmin=-120666.79, Lmax=-10000.00
02:11:59 [ultranest] [DEBUG] iteration=2162, ncalls=16391, regioncalls=87296, ndraw=128, logz=-120678.18, remainder_fraction=100.0000%, Lmin=-120663.97, Lmax=-10000.00
02:12:06 [ultranest] [DEBUG] iteration=2163, ncalls=16406, regioncalls=87552, ndraw=128, logz=-120675.31, remainder_fraction=100.0000%, Lmin=-120658.97, Lmax=-10000.00
02:12:14 [ultranest] [DEBUG] iteration=2165, ncalls=16423, regioncalls=87936, ndraw=128, logz=-120664.10, remainder_fraction=100.0000%, Lmin=-120649.73, Lmax=-10000.00
02:12:23 [ultranest] [DEBUG] iteration=2166, ncalls=16440, regioncalls=88448, ndraw=128, logz=-120661.09, remainder_fraction=100.0000%, Lmin=-120643.41, Lmax=-10000.00
02:12:26 [ultranest] [DEBUG] iteration=2167, ncalls=16444, regioncalls=88576, ndraw=128, logz=-120654.81, remainder_fraction=100.0000%, Lmin=-120628.94, Lmax=-10000.00
02:12:40 [ultranest] [DEBUG] iteration=2168, ncalls=16472, regioncalls=88960, ndraw=128, logz=-120640.35, remainder_fraction=100.0000%, Lmin=-120628.94, Lmax=-10000.00
02:12:43 [ultranest] [DEBUG] iteration=2170, ncalls=16478, regioncalls=89088, ndraw=128, logz=-120637.99, remainder_fraction=100.0000%, Lmin=-120614.59, Lmax=-10000.00
02:12:57 [ultranest] [DEBUG] iteration=2171, ncalls=16510, regioncalls=89600, ndraw=128, logz=-120626.00, remainder_fraction=100.0000%, Lmin=-120614.24, Lmax=-10000.00
02:13:01 [ultranest] [DEBUG] iteration=2172, ncalls=16517, regioncalls=89728, ndraw=128, logz=-120625.12, remainder_fraction=100.0000%, Lmin=-120606.82, Lmax=-10000.00
02:13:09 [ultranest] [DEBUG] iteration=2173, ncalls=16530, regioncalls=89856, ndraw=128, logz=-120618.25, remainder_fraction=100.0000%, Lmin=-120606.68, Lmax=-10000.00
02:13:18 [ultranest] [DEBUG] iteration=2174, ncalls=16549, regioncalls=90112, ndraw=128, logz=-120617.48, remainder_fraction=100.0000%, Lmin=-120588.18, Lmax=-10000.00
02:13:23 [ultranest] [DEBUG] iteration=2175, ncalls=16558, regioncalls=90368, ndraw=128, logz=-120599.60, remainder_fraction=100.0000%, Lmin=-120584.43, Lmax=-10000.00
02:13:36 [ultranest] [DEBUG] iteration=2176, ncalls=16584, regioncalls=90880, ndraw=128, logz=-120595.84, remainder_fraction=100.0000%, Lmin=-120580.36, Lmax=-10000.00
02:13:45 [ultranest] [DEBUG] iteration=2177, ncalls=16604, regioncalls=91264, ndraw=128, logz=-120591.78, remainder_fraction=100.0000%, Lmin=-120557.15, Lmax=-10000.00
02:13:51 [ultranest] [DEBUG] iteration=2178, ncalls=16617, regioncalls=91520, ndraw=128, logz=-120568.59, remainder_fraction=100.0000%, Lmin=-120553.23, Lmax=-10000.00
02:13:59 [ultranest] [DEBUG] iteration=2179, ncalls=16638, regioncalls=91904, ndraw=128, logz=-120564.65, remainder_fraction=100.0000%, Lmin=-120545.75, Lmax=-10000.00
02:14:04 [ultranest] [DEBUG] iteration=2180, ncalls=16649, regioncalls=92032, ndraw=128, logz=-120557.19, remainder_fraction=100.0000%, Lmin=-120541.97, Lmax=-10000.00
02:14:10 [ultranest] [DEBUG] iteration=2182, ncalls=16658, regioncalls=92160, ndraw=128, logz=-120548.57, remainder_fraction=100.0000%, Lmin=-120531.97, Lmax=-10000.00
02:14:16 [ultranest] [DEBUG] iteration=2184, ncalls=16671, regioncalls=92416, ndraw=128, logz=-120529.97, remainder_fraction=100.0000%, Lmin=-120518.40, Lmax=-10000.00
02:14:24 [ultranest] [DEBUG] iteration=2185, ncalls=16688, regioncalls=92672, ndraw=128, logz=-120529.22, remainder_fraction=100.0000%, Lmin=-120512.54, Lmax=-10000.00
02:14:25 [ultranest] [DEBUG] iteration=2186, ncalls=16691, regioncalls=92800, ndraw=128, logz=-120523.99, remainder_fraction=100.0000%, Lmin=-120504.08, Lmax=-10000.00
02:14:30 [ultranest] [DEBUG] iteration=2187, ncalls=16698, regioncalls=92928, ndraw=128, logz=-120515.53, remainder_fraction=100.0000%, Lmin=-120496.92, Lmax=-10000.00
02:14:45 [ultranest] [DEBUG] iteration=2189, ncalls=16727, regioncalls=93440, ndraw=128, logz=-120490.71, remainder_fraction=100.0000%, Lmin=-120471.16, Lmax=-10000.00
02:15:02 [ultranest] [DEBUG] iteration=2190, ncalls=16759, regioncalls=93952, ndraw=128, logz=-120482.63, remainder_fraction=100.0000%, Lmin=-120469.41, Lmax=-10000.00
02:15:11 [ultranest] [DEBUG] iteration=2191, ncalls=16776, regioncalls=94336, ndraw=128, logz=-120480.72, remainder_fraction=100.0000%, Lmin=-120460.81, Lmax=-10000.00
02:15:20 [ultranest] [DEBUG] iteration=2192, ncalls=16794, regioncalls=94720, ndraw=128, logz=-120472.28, remainder_fraction=100.0000%, Lmin=-120428.50, Lmax=-10000.00
02:15:25 [ultranest] [DEBUG] iteration=2193, ncalls=16805, regioncalls=94976, ndraw=128, logz=-120439.98, remainder_fraction=100.0000%, Lmin=-120369.35, Lmax=-10000.00
02:15:30 [ultranest] [DEBUG] iteration=2194, ncalls=16814, regioncalls=95104, ndraw=128, logz=-120380.82, remainder_fraction=100.0000%, Lmin=-120350.27, Lmax=-10000.00
02:15:40 [ultranest] [DEBUG] iteration=2195, ncalls=16830, regioncalls=95488, ndraw=128, logz=-120361.75, remainder_fraction=100.0000%, Lmin=-120302.20, Lmax=-10000.00
02:15:52 [ultranest] [DEBUG] iteration=2196, ncalls=16853, regioncalls=96000, ndraw=128, logz=-120313.68, remainder_fraction=100.0000%, Lmin=-120121.45, Lmax=-10000.00
02:15:55 [ultranest] [DEBUG] iteration=2197, ncalls=16857, regioncalls=96128, ndraw=128, logz=-120132.94, remainder_fraction=100.0000%, Lmin=-120112.57, Lmax=-10000.00
02:15:55 [ultranest] [INFO] Explored until L=-1e+04  
02:15:55 [ultranest] [INFO] Likelihood function evaluations: 16857
02:15:55 [ultranest] [INFO] Writing samples and results to disk ...
02:15:55 [ultranest] [INFO] Writing samples and results to disk ... done
02:15:55 [ultranest] [DEBUG] did a run_iter pass!
02:15:55 [ultranest] [INFO]   logZ = -1.001e+04 +- 0.09818
02:15:55 [ultranest] [INFO] Effective samples strategy satisfied (ESS = 400.0, need >400)
02:15:55 [ultranest] [INFO] Posterior uncertainty strategy is satisfied (KL: 0.45+-0.06 nat, need <0.50 nat)
02:15:55 [ultranest] [INFO] Evidency uncertainty strategy is satisfied (dlogz=0.70, need <0.5)
02:15:55 [ultranest] [INFO]   logZ error budget: single: 0.17 bs:0.10 tail:0.69 total:0.70 required:<0.50
02:15:55 [ultranest] [INFO] done iterating.
